2018-12-04T22:51:46.150Z [[32minfo[39m] 	Starting TrueAutomation.IO client
2018-12-04T22:51:46.150Z [[32minfo[39m] 	API key: cf2038a3-013f-4b20-9362-8f0c1b91919d
2018-12-04T22:51:46.151Z [[32minfo[39m] 	Project name: TAEP-homepage
2018-12-04T22:51:46.151Z [[32minfo[39m] 	Cloud server: https://app.trueautomation.io
2018-12-04T22:51:46.151Z [[32minfo[39m] 	Starting chromeDriver /Users/delight/.trueautomation/chromedriver/chromedriver_mac64_2.44 on port 9516...
2018-12-04T22:51:47.581Z [[32minfo[39m] 	TrueAutomation.IO Client is listening on port 9515
2018-12-04T22:51:49.943Z [[32minfo[39m] 	0 Create session response: {"sessionId":"5cee4626898f84644099af581f0b6be9","status":0,"value":{"acceptInsecureCerts":false,"acceptSslCerts":false,"applicationCacheEnabled":false,"browserConnectionEnabled":false,"browserName":"chrome","chrome":{"chromedriverVersion":"2.44.609545 (c2f88692e98ce7233d2df7c724465ecacfe74df5)","userDataDir":"/var/folders/s2/z5gqzlh91gq2thydw9h4p3yh0000gn/T/.org.chromium.Chromium.DhDm7l"},"cssSelectorsEnabled":true,"databaseEnabled":false,"goog:chromeOptions":{"debuggerAddress":"localhost:51431"},"handlesAlerts":true,"hasTouchScreen":false,"javascriptEnabled":true,"locationContextEnabled":true,"mobileEmulationEnabled":false,"nativeEvents":true,"networkConnectionEnabled":false,"pageLoadStrategy":"normal","platform":"Mac OS X","rotatable":false,"setWindowRect":true,"takesHeapSnapshot":true,"takesScreenshot":true,"unexpectedAlertBehaviour":"ignore","version":"70.0.3538.110","webStorageEnabled":true}}
2018-12-04T22:51:49.969Z [[32minfo[39m] 	1 Sending POST request to http://localhost:9516/session/5cee4626898f84644099af581f0b6be9/url:  {"url":"https://trueautomation.io/"}
2018-12-04T22:51:55.779Z [[32minfo[39m] 	2 Sending elements request to http://localhost:9516/session/5cee4626898f84644099af581f0b6be9:  {"using":"css selector","value":"a.login-btn__ta__trueautomationio:home:loginBtn__ta__"}
2018-12-04T22:51:56.172Z [[32minfo[39m] 	2 Element record result: {"entity":"{\"tag\":\"A\",\"class\":null,\"id\":null,\"attrs\":{\"class\":\"login-btn\",\"href\":\"https://app.trueautomation.io/auth/signin\"},\"addr\":\"0.1.0.0.0.1.0.1.0\",\"content\":[],\"css\":{\"backgroundColor\":\"rgba(0, 0, 0, 0)\",\"width\":\"100px\",\"content\":\"normal\",\"borderTop\":\"2px solid rgb(238, 108, 77)\",\"borderLeft\":\"2px solid rgb(238, 108, 77)\",\"fontFamily\":\"Montserrat, sans-serif\",\"visibility\":\"visible\",\"paddingTop\":\"3px\",\"border\":\"2px solid rgb(238, 108, 77)\",\"justifyContent\":\"normal\",\"textShadow\":\"none\",\"maxHeight\":\"none\",\"opacity\":\"1\",\"borderRadius\":\"10px\",\"padding\":\"3px 0px\",\"textAlign\":\"center\",\"outline\":\"rgb(238, 108, 77) none 0px\",\"paddingBottom\":\"3px\",\"lineHeight\":\"20.7px\",\"textTransform\":\"none\",\"borderBottom\":\"2px solid rgb(238, 108, 77)\",\"height\":\"30px\",\"fontWeight\":\"400\",\"paddingRight\":\"0px\",\"zIndex\":\"auto\",\"overflow\":\"visible\",\"borderWidth\":\"2px\",\"display\":\"block\",\"font\":\"normal normal 400 normal 18px / 20.7px Montserrat, sans-serif\",\"borderRight\":\"2px solid rgb(238, 108, 77)\",\"paddingLeft\":\"0px\",\"backgroundImage\":\"none\",\"borderColor\":\"rgb(238, 108, 77)\",\"color\":\"rgb(238, 108, 77)\",\"position\":\"static\",\"maxWidth\":\"none\",\"background\":\"rgba(0, 0, 0, 0) none repeat scroll 0% 0% / auto padding-box border-box\"}}","locator":"a.login-btn","locatorType":"css selector","name":"trueautomationio:home:loginBtn","uuid":"trueautomationio:home:loginBtn2a.login-btn"}
2018-12-04T22:51:56.172Z [[32minfo[39m] 	2 Elements locator: {"value":"a.login-btn","using":"css selector"}
2018-12-04T22:51:56.191Z [[32minfo[39m] 	2 Elements response: {"sessionId":"5cee4626898f84644099af581f0b6be9","status":0,"value":[{"ELEMENT":"0.3385110638138842-1"}]}
2018-12-04T22:51:56.196Z [[32minfo[39m] 	3 Sending GET request to http://localhost:9516/session/5cee4626898f84644099af581f0b6be9/element/0.3385110638138842-1/displayed:  {}
2018-12-04T22:51:56.214Z [[32minfo[39m] 	4 Sending POST request to http://localhost:9516/session/5cee4626898f84644099af581f0b6be9/element/0.3385110638138842-1/click:  {}
2018-12-04T22:51:58.090Z [[32minfo[39m] 	5 Sending elements request to http://localhost:9516/session/5cee4626898f84644099af581f0b6be9:  {"using":"css selector","value":"div.sign-up-container > a__ta__trueautomationio:signin:signupBtn__ta__"}
2018-12-04T22:51:58.111Z [[32minfo[39m] 	5 Enum nodes response:  {"sessionId":"5cee4626898f84644099af581f
2018-12-04T22:51:58.124Z [[32minfo[39m] 	5 Elements locator: {"value":"/*[1]/*[2]/*[1]/*[1]/*[2]/*[2]","using":"xpath"}
2018-12-04T22:51:58.150Z [[32minfo[39m] 	5 Elements response: {"sessionId":"5cee4626898f84644099af581f0b6be9","status":0,"value":[{"ELEMENT":"0.5275739198366707-1"}]}
2018-12-04T22:51:58.152Z [[32minfo[39m] 	6 Sending GET request to http://localhost:9516/session/5cee4626898f84644099af581f0b6be9/element/0.5275739198366707-1/displayed:  {}
2018-12-04T22:51:58.170Z [[32minfo[39m] 	7 Sending POST request to http://localhost:9516/session/5cee4626898f84644099af581f0b6be9/element/0.5275739198366707-1/click:  {}
2018-12-04T22:51:58.775Z [[32minfo[39m] 	8 Sending elements request to http://localhost:9516/session/5cee4626898f84644099af581f0b6be9:  {"using":"xpath","value":"./descendant::*[self::input | self::textarea][not(((((((./@type = 'submit') or (./@type = 'image')) or (./@type = 'radio')) or (./@type = 'checkbox')) or (./@type = 'hidden')) or (./@type = 'file')))][((((./@id = 'email__ta__trueautomationio:signup:email__ta__') or (./@name = 'email__ta__trueautomationio:signup:email__ta__')) or (./@placeholder = 'email__ta__trueautomationio:signup:email__ta__')) or (./@id = //label[(normalize-space(string(.)) = 'email__ta__trueautomationio:signup:email__ta__')]/@for))] | .//label[(normalize-space(string(.)) = 'email__ta__trueautomationio:signup:email__ta__')]//./descendant::*[self::input | self::textarea][not(((((((./@type = 'submit') or (./@type = 'image')) or (./@type = 'radio')) or (./@type = 'checkbox')) or (./@type = 'hidden')) or (./@type = 'file')))]"}
2018-12-04T22:51:58.814Z [[32minfo[39m] 	8 Element record result: {"entity":"{\"tag\":\"INPUT\",\"class\":null,\"id\":null,\"attrs\":{\"type\":\"text\",\"value\":\"\",\"placeholder\":\"Email\",\"name\":\"email\"},\"addr\":\"0.1.0.1.2.1.0\",\"content\":[],\"css\":{\"opacity\":\"1\",\"position\":\"static\",\"textTransform\":\"none\",\"backgroundImage\":\"none\",\"display\":\"inline-block\",\"borderWidth\":\"2px\",\"textAlign\":\"center\",\"outline\":\"rgb(255, 255, 255) none 0px\",\"width\":\"350px\",\"maxWidth\":\"none\",\"paddingTop\":\"15px\",\"visibility\":\"visible\",\"fontWeight\":\"400\",\"color\":\"rgb(255, 255, 255)\",\"justifyContent\":\"normal\",\"paddingBottom\":\"15px\",\"font\":\"normal normal 400 normal 18px / 20.7px Montserrat, sans-serif\",\"textShadow\":\"none\",\"overflow\":\"visible\",\"maxHeight\":\"none\",\"paddingLeft\":\"20px\",\"borderBottom\":\"2px solid rgb(255, 255, 255)\",\"paddingRight\":\"20px\",\"borderTop\":\"2px solid rgb(255, 255, 255)\",\"borderRight\":\"2px solid rgb(255, 255, 255)\",\"fontFamily\":\"Montserrat, sans-serif\",\"padding\":\"15px 20px\",\"borderRadius\":\"10px\",\"borderColor\":\"rgb(255, 255, 255)\",\"zIndex\":\"auto\",\"border\":\"2px solid rgb(255, 255, 255)\",\"background\":\"rgba(0, 0, 0, 0) none repeat scroll 0% 0% / auto padding-box border-box\",\"borderLeft\":\"2px solid rgb(255, 255, 255)\",\"content\":\"normal\",\"height\":\"50px\",\"lineHeight\":\"20.7px\",\"backgroundColor\":\"rgba(0, 0, 0, 0)\"}}","locator":"./descendant::*[self::input | self::textarea][not(((((((./@type = 'submit') or (./@type = 'image')) or (./@type = 'radio')) or (./@type = 'checkbox')) or (./@type = 'hidden')) or (./@type = 'file')))][((((./@id = 'email') or (./@name = 'email')) or (./@placeholder = 'email')) or (./@id = //label[(normalize-space(string(.)) = 'email')]/@for))] | .//label[(normalize-space(string(.)) = 'email')]//./descendant::*[self::input | self::textarea][not(((((((./@type = 'submit') or (./@type = 'image')) or (./@type = 'radio')) or (./@type = 'checkbox')) or (./@type = 'hidden')) or (./@type = 'file')))]","locatorType":"xpath","name":"trueautomationio:signup:email","uuid":"trueautomationio:signup:email8./descendant::*[self::input | self::textarea][not(((((((./@type = 'submit') or (./@type = 'image')) or (./@type = 'radio')) or (./@type = 'checkbox')) or (./@type = 'hidden')) or (./@type = 'file')))][((((./@id = 'email') or (./@name = 'email')) or (./@placeholder = 'email')) or (./@id = //label[(normalize-space(string(.)) = 'email')]/@for))] | .//label[(normalize-space(string(.)) = 'email')]//./descendant::*[self::input | self::textarea][not(((((((./@type = 'submit') or (./@type = 'image')) or (./@type = 'radio')) or (./@type = 'checkbox')) or (./@type = 'hidden')) or (./@type = 'file')))]"}
2018-12-04T22:51:58.814Z [[32minfo[39m] 	8 Elements locator: {"value":"./descendant::*[self::input | self::textarea][not(((((((./@type = 'submit') or (./@type = 'image')) or (./@type = 'radio')) or (./@type = 'checkbox')) or (./@type = 'hidden')) or (./@type = 'file')))][((((./@id = 'email') or (./@name = 'email')) or (./@placeholder = 'email')) or (./@id = //label[(normalize-space(string(.)) = 'email')]/@for))] | .//label[(normalize-space(string(.)) = 'email')]//./descendant::*[self::input | self::textarea][not(((((((./@type = 'submit') or (./@type = 'image')) or (./@type = 'radio')) or (./@type = 'checkbox')) or (./@type = 'hidden')) or (./@type = 'file')))]","using":"xpath"}
2018-12-04T22:51:58.852Z [[32minfo[39m] 	8 Elements response: {"sessionId":"5cee4626898f84644099af581f0b6be9","status":0,"value":[{"ELEMENT":"0.27440680658992633-1"}]}
2018-12-04T22:51:58.857Z [[32minfo[39m] 	9 Sending GET request to http://localhost:9516/session/5cee4626898f84644099af581f0b6be9/element/0.27440680658992633-1/displayed:  {}
2018-12-04T22:51:58.887Z [[32minfo[39m] 	10 Sending GET request to http://localhost:9516/session/5cee4626898f84644099af581f0b6be9/element/0.27440680658992633-1/enabled:  {}
2018-12-04T22:51:58.904Z [[32minfo[39m] 	11 Sending GET request to http://localhost:9516/session/5cee4626898f84644099af581f0b6be9/element/0.27440680658992633-1/name:  {}
2018-12-04T22:51:58.913Z [[32minfo[39m] 	12 Sending GET request to http://localhost:9516/session/5cee4626898f84644099af581f0b6be9/element/0.27440680658992633-1/attribute/readonly:  {}
2018-12-04T22:51:58.923Z [[32minfo[39m] 	13 Sending GET request to http://localhost:9516/session/5cee4626898f84644099af581f0b6be9/element/0.27440680658992633-1/name:  {}
2018-12-04T22:51:58.931Z [[32minfo[39m] 	14 Sending GET request to http://localhost:9516/session/5cee4626898f84644099af581f0b6be9/element/0.27440680658992633-1/attribute/type:  {}
2018-12-04T22:51:58.941Z [[32minfo[39m] 	15 Sending POST request to http://localhost:9516/session/5cee4626898f84644099af581f0b6be9/execute:  {"script":"arguments[0].value = ''","args":[{"ELEMENT":"0.27440680658992633-1"}]}
2018-12-04T22:51:58.950Z [[32minfo[39m] 	16 Sending POST request to http://localhost:9516/session/5cee4626898f84644099af581f0b6be9/element/0.27440680658992633-1/value:  {"value":["your@mail.com"]}
2018-12-04T22:52:02.088Z [[32minfo[39m] 	17 Sending GET request to http://localhost:9516/session/5cee4626898f84644099af581f0b6be9/window_handles:  {}
2018-12-04T22:52:02.095Z [[32minfo[39m] 	18 Sending POST request to http://localhost:9516/session/5cee4626898f84644099af581f0b6be9/window:  {"name":"CDwindow-E5DD511CA42ABF9A6242AC7E581A2C7D"}
2018-12-04T22:52:02.102Z [[32minfo[39m] 	19 Sending GET request to http://localhost:9516/session/5cee4626898f84644099af581f0b6be9/window_handles:  {}
2018-12-04T22:52:02.112Z [[32minfo[39m] 	20 Sending POST request to http://localhost:9516/session/5cee4626898f84644099af581f0b6be9/goog/cdp/execute:  {"cmd":"Network.clearBrowserCookies","params":{}}
2018-12-04T22:52:02.123Z [[32minfo[39m] 	21 Sending DELETE request to http://localhost:9516/session/5cee4626898f84644099af581f0b6be9/session_storage:  {}
2018-12-04T22:52:02.130Z [[32minfo[39m] 	22 Sending DELETE request to http://localhost:9516/session/5cee4626898f84644099af581f0b6be9/local_storage:  {}
2018-12-04T22:52:02.137Z [[32minfo[39m] 	23 Sending POST request to http://localhost:9516/session/5cee4626898f84644099af581f0b6be9/url:  {"url":"about:blank"}
2018-12-04T22:52:02.173Z [[32minfo[39m] 	24 Sending elements request to http://localhost:9516/session/5cee4626898f84644099af581f0b6be9:  {"using":"xpath","value":"/html/body/*"}
2018-12-04T22:52:02.173Z [[32minfo[39m] 	24 Elements locator: {"value":"/html/body/*","using":"xpath"}
2018-12-04T22:52:02.190Z [[32minfo[39m] 	24 Elements response: {"sessionId":"5cee4626898f84644099af581f0b6be9","status":0,"value":[]}
2018-12-04T22:52:02.204Z [[32minfo[39m] 	25 Sending DELETE request to http://localhost:9516/session/5cee4626898f84644099af581f0b6be9:  {}
2018-12-04T22:52:02.302Z [[32minfo[39m] 	Sync elements
2018-12-04T22:52:03.701Z [[32minfo[39m] 	Stopping driver
