2018-12-05T00:04:59.699Z [[32minfo[39m] 	Starting TrueAutomation.IO client
2018-12-05T00:04:59.700Z [[32minfo[39m] 	API key: cf2038a3-013f-4b20-9362-8f0c1b91919d
2018-12-05T00:04:59.700Z [[32minfo[39m] 	Project name: TAEP-homepage
2018-12-05T00:04:59.700Z [[32minfo[39m] 	Cloud server: https://app.trueautomation.io
2018-12-05T00:04:59.700Z [[32minfo[39m] 	Starting chromeDriver /Users/delight/.trueautomation/chromedriver/chromedriver_mac64_2.44 on port 9516...
2018-12-05T00:05:00.257Z [[32minfo[39m] 	TrueAutomation.IO Client is listening on port 9515
2018-12-05T00:05:01.622Z [[32minfo[39m] 	0 Create session response: {"sessionId":"5561600f18e931907ba7e9447025506f","status":0,"value":{"acceptInsecureCerts":false,"acceptSslCerts":false,"applicationCacheEnabled":false,"browserConnectionEnabled":false,"browserName":"chrome","chrome":{"chromedriverVersion":"2.44.609545 (c2f88692e98ce7233d2df7c724465ecacfe74df5)","userDataDir":"/var/folders/s2/z5gqzlh91gq2thydw9h4p3yh0000gn/T/.org.chromium.Chromium.3YloqT"},"cssSelectorsEnabled":true,"databaseEnabled":false,"goog:chromeOptions":{"debuggerAddress":"localhost:61271"},"handlesAlerts":true,"hasTouchScreen":false,"javascriptEnabled":true,"locationContextEnabled":true,"mobileEmulationEnabled":false,"nativeEvents":true,"networkConnectionEnabled":false,"pageLoadStrategy":"normal","platform":"Mac OS X","rotatable":false,"setWindowRect":true,"takesHeapSnapshot":true,"takesScreenshot":true,"unexpectedAlertBehaviour":"ignore","version":"70.0.3538.110","webStorageEnabled":true}}
2018-12-05T00:05:01.646Z [[32minfo[39m] 	1 Sending POST request to http://localhost:9516/session/5561600f18e931907ba7e9447025506f/url:  {"url":"https://trueautomation.io/"}
2018-12-05T00:05:07.883Z [[32minfo[39m] 	2 Sending elements request to http://localhost:9516/session/5561600f18e931907ba7e9447025506f:  {"using":"css selector","value":"__taonly__trueautomationio:home:loginBtn__taonly__"}
2018-12-05T00:05:08.031Z [[32minfo[39m] 	2 Enum nodes response:  {"sessionId":"5561600f18e931907ba7e94470
2018-12-05T00:05:08.197Z [[32minfo[39m] 	2 Elements locator: {"value":"/*[1]/*[2]/*[1]/*[1]/*[1]/*[2]/*[1]/*[2]/*[1]","using":"xpath"}
2018-12-05T00:05:08.236Z [[32minfo[39m] 	2 Elements response: {"sessionId":"5561600f18e931907ba7e9447025506f","status":0,"value":[{"ELEMENT":"0.9423220904201395-1"}]}
2018-12-05T00:05:08.240Z [[32minfo[39m] 	3 Sending GET request to http://localhost:9516/session/5561600f18e931907ba7e9447025506f/element/0.9423220904201395-1/displayed:  {}
2018-12-05T00:05:08.258Z [[32minfo[39m] 	4 Sending POST request to http://localhost:9516/session/5561600f18e931907ba7e9447025506f/element/0.9423220904201395-1/click:  {}
2018-12-05T00:05:09.983Z [[32minfo[39m] 	5 Sending elements request to http://localhost:9516/session/5561600f18e931907ba7e9447025506f:  {"using":"xpath","value":"./descendant::*[self::input | self::textarea][not(((((((./@type = 'submit') or (./@type = 'image')) or (./@type = 'radio')) or (./@type = 'checkbox')) or (./@type = 'hidden')) or (./@type = 'file')))][((((./@id = '__taonly__trueautomationio:auth:signin:EmailField__taonly__') or (./@name = '__taonly__trueautomationio:auth:signin:EmailField__taonly__')) or (./@placeholder = '__taonly__trueautomationio:auth:signin:EmailField__taonly__')) or (./@id = //label[(normalize-space(string(.)) = '__taonly__trueautomationio:auth:signin:EmailField__taonly__')]/@for))] | .//label[(normalize-space(string(.)) = '__taonly__trueautomationio:auth:signin:EmailField__taonly__')]//./descendant::*[self::input | self::textarea][not(((((((./@type = 'submit') or (./@type = 'image')) or (./@type = 'radio')) or (./@type = 'checkbox')) or (./@type = 'hidden')) or (./@type = 'file')))]"}
2018-12-05T00:05:10.007Z [[32minfo[39m] 	5 Enum nodes response:  {"sessionId":"5561600f18e931907ba7e94470
2018-12-05T00:05:10.036Z [[32minfo[39m] 	5 Elements locator: {"value":"/*[1]/*[2]/*[1]/*[2]/*[3]/*[2]/*[1]","using":"xpath"}
2018-12-05T00:05:10.052Z [[32minfo[39m] 	5 Elements response: {"sessionId":"5561600f18e931907ba7e9447025506f","status":0,"value":[{"ELEMENT":"0.11560736988591569-1"}]}
2018-12-05T00:05:10.055Z [[32minfo[39m] 	6 Sending GET request to http://localhost:9516/session/5561600f18e931907ba7e9447025506f/element/0.11560736988591569-1/displayed:  {}
2018-12-05T00:05:10.077Z [[32minfo[39m] 	7 Sending GET request to http://localhost:9516/session/5561600f18e931907ba7e9447025506f/element/0.11560736988591569-1/enabled:  {}
2018-12-05T00:05:10.092Z [[32minfo[39m] 	8 Sending GET request to http://localhost:9516/session/5561600f18e931907ba7e9447025506f/element/0.11560736988591569-1/name:  {}
2018-12-05T00:05:10.100Z [[32minfo[39m] 	9 Sending GET request to http://localhost:9516/session/5561600f18e931907ba7e9447025506f/element/0.11560736988591569-1/attribute/readonly:  {}
2018-12-05T00:05:10.108Z [[32minfo[39m] 	10 Sending GET request to http://localhost:9516/session/5561600f18e931907ba7e9447025506f/element/0.11560736988591569-1/name:  {}
2018-12-05T00:05:10.116Z [[32minfo[39m] 	11 Sending GET request to http://localhost:9516/session/5561600f18e931907ba7e9447025506f/element/0.11560736988591569-1/attribute/type:  {}
2018-12-05T00:05:10.127Z [[32minfo[39m] 	12 Sending POST request to http://localhost:9516/session/5561600f18e931907ba7e9447025506f/execute:  {"script":"arguments[0].value = ''","args":[{"ELEMENT":"0.11560736988591569-1"}]}
2018-12-05T00:05:10.138Z [[32minfo[39m] 	13 Sending POST request to http://localhost:9516/session/5561600f18e931907ba7e9447025506f/element/0.11560736988591569-1/value:  {"value":["stas.odessa@ua.fm"]}
2018-12-05T00:05:10.296Z [[32minfo[39m] 	14 Sending elements request to http://localhost:9516/session/5561600f18e931907ba7e9447025506f:  {"using":"xpath","value":"./descendant::*[self::input | self::textarea][not(((((((./@type = 'submit') or (./@type = 'image')) or (./@type = 'radio')) or (./@type = 'checkbox')) or (./@type = 'hidden')) or (./@type = 'file')))][((((./@id = '__taonly__trueautomationio:auth:signin:PasswordField__taonly__') or (./@name = '__taonly__trueautomationio:auth:signin:PasswordField__taonly__')) or (./@placeholder = '__taonly__trueautomationio:auth:signin:PasswordField__taonly__')) or (./@id = //label[(normalize-space(string(.)) = '__taonly__trueautomationio:auth:signin:PasswordField__taonly__')]/@for))] | .//label[(normalize-space(string(.)) = '__taonly__trueautomationio:auth:signin:PasswordField__taonly__')]//./descendant::*[self::input | self::textarea][not(((((((./@type = 'submit') or (./@type = 'image')) or (./@type = 'radio')) or (./@type = 'checkbox')) or (./@type = 'hidden')) or (./@type = 'file')))]"}
2018-12-05T00:05:10.313Z [[32minfo[39m] 	14 Enum nodes response:  {"sessionId":"5561600f18e931907ba7e94470
2018-12-05T00:05:10.329Z [[32minfo[39m] 	14 Elements locator: {"value":"/*[1]/*[2]/*[1]/*[2]/*[3]/*[3]/*[1]","using":"xpath"}
2018-12-05T00:05:10.344Z [[32minfo[39m] 	14 Elements response: {"sessionId":"5561600f18e931907ba7e9447025506f","status":0,"value":[{"ELEMENT":"0.11560736988591569-2"}]}
2018-12-05T00:05:10.346Z [[32minfo[39m] 	15 Sending GET request to http://localhost:9516/session/5561600f18e931907ba7e9447025506f/element/0.11560736988591569-2/displayed:  {}
2018-12-05T00:05:10.362Z [[32minfo[39m] 	16 Sending GET request to http://localhost:9516/session/5561600f18e931907ba7e9447025506f/element/0.11560736988591569-2/enabled:  {}
2018-12-05T00:05:10.375Z [[32minfo[39m] 	17 Sending GET request to http://localhost:9516/session/5561600f18e931907ba7e9447025506f/element/0.11560736988591569-2/name:  {}
2018-12-05T00:05:10.383Z [[32minfo[39m] 	18 Sending GET request to http://localhost:9516/session/5561600f18e931907ba7e9447025506f/element/0.11560736988591569-2/attribute/readonly:  {}
2018-12-05T00:05:10.392Z [[32minfo[39m] 	19 Sending GET request to http://localhost:9516/session/5561600f18e931907ba7e9447025506f/element/0.11560736988591569-2/name:  {}
2018-12-05T00:05:10.399Z [[32minfo[39m] 	20 Sending GET request to http://localhost:9516/session/5561600f18e931907ba7e9447025506f/element/0.11560736988591569-2/attribute/type:  {}
2018-12-05T00:05:10.409Z [[32minfo[39m] 	21 Sending POST request to http://localhost:9516/session/5561600f18e931907ba7e9447025506f/execute:  {"script":"arguments[0].value = ''","args":[{"ELEMENT":"0.11560736988591569-2"}]}
2018-12-05T00:05:10.417Z [[32minfo[39m] 	22 Sending POST request to http://localhost:9516/session/5561600f18e931907ba7e9447025506f/element/0.11560736988591569-2/value:  {"value":["7167276Ss"]}
2018-12-05T00:05:10.482Z [[32minfo[39m] 	23 Sending elements request to http://localhost:9516/session/5561600f18e931907ba7e9447025506f:  {"using":"css selector","value":"__taonly__trueautomationio:auth:signin:LoginBtn__taonly__"}
2018-12-05T00:05:10.505Z [[32minfo[39m] 	23 Enum nodes response:  {"sessionId":"5561600f18e931907ba7e94470
2018-12-05T00:05:10.524Z [[32minfo[39m] 	23 Elements locator: {"value":"/*[1]/*[2]/*[1]/*[2]/*[3]/*[5]","using":"xpath"}
2018-12-05T00:05:10.546Z [[32minfo[39m] 	23 Elements response: {"sessionId":"5561600f18e931907ba7e9447025506f","status":0,"value":[{"ELEMENT":"0.11560736988591569-3"}]}
2018-12-05T00:05:10.548Z [[32minfo[39m] 	24 Sending GET request to http://localhost:9516/session/5561600f18e931907ba7e9447025506f/element/0.11560736988591569-3/displayed:  {}
2018-12-05T00:05:10.566Z [[32minfo[39m] 	25 Sending POST request to http://localhost:9516/session/5561600f18e931907ba7e9447025506f/element/0.11560736988591569-3/click:  {}
2018-12-05T00:05:12.797Z [[32minfo[39m] 	26 Sending elements request to http://localhost:9516/session/5561600f18e931907ba7e9447025506f:  {"using":"xpath","value":"/html"}
2018-12-05T00:05:12.797Z [[32minfo[39m] 	26 Elements locator: {"value":"/html","using":"xpath"}
2018-12-05T00:05:12.876Z [[32minfo[39m] 	26 Elements response: {"sessionId":"5561600f18e931907ba7e9447025506f","status":0,"value":[{"ELEMENT":"0.37869908702767763-1"}]}
2018-12-05T00:05:12.880Z [[32minfo[39m] 	27 Sending GET request to http://localhost:9516/session/5561600f18e931907ba7e9447025506f/element/0.37869908702767763-1/displayed:  {}
2018-12-05T00:05:12.927Z [[32minfo[39m] 	28 Sending GET request to http://localhost:9516/session/5561600f18e931907ba7e9447025506f/element/0.37869908702767763-1/text:  {}
2018-12-05T00:05:13.001Z [[32minfo[39m] 	29 Sending elements request to http://localhost:9516/session/5561600f18e931907ba7e9447025506f:  {"using":"xpath","value":"/html"}
2018-12-05T00:05:13.001Z [[32minfo[39m] 	29 Elements locator: {"value":"/html","using":"xpath"}
2018-12-05T00:05:13.019Z [[32minfo[39m] 	29 Elements response: {"sessionId":"5561600f18e931907ba7e9447025506f","status":0,"value":[{"ELEMENT":"0.37869908702767763-1"}]}
2018-12-05T00:05:13.022Z [[32minfo[39m] 	30 Sending GET request to http://localhost:9516/session/5561600f18e931907ba7e9447025506f/element/0.37869908702767763-1/displayed:  {}
2018-12-05T00:05:13.039Z [[32minfo[39m] 	31 Sending POST request to http://localhost:9516/session/5561600f18e931907ba7e9447025506f/execute:  {"script":"return arguments[0].textContent","args":[{"ELEMENT":"0.37869908702767763-1"}]}
2018-12-05T00:05:13.107Z [[32minfo[39m] 	32 Sending elements request to http://localhost:9516/session/5561600f18e931907ba7e9447025506f:  {"using":"xpath","value":"/html"}
2018-12-05T00:05:13.108Z [[32minfo[39m] 	32 Elements locator: {"value":"/html","using":"xpath"}
2018-12-05T00:05:13.118Z [[32minfo[39m] 	32 Elements response: {"sessionId":"5561600f18e931907ba7e9447025506f","status":0,"value":[{"ELEMENT":"0.37869908702767763-1"}]}
2018-12-05T00:05:13.121Z [[32minfo[39m] 	33 Sending GET request to http://localhost:9516/session/5561600f18e931907ba7e9447025506f/element/0.37869908702767763-1/displayed:  {}
2018-12-05T00:05:13.131Z [[32minfo[39m] 	34 Sending GET request to http://localhost:9516/session/5561600f18e931907ba7e9447025506f/element/0.37869908702767763-1/text:  {}
2018-12-05T00:05:13.184Z [[32minfo[39m] 	35 Sending elements request to http://localhost:9516/session/5561600f18e931907ba7e9447025506f:  {"using":"xpath","value":"/html"}
2018-12-05T00:05:13.185Z [[32minfo[39m] 	35 Elements locator: {"value":"/html","using":"xpath"}
2018-12-05T00:05:13.193Z [[32minfo[39m] 	35 Elements response: {"sessionId":"5561600f18e931907ba7e9447025506f","status":0,"value":[{"ELEMENT":"0.37869908702767763-1"}]}
2018-12-05T00:05:13.197Z [[32minfo[39m] 	36 Sending GET request to http://localhost:9516/session/5561600f18e931907ba7e9447025506f/element/0.37869908702767763-1/displayed:  {}
2018-12-05T00:05:13.209Z [[32minfo[39m] 	37 Sending POST request to http://localhost:9516/session/5561600f18e931907ba7e9447025506f/execute:  {"script":"return arguments[0].textContent","args":[{"ELEMENT":"0.37869908702767763-1"}]}
2018-12-05T00:05:13.271Z [[32minfo[39m] 	38 Sending elements request to http://localhost:9516/session/5561600f18e931907ba7e9447025506f:  {"using":"xpath","value":"/html"}
2018-12-05T00:05:13.271Z [[32minfo[39m] 	38 Elements locator: {"value":"/html","using":"xpath"}
2018-12-05T00:05:13.280Z [[32minfo[39m] 	38 Elements response: {"sessionId":"5561600f18e931907ba7e9447025506f","status":0,"value":[{"ELEMENT":"0.37869908702767763-1"}]}
2018-12-05T00:05:13.283Z [[32minfo[39m] 	39 Sending GET request to http://localhost:9516/session/5561600f18e931907ba7e9447025506f/element/0.37869908702767763-1/displayed:  {}
2018-12-05T00:05:13.296Z [[32minfo[39m] 	40 Sending GET request to http://localhost:9516/session/5561600f18e931907ba7e9447025506f/element/0.37869908702767763-1/text:  {}
2018-12-05T00:05:13.355Z [[32minfo[39m] 	41 Sending elements request to http://localhost:9516/session/5561600f18e931907ba7e9447025506f:  {"using":"xpath","value":"/html"}
2018-12-05T00:05:13.355Z [[32minfo[39m] 	41 Elements locator: {"value":"/html","using":"xpath"}
2018-12-05T00:05:13.364Z [[32minfo[39m] 	41 Elements response: {"sessionId":"5561600f18e931907ba7e9447025506f","status":0,"value":[{"ELEMENT":"0.37869908702767763-1"}]}
2018-12-05T00:05:13.366Z [[32minfo[39m] 	42 Sending GET request to http://localhost:9516/session/5561600f18e931907ba7e9447025506f/element/0.37869908702767763-1/displayed:  {}
2018-12-05T00:05:13.376Z [[32minfo[39m] 	43 Sending POST request to http://localhost:9516/session/5561600f18e931907ba7e9447025506f/execute:  {"script":"return arguments[0].textContent","args":[{"ELEMENT":"0.37869908702767763-1"}]}
2018-12-05T00:05:13.440Z [[32minfo[39m] 	44 Sending elements request to http://localhost:9516/session/5561600f18e931907ba7e9447025506f:  {"using":"xpath","value":"/html"}
2018-12-05T00:05:13.440Z [[32minfo[39m] 	44 Elements locator: {"value":"/html","using":"xpath"}
2018-12-05T00:05:13.449Z [[32minfo[39m] 	44 Elements response: {"sessionId":"5561600f18e931907ba7e9447025506f","status":0,"value":[{"ELEMENT":"0.37869908702767763-1"}]}
2018-12-05T00:05:13.451Z [[32minfo[39m] 	45 Sending GET request to http://localhost:9516/session/5561600f18e931907ba7e9447025506f/element/0.37869908702767763-1/displayed:  {}
2018-12-05T00:05:13.461Z [[32minfo[39m] 	46 Sending GET request to http://localhost:9516/session/5561600f18e931907ba7e9447025506f/element/0.37869908702767763-1/text:  {}
2018-12-05T00:05:13.508Z [[32minfo[39m] 	47 Sending elements request to http://localhost:9516/session/5561600f18e931907ba7e9447025506f:  {"using":"xpath","value":"/html"}
2018-12-05T00:05:13.508Z [[32minfo[39m] 	47 Elements locator: {"value":"/html","using":"xpath"}
2018-12-05T00:05:13.516Z [[32minfo[39m] 	47 Elements response: {"sessionId":"5561600f18e931907ba7e9447025506f","status":0,"value":[{"ELEMENT":"0.37869908702767763-1"}]}
2018-12-05T00:05:13.518Z [[32minfo[39m] 	48 Sending GET request to http://localhost:9516/session/5561600f18e931907ba7e9447025506f/element/0.37869908702767763-1/displayed:  {}
2018-12-05T00:05:13.528Z [[32minfo[39m] 	49 Sending POST request to http://localhost:9516/session/5561600f18e931907ba7e9447025506f/execute:  {"script":"return arguments[0].textContent","args":[{"ELEMENT":"0.37869908702767763-1"}]}
2018-12-05T00:05:13.594Z [[32minfo[39m] 	50 Sending elements request to http://localhost:9516/session/5561600f18e931907ba7e9447025506f:  {"using":"xpath","value":"/html"}
2018-12-05T00:05:13.595Z [[32minfo[39m] 	50 Elements locator: {"value":"/html","using":"xpath"}
2018-12-05T00:05:13.604Z [[32minfo[39m] 	50 Elements response: {"sessionId":"5561600f18e931907ba7e9447025506f","status":0,"value":[{"ELEMENT":"0.37869908702767763-1"}]}
2018-12-05T00:05:13.606Z [[32minfo[39m] 	51 Sending GET request to http://localhost:9516/session/5561600f18e931907ba7e9447025506f/element/0.37869908702767763-1/displayed:  {}
2018-12-05T00:05:13.615Z [[32minfo[39m] 	52 Sending GET request to http://localhost:9516/session/5561600f18e931907ba7e9447025506f/element/0.37869908702767763-1/text:  {}
2018-12-05T00:05:13.679Z [[32minfo[39m] 	53 Sending elements request to http://localhost:9516/session/5561600f18e931907ba7e9447025506f:  {"using":"xpath","value":"/html"}
2018-12-05T00:05:13.680Z [[32minfo[39m] 	53 Elements locator: {"value":"/html","using":"xpath"}
2018-12-05T00:05:13.691Z [[32minfo[39m] 	53 Elements response: {"sessionId":"5561600f18e931907ba7e9447025506f","status":0,"value":[{"ELEMENT":"0.37869908702767763-1"}]}
2018-12-05T00:05:13.693Z [[32minfo[39m] 	54 Sending GET request to http://localhost:9516/session/5561600f18e931907ba7e9447025506f/element/0.37869908702767763-1/displayed:  {}
2018-12-05T00:05:13.706Z [[32minfo[39m] 	55 Sending POST request to http://localhost:9516/session/5561600f18e931907ba7e9447025506f/execute:  {"script":"return arguments[0].textContent","args":[{"ELEMENT":"0.37869908702767763-1"}]}
2018-12-05T00:05:13.770Z [[32minfo[39m] 	56 Sending elements request to http://localhost:9516/session/5561600f18e931907ba7e9447025506f:  {"using":"xpath","value":"/html"}
2018-12-05T00:05:13.770Z [[32minfo[39m] 	56 Elements locator: {"value":"/html","using":"xpath"}
2018-12-05T00:05:13.780Z [[32minfo[39m] 	56 Elements response: {"sessionId":"5561600f18e931907ba7e9447025506f","status":0,"value":[{"ELEMENT":"0.37869908702767763-1"}]}
2018-12-05T00:05:13.783Z [[32minfo[39m] 	57 Sending GET request to http://localhost:9516/session/5561600f18e931907ba7e9447025506f/element/0.37869908702767763-1/displayed:  {}
2018-12-05T00:05:13.795Z [[32minfo[39m] 	58 Sending GET request to http://localhost:9516/session/5561600f18e931907ba7e9447025506f/element/0.37869908702767763-1/text:  {}
2018-12-05T00:05:13.857Z [[32minfo[39m] 	59 Sending elements request to http://localhost:9516/session/5561600f18e931907ba7e9447025506f:  {"using":"xpath","value":"/html"}
2018-12-05T00:05:13.857Z [[32minfo[39m] 	59 Elements locator: {"value":"/html","using":"xpath"}
2018-12-05T00:05:13.872Z [[32minfo[39m] 	59 Elements response: {"sessionId":"5561600f18e931907ba7e9447025506f","status":0,"value":[{"ELEMENT":"0.37869908702767763-1"}]}
2018-12-05T00:05:13.875Z [[32minfo[39m] 	60 Sending GET request to http://localhost:9516/session/5561600f18e931907ba7e9447025506f/element/0.37869908702767763-1/displayed:  {}
2018-12-05T00:05:13.886Z [[32minfo[39m] 	61 Sending POST request to http://localhost:9516/session/5561600f18e931907ba7e9447025506f/execute:  {"script":"return arguments[0].textContent","args":[{"ELEMENT":"0.37869908702767763-1"}]}
2018-12-05T00:05:13.948Z [[32minfo[39m] 	62 Sending elements request to http://localhost:9516/session/5561600f18e931907ba7e9447025506f:  {"using":"xpath","value":"/html"}
2018-12-05T00:05:13.948Z [[32minfo[39m] 	62 Elements locator: {"value":"/html","using":"xpath"}
2018-12-05T00:05:13.957Z [[32minfo[39m] 	62 Elements response: {"sessionId":"5561600f18e931907ba7e9447025506f","status":0,"value":[{"ELEMENT":"0.37869908702767763-1"}]}
2018-12-05T00:05:13.960Z [[32minfo[39m] 	63 Sending GET request to http://localhost:9516/session/5561600f18e931907ba7e9447025506f/element/0.37869908702767763-1/displayed:  {}
2018-12-05T00:05:13.975Z [[32minfo[39m] 	64 Sending GET request to http://localhost:9516/session/5561600f18e931907ba7e9447025506f/element/0.37869908702767763-1/text:  {}
2018-12-05T00:05:14.021Z [[32minfo[39m] 	65 Sending elements request to http://localhost:9516/session/5561600f18e931907ba7e9447025506f:  {"using":"xpath","value":"/html"}
2018-12-05T00:05:14.021Z [[32minfo[39m] 	65 Elements locator: {"value":"/html","using":"xpath"}
2018-12-05T00:05:14.030Z [[32minfo[39m] 	65 Elements response: {"sessionId":"5561600f18e931907ba7e9447025506f","status":0,"value":[{"ELEMENT":"0.37869908702767763-1"}]}
2018-12-05T00:05:14.034Z [[32minfo[39m] 	66 Sending GET request to http://localhost:9516/session/5561600f18e931907ba7e9447025506f/element/0.37869908702767763-1/displayed:  {}
2018-12-05T00:05:14.045Z [[32minfo[39m] 	67 Sending POST request to http://localhost:9516/session/5561600f18e931907ba7e9447025506f/execute:  {"script":"return arguments[0].textContent","args":[{"ELEMENT":"0.37869908702767763-1"}]}
2018-12-05T00:05:14.109Z [[32minfo[39m] 	68 Sending elements request to http://localhost:9516/session/5561600f18e931907ba7e9447025506f:  {"using":"xpath","value":"/html"}
2018-12-05T00:05:14.109Z [[32minfo[39m] 	68 Elements locator: {"value":"/html","using":"xpath"}
2018-12-05T00:05:14.118Z [[32minfo[39m] 	68 Elements response: {"sessionId":"5561600f18e931907ba7e9447025506f","status":0,"value":[{"ELEMENT":"0.37869908702767763-1"}]}
2018-12-05T00:05:14.121Z [[32minfo[39m] 	69 Sending GET request to http://localhost:9516/session/5561600f18e931907ba7e9447025506f/element/0.37869908702767763-1/displayed:  {}
2018-12-05T00:05:14.131Z [[32minfo[39m] 	70 Sending GET request to http://localhost:9516/session/5561600f18e931907ba7e9447025506f/element/0.37869908702767763-1/text:  {}
2018-12-05T00:05:14.181Z [[32minfo[39m] 	71 Sending elements request to http://localhost:9516/session/5561600f18e931907ba7e9447025506f:  {"using":"xpath","value":"/html"}
2018-12-05T00:05:14.181Z [[32minfo[39m] 	71 Elements locator: {"value":"/html","using":"xpath"}
2018-12-05T00:05:14.189Z [[32minfo[39m] 	71 Elements response: {"sessionId":"5561600f18e931907ba7e9447025506f","status":0,"value":[{"ELEMENT":"0.37869908702767763-1"}]}
2018-12-05T00:05:14.192Z [[32minfo[39m] 	72 Sending GET request to http://localhost:9516/session/5561600f18e931907ba7e9447025506f/element/0.37869908702767763-1/displayed:  {}
2018-12-05T00:05:14.202Z [[32minfo[39m] 	73 Sending POST request to http://localhost:9516/session/5561600f18e931907ba7e9447025506f/execute:  {"script":"return arguments[0].textContent","args":[{"ELEMENT":"0.37869908702767763-1"}]}
2018-12-05T00:05:14.268Z [[32minfo[39m] 	74 Sending elements request to http://localhost:9516/session/5561600f18e931907ba7e9447025506f:  {"using":"xpath","value":"/html"}
2018-12-05T00:05:14.268Z [[32minfo[39m] 	74 Elements locator: {"value":"/html","using":"xpath"}
2018-12-05T00:05:14.277Z [[32minfo[39m] 	74 Elements response: {"sessionId":"5561600f18e931907ba7e9447025506f","status":0,"value":[{"ELEMENT":"0.37869908702767763-1"}]}
2018-12-05T00:05:14.280Z [[32minfo[39m] 	75 Sending GET request to http://localhost:9516/session/5561600f18e931907ba7e9447025506f/element/0.37869908702767763-1/displayed:  {}
2018-12-05T00:05:14.291Z [[32minfo[39m] 	76 Sending GET request to http://localhost:9516/session/5561600f18e931907ba7e9447025506f/element/0.37869908702767763-1/text:  {}
2018-12-05T00:05:14.339Z [[32minfo[39m] 	77 Sending elements request to http://localhost:9516/session/5561600f18e931907ba7e9447025506f:  {"using":"xpath","value":"/html"}
2018-12-05T00:05:14.339Z [[32minfo[39m] 	77 Elements locator: {"value":"/html","using":"xpath"}
2018-12-05T00:05:14.347Z [[32minfo[39m] 	77 Elements response: {"sessionId":"5561600f18e931907ba7e9447025506f","status":0,"value":[{"ELEMENT":"0.37869908702767763-1"}]}
2018-12-05T00:05:14.350Z [[32minfo[39m] 	78 Sending GET request to http://localhost:9516/session/5561600f18e931907ba7e9447025506f/element/0.37869908702767763-1/displayed:  {}
2018-12-05T00:05:14.361Z [[32minfo[39m] 	79 Sending POST request to http://localhost:9516/session/5561600f18e931907ba7e9447025506f/execute:  {"script":"return arguments[0].textContent","args":[{"ELEMENT":"0.37869908702767763-1"}]}
2018-12-05T00:05:14.428Z [[32minfo[39m] 	80 Sending elements request to http://localhost:9516/session/5561600f18e931907ba7e9447025506f:  {"using":"xpath","value":"/html"}
2018-12-05T00:05:14.428Z [[32minfo[39m] 	80 Elements locator: {"value":"/html","using":"xpath"}
2018-12-05T00:05:14.444Z [[32minfo[39m] 	80 Elements response: {"sessionId":"5561600f18e931907ba7e9447025506f","status":0,"value":[{"ELEMENT":"0.37869908702767763-1"}]}
2018-12-05T00:05:14.447Z [[32minfo[39m] 	81 Sending GET request to http://localhost:9516/session/5561600f18e931907ba7e9447025506f/element/0.37869908702767763-1/displayed:  {}
2018-12-05T00:05:14.464Z [[32minfo[39m] 	82 Sending GET request to http://localhost:9516/session/5561600f18e931907ba7e9447025506f/element/0.37869908702767763-1/text:  {}
2018-12-05T00:05:14.527Z [[32minfo[39m] 	83 Sending elements request to http://localhost:9516/session/5561600f18e931907ba7e9447025506f:  {"using":"xpath","value":"/html"}
2018-12-05T00:05:14.527Z [[32minfo[39m] 	83 Elements locator: {"value":"/html","using":"xpath"}
2018-12-05T00:05:14.545Z [[32minfo[39m] 	83 Elements response: {"sessionId":"5561600f18e931907ba7e9447025506f","status":0,"value":[{"ELEMENT":"0.37869908702767763-1"}]}
2018-12-05T00:05:14.547Z [[32minfo[39m] 	84 Sending GET request to http://localhost:9516/session/5561600f18e931907ba7e9447025506f/element/0.37869908702767763-1/displayed:  {}
2018-12-05T00:05:14.557Z [[32minfo[39m] 	85 Sending POST request to http://localhost:9516/session/5561600f18e931907ba7e9447025506f/execute:  {"script":"return arguments[0].textContent","args":[{"ELEMENT":"0.37869908702767763-1"}]}
2018-12-05T00:05:14.621Z [[32minfo[39m] 	86 Sending elements request to http://localhost:9516/session/5561600f18e931907ba7e9447025506f:  {"using":"xpath","value":"/html"}
2018-12-05T00:05:14.622Z [[32minfo[39m] 	86 Elements locator: {"value":"/html","using":"xpath"}
2018-12-05T00:05:14.630Z [[32minfo[39m] 	86 Elements response: {"sessionId":"5561600f18e931907ba7e9447025506f","status":0,"value":[{"ELEMENT":"0.37869908702767763-1"}]}
2018-12-05T00:05:14.633Z [[32minfo[39m] 	87 Sending GET request to http://localhost:9516/session/5561600f18e931907ba7e9447025506f/element/0.37869908702767763-1/displayed:  {}
2018-12-05T00:05:14.642Z [[32minfo[39m] 	88 Sending GET request to http://localhost:9516/session/5561600f18e931907ba7e9447025506f/element/0.37869908702767763-1/text:  {}
2018-12-05T00:05:14.687Z [[32minfo[39m] 	89 Sending elements request to http://localhost:9516/session/5561600f18e931907ba7e9447025506f:  {"using":"xpath","value":"/html"}
2018-12-05T00:05:14.688Z [[32minfo[39m] 	89 Elements locator: {"value":"/html","using":"xpath"}
2018-12-05T00:05:14.697Z [[32minfo[39m] 	89 Elements response: {"sessionId":"5561600f18e931907ba7e9447025506f","status":0,"value":[{"ELEMENT":"0.37869908702767763-1"}]}
2018-12-05T00:05:14.699Z [[32minfo[39m] 	90 Sending GET request to http://localhost:9516/session/5561600f18e931907ba7e9447025506f/element/0.37869908702767763-1/displayed:  {}
2018-12-05T00:05:14.710Z [[32minfo[39m] 	91 Sending POST request to http://localhost:9516/session/5561600f18e931907ba7e9447025506f/execute:  {"script":"return arguments[0].textContent","args":[{"ELEMENT":"0.37869908702767763-1"}]}
2018-12-05T00:05:14.773Z [[32minfo[39m] 	92 Sending elements request to http://localhost:9516/session/5561600f18e931907ba7e9447025506f:  {"using":"xpath","value":"/html"}
2018-12-05T00:05:14.774Z [[32minfo[39m] 	92 Elements locator: {"value":"/html","using":"xpath"}
2018-12-05T00:05:14.783Z [[32minfo[39m] 	92 Elements response: {"sessionId":"5561600f18e931907ba7e9447025506f","status":0,"value":[{"ELEMENT":"0.37869908702767763-1"}]}
2018-12-05T00:05:14.785Z [[32minfo[39m] 	93 Sending GET request to http://localhost:9516/session/5561600f18e931907ba7e9447025506f/element/0.37869908702767763-1/displayed:  {}
2018-12-05T00:05:14.800Z [[32minfo[39m] 	94 Sending GET request to http://localhost:9516/session/5561600f18e931907ba7e9447025506f/element/0.37869908702767763-1/text:  {}
2018-12-05T00:05:14.889Z [[32minfo[39m] 	95 Sending elements request to http://localhost:9516/session/5561600f18e931907ba7e9447025506f:  {"using":"xpath","value":"/html"}
2018-12-05T00:05:14.889Z [[32minfo[39m] 	95 Elements locator: {"value":"/html","using":"xpath"}
2018-12-05T00:05:14.901Z [[32minfo[39m] 	95 Elements response: {"sessionId":"5561600f18e931907ba7e9447025506f","status":0,"value":[{"ELEMENT":"0.37869908702767763-1"}]}
2018-12-05T00:05:14.904Z [[32minfo[39m] 	96 Sending GET request to http://localhost:9516/session/5561600f18e931907ba7e9447025506f/element/0.37869908702767763-1/displayed:  {}
2018-12-05T00:05:14.916Z [[32minfo[39m] 	97 Sending POST request to http://localhost:9516/session/5561600f18e931907ba7e9447025506f/execute:  {"script":"return arguments[0].textContent","args":[{"ELEMENT":"0.37869908702767763-1"}]}
2018-12-05T00:05:14.985Z [[32minfo[39m] 	98 Sending elements request to http://localhost:9516/session/5561600f18e931907ba7e9447025506f:  {"using":"xpath","value":"/html"}
2018-12-05T00:05:14.985Z [[32minfo[39m] 	98 Elements locator: {"value":"/html","using":"xpath"}
2018-12-05T00:05:14.994Z [[32minfo[39m] 	98 Elements response: {"sessionId":"5561600f18e931907ba7e9447025506f","status":0,"value":[{"ELEMENT":"0.37869908702767763-1"}]}
2018-12-05T00:05:14.997Z [[32minfo[39m] 	99 Sending GET request to http://localhost:9516/session/5561600f18e931907ba7e9447025506f/element/0.37869908702767763-1/displayed:  {}
2018-12-05T00:05:15.006Z [[32minfo[39m] 	100 Sending GET request to http://localhost:9516/session/5561600f18e931907ba7e9447025506f/element/0.37869908702767763-1/text:  {}
2018-12-05T00:05:15.052Z [[32minfo[39m] 	101 Sending elements request to http://localhost:9516/session/5561600f18e931907ba7e9447025506f:  {"using":"xpath","value":"/html"}
2018-12-05T00:05:15.052Z [[32minfo[39m] 	101 Elements locator: {"value":"/html","using":"xpath"}
2018-12-05T00:05:15.060Z [[32minfo[39m] 	101 Elements response: {"sessionId":"5561600f18e931907ba7e9447025506f","status":0,"value":[{"ELEMENT":"0.37869908702767763-1"}]}
2018-12-05T00:05:15.062Z [[32minfo[39m] 	102 Sending GET request to http://localhost:9516/session/5561600f18e931907ba7e9447025506f/element/0.37869908702767763-1/displayed:  {}
2018-12-05T00:05:15.073Z [[32minfo[39m] 	103 Sending POST request to http://localhost:9516/session/5561600f18e931907ba7e9447025506f/execute:  {"script":"return arguments[0].textContent","args":[{"ELEMENT":"0.37869908702767763-1"}]}
2018-12-05T00:05:15.138Z [[32minfo[39m] 	104 Sending elements request to http://localhost:9516/session/5561600f18e931907ba7e9447025506f:  {"using":"xpath","value":"/html"}
2018-12-05T00:05:15.138Z [[32minfo[39m] 	104 Elements locator: {"value":"/html","using":"xpath"}
2018-12-05T00:05:15.147Z [[32minfo[39m] 	104 Elements response: {"sessionId":"5561600f18e931907ba7e9447025506f","status":0,"value":[{"ELEMENT":"0.37869908702767763-1"}]}
2018-12-05T00:05:15.149Z [[32minfo[39m] 	105 Sending GET request to http://localhost:9516/session/5561600f18e931907ba7e9447025506f/element/0.37869908702767763-1/displayed:  {}
2018-12-05T00:05:15.164Z [[32minfo[39m] 	106 Sending GET request to http://localhost:9516/session/5561600f18e931907ba7e9447025506f/element/0.37869908702767763-1/text:  {}
2018-12-05T00:05:15.209Z [[32minfo[39m] 	107 Sending elements request to http://localhost:9516/session/5561600f18e931907ba7e9447025506f:  {"using":"xpath","value":"/html"}
2018-12-05T00:05:15.210Z [[32minfo[39m] 	107 Elements locator: {"value":"/html","using":"xpath"}
2018-12-05T00:05:15.218Z [[32minfo[39m] 	107 Elements response: {"sessionId":"5561600f18e931907ba7e9447025506f","status":0,"value":[{"ELEMENT":"0.37869908702767763-1"}]}
2018-12-05T00:05:15.220Z [[32minfo[39m] 	108 Sending GET request to http://localhost:9516/session/5561600f18e931907ba7e9447025506f/element/0.37869908702767763-1/displayed:  {}
2018-12-05T00:05:15.231Z [[32minfo[39m] 	109 Sending POST request to http://localhost:9516/session/5561600f18e931907ba7e9447025506f/execute:  {"script":"return arguments[0].textContent","args":[{"ELEMENT":"0.37869908702767763-1"}]}
2018-12-05T00:05:15.295Z [[32minfo[39m] 	110 Sending elements request to http://localhost:9516/session/5561600f18e931907ba7e9447025506f:  {"using":"xpath","value":"/html"}
2018-12-05T00:05:15.295Z [[32minfo[39m] 	110 Elements locator: {"value":"/html","using":"xpath"}
2018-12-05T00:05:15.307Z [[32minfo[39m] 	110 Elements response: {"sessionId":"5561600f18e931907ba7e9447025506f","status":0,"value":[{"ELEMENT":"0.37869908702767763-1"}]}
2018-12-05T00:05:15.309Z [[32minfo[39m] 	111 Sending GET request to http://localhost:9516/session/5561600f18e931907ba7e9447025506f/element/0.37869908702767763-1/displayed:  {}
2018-12-05T00:05:15.320Z [[32minfo[39m] 	112 Sending GET request to http://localhost:9516/session/5561600f18e931907ba7e9447025506f/element/0.37869908702767763-1/text:  {}
2018-12-05T00:05:15.370Z [[32minfo[39m] 	113 Sending elements request to http://localhost:9516/session/5561600f18e931907ba7e9447025506f:  {"using":"xpath","value":"/html"}
2018-12-05T00:05:15.370Z [[32minfo[39m] 	113 Elements locator: {"value":"/html","using":"xpath"}
2018-12-05T00:05:15.379Z [[32minfo[39m] 	113 Elements response: {"sessionId":"5561600f18e931907ba7e9447025506f","status":0,"value":[{"ELEMENT":"0.37869908702767763-1"}]}
2018-12-05T00:05:15.381Z [[32minfo[39m] 	114 Sending GET request to http://localhost:9516/session/5561600f18e931907ba7e9447025506f/element/0.37869908702767763-1/displayed:  {}
2018-12-05T00:05:15.392Z [[32minfo[39m] 	115 Sending POST request to http://localhost:9516/session/5561600f18e931907ba7e9447025506f/execute:  {"script":"return arguments[0].textContent","args":[{"ELEMENT":"0.37869908702767763-1"}]}
2018-12-05T00:05:15.457Z [[32minfo[39m] 	116 Sending elements request to http://localhost:9516/session/5561600f18e931907ba7e9447025506f:  {"using":"xpath","value":"/html"}
2018-12-05T00:05:15.457Z [[32minfo[39m] 	116 Elements locator: {"value":"/html","using":"xpath"}
2018-12-05T00:05:15.469Z [[32minfo[39m] 	116 Elements response: {"sessionId":"5561600f18e931907ba7e9447025506f","status":0,"value":[{"ELEMENT":"0.37869908702767763-1"}]}
2018-12-05T00:05:15.472Z [[32minfo[39m] 	117 Sending GET request to http://localhost:9516/session/5561600f18e931907ba7e9447025506f/element/0.37869908702767763-1/displayed:  {}
2018-12-05T00:05:15.483Z [[32minfo[39m] 	118 Sending GET request to http://localhost:9516/session/5561600f18e931907ba7e9447025506f/element/0.37869908702767763-1/text:  {}
2018-12-05T00:05:15.535Z [[32minfo[39m] 	119 Sending elements request to http://localhost:9516/session/5561600f18e931907ba7e9447025506f:  {"using":"xpath","value":"/html"}
2018-12-05T00:05:15.535Z [[32minfo[39m] 	119 Elements locator: {"value":"/html","using":"xpath"}
2018-12-05T00:05:15.544Z [[32minfo[39m] 	119 Elements response: {"sessionId":"5561600f18e931907ba7e9447025506f","status":0,"value":[{"ELEMENT":"0.37869908702767763-1"}]}
2018-12-05T00:05:15.546Z [[32minfo[39m] 	120 Sending GET request to http://localhost:9516/session/5561600f18e931907ba7e9447025506f/element/0.37869908702767763-1/displayed:  {}
2018-12-05T00:05:15.557Z [[32minfo[39m] 	121 Sending POST request to http://localhost:9516/session/5561600f18e931907ba7e9447025506f/execute:  {"script":"return arguments[0].textContent","args":[{"ELEMENT":"0.37869908702767763-1"}]}
2018-12-05T00:05:15.619Z [[32minfo[39m] 	122 Sending elements request to http://localhost:9516/session/5561600f18e931907ba7e9447025506f:  {"using":"xpath","value":"/html"}
2018-12-05T00:05:15.619Z [[32minfo[39m] 	122 Elements locator: {"value":"/html","using":"xpath"}
2018-12-05T00:05:15.628Z [[32minfo[39m] 	122 Elements response: {"sessionId":"5561600f18e931907ba7e9447025506f","status":0,"value":[{"ELEMENT":"0.37869908702767763-1"}]}
2018-12-05T00:05:15.630Z [[32minfo[39m] 	123 Sending GET request to http://localhost:9516/session/5561600f18e931907ba7e9447025506f/element/0.37869908702767763-1/displayed:  {}
2018-12-05T00:05:15.640Z [[32minfo[39m] 	124 Sending GET request to http://localhost:9516/session/5561600f18e931907ba7e9447025506f/element/0.37869908702767763-1/text:  {}
2018-12-05T00:05:15.690Z [[32minfo[39m] 	125 Sending elements request to http://localhost:9516/session/5561600f18e931907ba7e9447025506f:  {"using":"xpath","value":"/html"}
2018-12-05T00:05:15.690Z [[32minfo[39m] 	125 Elements locator: {"value":"/html","using":"xpath"}
2018-12-05T00:05:15.698Z [[32minfo[39m] 	125 Elements response: {"sessionId":"5561600f18e931907ba7e9447025506f","status":0,"value":[{"ELEMENT":"0.37869908702767763-1"}]}
2018-12-05T00:05:15.700Z [[32minfo[39m] 	126 Sending GET request to http://localhost:9516/session/5561600f18e931907ba7e9447025506f/element/0.37869908702767763-1/displayed:  {}
2018-12-05T00:05:15.710Z [[32minfo[39m] 	127 Sending POST request to http://localhost:9516/session/5561600f18e931907ba7e9447025506f/execute:  {"script":"return arguments[0].textContent","args":[{"ELEMENT":"0.37869908702767763-1"}]}
2018-12-05T00:05:15.776Z [[32minfo[39m] 	128 Sending elements request to http://localhost:9516/session/5561600f18e931907ba7e9447025506f:  {"using":"xpath","value":"/html"}
2018-12-05T00:05:15.776Z [[32minfo[39m] 	128 Elements locator: {"value":"/html","using":"xpath"}
2018-12-05T00:05:15.789Z [[32minfo[39m] 	128 Elements response: {"sessionId":"5561600f18e931907ba7e9447025506f","status":0,"value":[{"ELEMENT":"0.37869908702767763-1"}]}
2018-12-05T00:05:15.793Z [[32minfo[39m] 	129 Sending GET request to http://localhost:9516/session/5561600f18e931907ba7e9447025506f/element/0.37869908702767763-1/displayed:  {}
2018-12-05T00:05:15.806Z [[32minfo[39m] 	130 Sending GET request to http://localhost:9516/session/5561600f18e931907ba7e9447025506f/element/0.37869908702767763-1/text:  {}
2018-12-05T00:05:15.855Z [[32minfo[39m] 	131 Sending elements request to http://localhost:9516/session/5561600f18e931907ba7e9447025506f:  {"using":"xpath","value":"/html"}
2018-12-05T00:05:15.855Z [[32minfo[39m] 	131 Elements locator: {"value":"/html","using":"xpath"}
2018-12-05T00:05:15.864Z [[32minfo[39m] 	131 Elements response: {"sessionId":"5561600f18e931907ba7e9447025506f","status":0,"value":[{"ELEMENT":"0.37869908702767763-1"}]}
2018-12-05T00:05:15.866Z [[32minfo[39m] 	132 Sending GET request to http://localhost:9516/session/5561600f18e931907ba7e9447025506f/element/0.37869908702767763-1/displayed:  {}
2018-12-05T00:05:15.876Z [[32minfo[39m] 	133 Sending POST request to http://localhost:9516/session/5561600f18e931907ba7e9447025506f/execute:  {"script":"return arguments[0].textContent","args":[{"ELEMENT":"0.37869908702767763-1"}]}
2018-12-05T00:05:15.938Z [[32minfo[39m] 	134 Sending elements request to http://localhost:9516/session/5561600f18e931907ba7e9447025506f:  {"using":"xpath","value":"/html"}
2018-12-05T00:05:15.938Z [[32minfo[39m] 	134 Elements locator: {"value":"/html","using":"xpath"}
2018-12-05T00:05:15.947Z [[32minfo[39m] 	134 Elements response: {"sessionId":"5561600f18e931907ba7e9447025506f","status":0,"value":[{"ELEMENT":"0.37869908702767763-1"}]}
2018-12-05T00:05:15.949Z [[32minfo[39m] 	135 Sending GET request to http://localhost:9516/session/5561600f18e931907ba7e9447025506f/element/0.37869908702767763-1/displayed:  {}
2018-12-05T00:05:15.959Z [[32minfo[39m] 	136 Sending GET request to http://localhost:9516/session/5561600f18e931907ba7e9447025506f/element/0.37869908702767763-1/text:  {}
2018-12-05T00:05:16.012Z [[32minfo[39m] 	137 Sending elements request to http://localhost:9516/session/5561600f18e931907ba7e9447025506f:  {"using":"xpath","value":"/html"}
2018-12-05T00:05:16.012Z [[32minfo[39m] 	137 Elements locator: {"value":"/html","using":"xpath"}
2018-12-05T00:05:16.021Z [[32minfo[39m] 	137 Elements response: {"sessionId":"5561600f18e931907ba7e9447025506f","status":0,"value":[{"ELEMENT":"0.37869908702767763-1"}]}
2018-12-05T00:05:16.023Z [[32minfo[39m] 	138 Sending GET request to http://localhost:9516/session/5561600f18e931907ba7e9447025506f/element/0.37869908702767763-1/displayed:  {}
2018-12-05T00:05:16.033Z [[32minfo[39m] 	139 Sending POST request to http://localhost:9516/session/5561600f18e931907ba7e9447025506f/execute:  {"script":"return arguments[0].textContent","args":[{"ELEMENT":"0.37869908702767763-1"}]}
2018-12-05T00:05:16.098Z [[32minfo[39m] 	140 Sending elements request to http://localhost:9516/session/5561600f18e931907ba7e9447025506f:  {"using":"xpath","value":"/html"}
2018-12-05T00:05:16.098Z [[32minfo[39m] 	140 Elements locator: {"value":"/html","using":"xpath"}
2018-12-05T00:05:16.109Z [[32minfo[39m] 	140 Elements response: {"sessionId":"5561600f18e931907ba7e9447025506f","status":0,"value":[{"ELEMENT":"0.37869908702767763-1"}]}
2018-12-05T00:05:16.111Z [[32minfo[39m] 	141 Sending GET request to http://localhost:9516/session/5561600f18e931907ba7e9447025506f/element/0.37869908702767763-1/displayed:  {}
2018-12-05T00:05:16.121Z [[32minfo[39m] 	142 Sending GET request to http://localhost:9516/session/5561600f18e931907ba7e9447025506f/element/0.37869908702767763-1/text:  {}
2018-12-05T00:05:16.167Z [[32minfo[39m] 	143 Sending elements request to http://localhost:9516/session/5561600f18e931907ba7e9447025506f:  {"using":"xpath","value":"/html"}
2018-12-05T00:05:16.167Z [[32minfo[39m] 	143 Elements locator: {"value":"/html","using":"xpath"}
2018-12-05T00:05:16.175Z [[32minfo[39m] 	143 Elements response: {"sessionId":"5561600f18e931907ba7e9447025506f","status":0,"value":[{"ELEMENT":"0.37869908702767763-1"}]}
2018-12-05T00:05:16.177Z [[32minfo[39m] 	144 Sending GET request to http://localhost:9516/session/5561600f18e931907ba7e9447025506f/element/0.37869908702767763-1/displayed:  {}
2018-12-05T00:05:16.188Z [[32minfo[39m] 	145 Sending POST request to http://localhost:9516/session/5561600f18e931907ba7e9447025506f/execute:  {"script":"return arguments[0].textContent","args":[{"ELEMENT":"0.37869908702767763-1"}]}
2018-12-05T00:05:16.253Z [[32minfo[39m] 	146 Sending elements request to http://localhost:9516/session/5561600f18e931907ba7e9447025506f:  {"using":"xpath","value":"/html"}
2018-12-05T00:05:16.253Z [[32minfo[39m] 	146 Elements locator: {"value":"/html","using":"xpath"}
2018-12-05T00:05:16.262Z [[32minfo[39m] 	146 Elements response: {"sessionId":"5561600f18e931907ba7e9447025506f","status":0,"value":[{"ELEMENT":"0.37869908702767763-1"}]}
2018-12-05T00:05:16.264Z [[32minfo[39m] 	147 Sending GET request to http://localhost:9516/session/5561600f18e931907ba7e9447025506f/element/0.37869908702767763-1/displayed:  {}
2018-12-05T00:05:16.274Z [[32minfo[39m] 	148 Sending GET request to http://localhost:9516/session/5561600f18e931907ba7e9447025506f/element/0.37869908702767763-1/text:  {}
2018-12-05T00:05:16.324Z [[32minfo[39m] 	149 Sending elements request to http://localhost:9516/session/5561600f18e931907ba7e9447025506f:  {"using":"xpath","value":"/html"}
2018-12-05T00:05:16.324Z [[32minfo[39m] 	149 Elements locator: {"value":"/html","using":"xpath"}
2018-12-05T00:05:16.333Z [[32minfo[39m] 	149 Elements response: {"sessionId":"5561600f18e931907ba7e9447025506f","status":0,"value":[{"ELEMENT":"0.37869908702767763-1"}]}
2018-12-05T00:05:16.335Z [[32minfo[39m] 	150 Sending GET request to http://localhost:9516/session/5561600f18e931907ba7e9447025506f/element/0.37869908702767763-1/displayed:  {}
2018-12-05T00:05:16.345Z [[32minfo[39m] 	151 Sending POST request to http://localhost:9516/session/5561600f18e931907ba7e9447025506f/execute:  {"script":"return arguments[0].textContent","args":[{"ELEMENT":"0.37869908702767763-1"}]}
2018-12-05T00:05:16.410Z [[32minfo[39m] 	152 Sending elements request to http://localhost:9516/session/5561600f18e931907ba7e9447025506f:  {"using":"xpath","value":"/html"}
2018-12-05T00:05:16.410Z [[32minfo[39m] 	152 Elements locator: {"value":"/html","using":"xpath"}
2018-12-05T00:05:16.421Z [[32minfo[39m] 	152 Elements response: {"sessionId":"5561600f18e931907ba7e9447025506f","status":0,"value":[{"ELEMENT":"0.37869908702767763-1"}]}
2018-12-05T00:05:16.423Z [[32minfo[39m] 	153 Sending GET request to http://localhost:9516/session/5561600f18e931907ba7e9447025506f/element/0.37869908702767763-1/displayed:  {}
2018-12-05T00:05:16.432Z [[32minfo[39m] 	154 Sending GET request to http://localhost:9516/session/5561600f18e931907ba7e9447025506f/element/0.37869908702767763-1/text:  {}
2018-12-05T00:05:16.480Z [[32minfo[39m] 	155 Sending elements request to http://localhost:9516/session/5561600f18e931907ba7e9447025506f:  {"using":"xpath","value":"/html"}
2018-12-05T00:05:16.480Z [[32minfo[39m] 	155 Elements locator: {"value":"/html","using":"xpath"}
2018-12-05T00:05:16.488Z [[32minfo[39m] 	155 Elements response: {"sessionId":"5561600f18e931907ba7e9447025506f","status":0,"value":[{"ELEMENT":"0.37869908702767763-1"}]}
2018-12-05T00:05:16.490Z [[32minfo[39m] 	156 Sending GET request to http://localhost:9516/session/5561600f18e931907ba7e9447025506f/element/0.37869908702767763-1/displayed:  {}
2018-12-05T00:05:16.500Z [[32minfo[39m] 	157 Sending POST request to http://localhost:9516/session/5561600f18e931907ba7e9447025506f/execute:  {"script":"return arguments[0].textContent","args":[{"ELEMENT":"0.37869908702767763-1"}]}
2018-12-05T00:05:16.563Z [[32minfo[39m] 	158 Sending elements request to http://localhost:9516/session/5561600f18e931907ba7e9447025506f:  {"using":"xpath","value":"/html"}
2018-12-05T00:05:16.563Z [[32minfo[39m] 	158 Elements locator: {"value":"/html","using":"xpath"}
2018-12-05T00:05:16.572Z [[32minfo[39m] 	158 Elements response: {"sessionId":"5561600f18e931907ba7e9447025506f","status":0,"value":[{"ELEMENT":"0.37869908702767763-1"}]}
2018-12-05T00:05:16.575Z [[32minfo[39m] 	159 Sending GET request to http://localhost:9516/session/5561600f18e931907ba7e9447025506f/element/0.37869908702767763-1/displayed:  {}
2018-12-05T00:05:16.585Z [[32minfo[39m] 	160 Sending GET request to http://localhost:9516/session/5561600f18e931907ba7e9447025506f/element/0.37869908702767763-1/text:  {}
2018-12-05T00:05:16.636Z [[32minfo[39m] 	161 Sending elements request to http://localhost:9516/session/5561600f18e931907ba7e9447025506f:  {"using":"xpath","value":"/html"}
2018-12-05T00:05:16.636Z [[32minfo[39m] 	161 Elements locator: {"value":"/html","using":"xpath"}
2018-12-05T00:05:16.647Z [[32minfo[39m] 	161 Elements response: {"sessionId":"5561600f18e931907ba7e9447025506f","status":0,"value":[{"ELEMENT":"0.37869908702767763-1"}]}
2018-12-05T00:05:16.650Z [[32minfo[39m] 	162 Sending GET request to http://localhost:9516/session/5561600f18e931907ba7e9447025506f/element/0.37869908702767763-1/displayed:  {}
2018-12-05T00:05:16.672Z [[32minfo[39m] 	163 Sending POST request to http://localhost:9516/session/5561600f18e931907ba7e9447025506f/execute:  {"script":"return arguments[0].textContent","args":[{"ELEMENT":"0.37869908702767763-1"}]}
2018-12-05T00:05:16.739Z [[32minfo[39m] 	164 Sending elements request to http://localhost:9516/session/5561600f18e931907ba7e9447025506f:  {"using":"xpath","value":"/html"}
2018-12-05T00:05:16.739Z [[32minfo[39m] 	164 Elements locator: {"value":"/html","using":"xpath"}
2018-12-05T00:05:16.747Z [[32minfo[39m] 	164 Elements response: {"sessionId":"5561600f18e931907ba7e9447025506f","status":0,"value":[{"ELEMENT":"0.37869908702767763-1"}]}
2018-12-05T00:05:16.750Z [[32minfo[39m] 	165 Sending GET request to http://localhost:9516/session/5561600f18e931907ba7e9447025506f/element/0.37869908702767763-1/displayed:  {}
2018-12-05T00:05:16.759Z [[32minfo[39m] 	166 Sending GET request to http://localhost:9516/session/5561600f18e931907ba7e9447025506f/element/0.37869908702767763-1/text:  {}
2018-12-05T00:05:16.804Z [[32minfo[39m] 	167 Sending elements request to http://localhost:9516/session/5561600f18e931907ba7e9447025506f:  {"using":"xpath","value":"/html"}
2018-12-05T00:05:16.805Z [[32minfo[39m] 	167 Elements locator: {"value":"/html","using":"xpath"}
2018-12-05T00:05:16.813Z [[32minfo[39m] 	167 Elements response: {"sessionId":"5561600f18e931907ba7e9447025506f","status":0,"value":[{"ELEMENT":"0.37869908702767763-1"}]}
2018-12-05T00:05:16.815Z [[32minfo[39m] 	168 Sending GET request to http://localhost:9516/session/5561600f18e931907ba7e9447025506f/element/0.37869908702767763-1/displayed:  {}
2018-12-05T00:05:16.826Z [[32minfo[39m] 	169 Sending POST request to http://localhost:9516/session/5561600f18e931907ba7e9447025506f/execute:  {"script":"return arguments[0].textContent","args":[{"ELEMENT":"0.37869908702767763-1"}]}
2018-12-05T00:05:16.891Z [[32minfo[39m] 	170 Sending elements request to http://localhost:9516/session/5561600f18e931907ba7e9447025506f:  {"using":"xpath","value":"/html"}
2018-12-05T00:05:16.891Z [[32minfo[39m] 	170 Elements locator: {"value":"/html","using":"xpath"}
2018-12-05T00:05:16.900Z [[32minfo[39m] 	170 Elements response: {"sessionId":"5561600f18e931907ba7e9447025506f","status":0,"value":[{"ELEMENT":"0.37869908702767763-1"}]}
2018-12-05T00:05:16.902Z [[32minfo[39m] 	171 Sending GET request to http://localhost:9516/session/5561600f18e931907ba7e9447025506f/element/0.37869908702767763-1/displayed:  {}
2018-12-05T00:05:16.913Z [[32minfo[39m] 	172 Sending GET request to http://localhost:9516/session/5561600f18e931907ba7e9447025506f/element/0.37869908702767763-1/text:  {}
2018-12-05T00:05:16.962Z [[32minfo[39m] 	173 Sending elements request to http://localhost:9516/session/5561600f18e931907ba7e9447025506f:  {"using":"xpath","value":"/html"}
2018-12-05T00:05:16.963Z [[32minfo[39m] 	173 Elements locator: {"value":"/html","using":"xpath"}
2018-12-05T00:05:16.971Z [[32minfo[39m] 	173 Elements response: {"sessionId":"5561600f18e931907ba7e9447025506f","status":0,"value":[{"ELEMENT":"0.37869908702767763-1"}]}
2018-12-05T00:05:16.974Z [[32minfo[39m] 	174 Sending GET request to http://localhost:9516/session/5561600f18e931907ba7e9447025506f/element/0.37869908702767763-1/displayed:  {}
2018-12-05T00:05:16.984Z [[32minfo[39m] 	175 Sending POST request to http://localhost:9516/session/5561600f18e931907ba7e9447025506f/execute:  {"script":"return arguments[0].textContent","args":[{"ELEMENT":"0.37869908702767763-1"}]}
2018-12-05T00:05:17.047Z [[32minfo[39m] 	176 Sending elements request to http://localhost:9516/session/5561600f18e931907ba7e9447025506f:  {"using":"xpath","value":"/html"}
2018-12-05T00:05:17.047Z [[32minfo[39m] 	176 Elements locator: {"value":"/html","using":"xpath"}
2018-12-05T00:05:17.056Z [[32minfo[39m] 	176 Elements response: {"sessionId":"5561600f18e931907ba7e9447025506f","status":0,"value":[{"ELEMENT":"0.37869908702767763-1"}]}
2018-12-05T00:05:17.059Z [[32minfo[39m] 	177 Sending GET request to http://localhost:9516/session/5561600f18e931907ba7e9447025506f/element/0.37869908702767763-1/displayed:  {}
2018-12-05T00:05:17.068Z [[32minfo[39m] 	178 Sending GET request to http://localhost:9516/session/5561600f18e931907ba7e9447025506f/element/0.37869908702767763-1/text:  {}
2018-12-05T00:05:17.115Z [[32minfo[39m] 	179 Sending elements request to http://localhost:9516/session/5561600f18e931907ba7e9447025506f:  {"using":"xpath","value":"/html"}
2018-12-05T00:05:17.115Z [[32minfo[39m] 	179 Elements locator: {"value":"/html","using":"xpath"}
2018-12-05T00:05:17.123Z [[32minfo[39m] 	179 Elements response: {"sessionId":"5561600f18e931907ba7e9447025506f","status":0,"value":[{"ELEMENT":"0.37869908702767763-1"}]}
2018-12-05T00:05:17.125Z [[32minfo[39m] 	180 Sending GET request to http://localhost:9516/session/5561600f18e931907ba7e9447025506f/element/0.37869908702767763-1/displayed:  {}
2018-12-05T00:05:17.135Z [[32minfo[39m] 	181 Sending POST request to http://localhost:9516/session/5561600f18e931907ba7e9447025506f/execute:  {"script":"return arguments[0].textContent","args":[{"ELEMENT":"0.37869908702767763-1"}]}
2018-12-05T00:05:17.198Z [[32minfo[39m] 	182 Sending elements request to http://localhost:9516/session/5561600f18e931907ba7e9447025506f:  {"using":"xpath","value":"/html"}
2018-12-05T00:05:17.198Z [[32minfo[39m] 	182 Elements locator: {"value":"/html","using":"xpath"}
2018-12-05T00:05:17.207Z [[32minfo[39m] 	182 Elements response: {"sessionId":"5561600f18e931907ba7e9447025506f","status":0,"value":[{"ELEMENT":"0.37869908702767763-1"}]}
2018-12-05T00:05:17.209Z [[32minfo[39m] 	183 Sending GET request to http://localhost:9516/session/5561600f18e931907ba7e9447025506f/element/0.37869908702767763-1/displayed:  {}
2018-12-05T00:05:17.219Z [[32minfo[39m] 	184 Sending GET request to http://localhost:9516/session/5561600f18e931907ba7e9447025506f/element/0.37869908702767763-1/text:  {}
2018-12-05T00:05:17.268Z [[32minfo[39m] 	185 Sending elements request to http://localhost:9516/session/5561600f18e931907ba7e9447025506f:  {"using":"xpath","value":"/html"}
2018-12-05T00:05:17.268Z [[32minfo[39m] 	185 Elements locator: {"value":"/html","using":"xpath"}
2018-12-05T00:05:17.276Z [[32minfo[39m] 	185 Elements response: {"sessionId":"5561600f18e931907ba7e9447025506f","status":0,"value":[{"ELEMENT":"0.37869908702767763-1"}]}
2018-12-05T00:05:17.278Z [[32minfo[39m] 	186 Sending GET request to http://localhost:9516/session/5561600f18e931907ba7e9447025506f/element/0.37869908702767763-1/displayed:  {}
2018-12-05T00:05:17.289Z [[32minfo[39m] 	187 Sending POST request to http://localhost:9516/session/5561600f18e931907ba7e9447025506f/execute:  {"script":"return arguments[0].textContent","args":[{"ELEMENT":"0.37869908702767763-1"}]}
2018-12-05T00:05:17.353Z [[32minfo[39m] 	188 Sending elements request to http://localhost:9516/session/5561600f18e931907ba7e9447025506f:  {"using":"xpath","value":"/html"}
2018-12-05T00:05:17.353Z [[32minfo[39m] 	188 Elements locator: {"value":"/html","using":"xpath"}
2018-12-05T00:05:17.362Z [[32minfo[39m] 	188 Elements response: {"sessionId":"5561600f18e931907ba7e9447025506f","status":0,"value":[{"ELEMENT":"0.37869908702767763-1"}]}
2018-12-05T00:05:17.364Z [[32minfo[39m] 	189 Sending GET request to http://localhost:9516/session/5561600f18e931907ba7e9447025506f/element/0.37869908702767763-1/displayed:  {}
2018-12-05T00:05:17.374Z [[32minfo[39m] 	190 Sending GET request to http://localhost:9516/session/5561600f18e931907ba7e9447025506f/element/0.37869908702767763-1/text:  {}
2018-12-05T00:05:17.422Z [[32minfo[39m] 	191 Sending elements request to http://localhost:9516/session/5561600f18e931907ba7e9447025506f:  {"using":"xpath","value":"/html"}
2018-12-05T00:05:17.423Z [[32minfo[39m] 	191 Elements locator: {"value":"/html","using":"xpath"}
2018-12-05T00:05:17.431Z [[32minfo[39m] 	191 Elements response: {"sessionId":"5561600f18e931907ba7e9447025506f","status":0,"value":[{"ELEMENT":"0.37869908702767763-1"}]}
2018-12-05T00:05:17.433Z [[32minfo[39m] 	192 Sending GET request to http://localhost:9516/session/5561600f18e931907ba7e9447025506f/element/0.37869908702767763-1/displayed:  {}
2018-12-05T00:05:17.443Z [[32minfo[39m] 	193 Sending POST request to http://localhost:9516/session/5561600f18e931907ba7e9447025506f/execute:  {"script":"return arguments[0].textContent","args":[{"ELEMENT":"0.37869908702767763-1"}]}
2018-12-05T00:05:17.507Z [[32minfo[39m] 	194 Sending elements request to http://localhost:9516/session/5561600f18e931907ba7e9447025506f:  {"using":"xpath","value":"/html"}
2018-12-05T00:05:17.507Z [[32minfo[39m] 	194 Elements locator: {"value":"/html","using":"xpath"}
2018-12-05T00:05:17.517Z [[32minfo[39m] 	194 Elements response: {"sessionId":"5561600f18e931907ba7e9447025506f","status":0,"value":[{"ELEMENT":"0.37869908702767763-1"}]}
2018-12-05T00:05:17.519Z [[32minfo[39m] 	195 Sending GET request to http://localhost:9516/session/5561600f18e931907ba7e9447025506f/element/0.37869908702767763-1/displayed:  {}
2018-12-05T00:05:17.528Z [[32minfo[39m] 	196 Sending GET request to http://localhost:9516/session/5561600f18e931907ba7e9447025506f/element/0.37869908702767763-1/text:  {}
2018-12-05T00:05:17.577Z [[32minfo[39m] 	197 Sending elements request to http://localhost:9516/session/5561600f18e931907ba7e9447025506f:  {"using":"xpath","value":"/html"}
2018-12-05T00:05:17.577Z [[32minfo[39m] 	197 Elements locator: {"value":"/html","using":"xpath"}
2018-12-05T00:05:17.588Z [[32minfo[39m] 	197 Elements response: {"sessionId":"5561600f18e931907ba7e9447025506f","status":0,"value":[{"ELEMENT":"0.37869908702767763-1"}]}
2018-12-05T00:05:17.591Z [[32minfo[39m] 	198 Sending GET request to http://localhost:9516/session/5561600f18e931907ba7e9447025506f/element/0.37869908702767763-1/displayed:  {}
2018-12-05T00:05:17.602Z [[32minfo[39m] 	199 Sending POST request to http://localhost:9516/session/5561600f18e931907ba7e9447025506f/execute:  {"script":"return arguments[0].textContent","args":[{"ELEMENT":"0.37869908702767763-1"}]}
2018-12-05T00:05:17.668Z [[32minfo[39m] 	200 Sending elements request to http://localhost:9516/session/5561600f18e931907ba7e9447025506f:  {"using":"xpath","value":"/html"}
2018-12-05T00:05:17.669Z [[32minfo[39m] 	200 Elements locator: {"value":"/html","using":"xpath"}
2018-12-05T00:05:17.677Z [[32minfo[39m] 	200 Elements response: {"sessionId":"5561600f18e931907ba7e9447025506f","status":0,"value":[{"ELEMENT":"0.37869908702767763-1"}]}
2018-12-05T00:05:17.680Z [[32minfo[39m] 	201 Sending GET request to http://localhost:9516/session/5561600f18e931907ba7e9447025506f/element/0.37869908702767763-1/displayed:  {}
2018-12-05T00:05:17.690Z [[32minfo[39m] 	202 Sending GET request to http://localhost:9516/session/5561600f18e931907ba7e9447025506f/element/0.37869908702767763-1/text:  {}
2018-12-05T00:05:17.734Z [[32minfo[39m] 	203 Sending elements request to http://localhost:9516/session/5561600f18e931907ba7e9447025506f:  {"using":"xpath","value":"/html"}
2018-12-05T00:05:17.734Z [[32minfo[39m] 	203 Elements locator: {"value":"/html","using":"xpath"}
2018-12-05T00:05:17.743Z [[32minfo[39m] 	203 Elements response: {"sessionId":"5561600f18e931907ba7e9447025506f","status":0,"value":[{"ELEMENT":"0.37869908702767763-1"}]}
2018-12-05T00:05:17.745Z [[32minfo[39m] 	204 Sending GET request to http://localhost:9516/session/5561600f18e931907ba7e9447025506f/element/0.37869908702767763-1/displayed:  {}
2018-12-05T00:05:17.756Z [[32minfo[39m] 	205 Sending POST request to http://localhost:9516/session/5561600f18e931907ba7e9447025506f/execute:  {"script":"return arguments[0].textContent","args":[{"ELEMENT":"0.37869908702767763-1"}]}
2018-12-05T00:05:17.820Z [[32minfo[39m] 	206 Sending elements request to http://localhost:9516/session/5561600f18e931907ba7e9447025506f:  {"using":"xpath","value":"/html"}
2018-12-05T00:05:17.820Z [[32minfo[39m] 	206 Elements locator: {"value":"/html","using":"xpath"}
2018-12-05T00:05:17.829Z [[32minfo[39m] 	206 Elements response: {"sessionId":"5561600f18e931907ba7e9447025506f","status":0,"value":[{"ELEMENT":"0.37869908702767763-1"}]}
2018-12-05T00:05:17.831Z [[32minfo[39m] 	207 Sending GET request to http://localhost:9516/session/5561600f18e931907ba7e9447025506f/element/0.37869908702767763-1/displayed:  {}
2018-12-05T00:05:17.841Z [[32minfo[39m] 	208 Sending GET request to http://localhost:9516/session/5561600f18e931907ba7e9447025506f/element/0.37869908702767763-1/text:  {}
2018-12-05T00:05:17.893Z [[32minfo[39m] 	209 Sending elements request to http://localhost:9516/session/5561600f18e931907ba7e9447025506f:  {"using":"xpath","value":"/html"}
2018-12-05T00:05:17.893Z [[32minfo[39m] 	209 Elements locator: {"value":"/html","using":"xpath"}
2018-12-05T00:05:17.901Z [[32minfo[39m] 	209 Elements response: {"sessionId":"5561600f18e931907ba7e9447025506f","status":0,"value":[{"ELEMENT":"0.37869908702767763-1"}]}
2018-12-05T00:05:17.903Z [[32minfo[39m] 	210 Sending GET request to http://localhost:9516/session/5561600f18e931907ba7e9447025506f/element/0.37869908702767763-1/displayed:  {}
2018-12-05T00:05:17.914Z [[32minfo[39m] 	211 Sending POST request to http://localhost:9516/session/5561600f18e931907ba7e9447025506f/execute:  {"script":"return arguments[0].textContent","args":[{"ELEMENT":"0.37869908702767763-1"}]}
2018-12-05T00:05:17.943Z [[32minfo[39m] 	212 Sending GET request to http://localhost:9516/session/5561600f18e931907ba7e9447025506f/window_handles:  {}
2018-12-05T00:05:17.948Z [[32minfo[39m] 	213 Sending POST request to http://localhost:9516/session/5561600f18e931907ba7e9447025506f/window:  {"name":"CDwindow-C1756E1DDA5AA04079FADF2F729C8A1E"}
2018-12-05T00:05:17.956Z [[32minfo[39m] 	214 Sending GET request to http://localhost:9516/session/5561600f18e931907ba7e9447025506f/window_handles:  {}
2018-12-05T00:05:17.961Z [[32minfo[39m] 	215 Sending POST request to http://localhost:9516/session/5561600f18e931907ba7e9447025506f/goog/cdp/execute:  {"cmd":"Network.clearBrowserCookies","params":{}}
2018-12-05T00:05:17.971Z [[32minfo[39m] 	216 Sending DELETE request to http://localhost:9516/session/5561600f18e931907ba7e9447025506f/session_storage:  {}
2018-12-05T00:05:17.978Z [[32minfo[39m] 	217 Sending DELETE request to http://localhost:9516/session/5561600f18e931907ba7e9447025506f/local_storage:  {}
2018-12-05T00:05:17.985Z [[32minfo[39m] 	218 Sending POST request to http://localhost:9516/session/5561600f18e931907ba7e9447025506f/url:  {"url":"about:blank"}
2018-12-05T00:05:18.031Z [[32minfo[39m] 	219 Sending elements request to http://localhost:9516/session/5561600f18e931907ba7e9447025506f:  {"using":"xpath","value":"/html/body/*"}
2018-12-05T00:05:18.031Z [[32minfo[39m] 	219 Elements locator: {"value":"/html/body/*","using":"xpath"}
2018-12-05T00:05:18.050Z [[32minfo[39m] 	219 Elements response: {"sessionId":"5561600f18e931907ba7e9447025506f","status":0,"value":[]}
2018-12-05T00:05:18.099Z [[32minfo[39m] 	220 Sending DELETE request to http://localhost:9516/session/5561600f18e931907ba7e9447025506f:  {}
2018-12-05T00:05:18.209Z [[32minfo[39m] 	Sync elements
2018-12-05T00:05:20.782Z [[32minfo[39m] 	Stopping driver
