2018-12-04T23:59:34.882Z [[32minfo[39m] 	Starting TrueAutomation.IO client
2018-12-04T23:59:34.883Z [[32minfo[39m] 	API key: cf2038a3-013f-4b20-9362-8f0c1b91919d
2018-12-04T23:59:34.883Z [[32minfo[39m] 	Project name: TAEP-homepage
2018-12-04T23:59:34.883Z [[32minfo[39m] 	Cloud server: https://app.trueautomation.io
2018-12-04T23:59:34.883Z [[32minfo[39m] 	Starting chromeDriver /Users/delight/.trueautomation/chromedriver/chromedriver_mac64_2.44 on port 9516...
2018-12-04T23:59:35.445Z [[32minfo[39m] 	TrueAutomation.IO Client is listening on port 9515
2018-12-04T23:59:37.179Z [[32minfo[39m] 	0 Create session response: {"sessionId":"f0aefa52def1967337cffa432a1d5c58","status":0,"value":{"acceptInsecureCerts":false,"acceptSslCerts":false,"applicationCacheEnabled":false,"browserConnectionEnabled":false,"browserName":"chrome","chrome":{"chromedriverVersion":"2.44.609545 (c2f88692e98ce7233d2df7c724465ecacfe74df5)","userDataDir":"/var/folders/s2/z5gqzlh91gq2thydw9h4p3yh0000gn/T/.org.chromium.Chromium.HWJMhk"},"cssSelectorsEnabled":true,"databaseEnabled":false,"goog:chromeOptions":{"debuggerAddress":"localhost:60251"},"handlesAlerts":true,"hasTouchScreen":false,"javascriptEnabled":true,"locationContextEnabled":true,"mobileEmulationEnabled":false,"nativeEvents":true,"networkConnectionEnabled":false,"pageLoadStrategy":"normal","platform":"Mac OS X","rotatable":false,"setWindowRect":true,"takesHeapSnapshot":true,"takesScreenshot":true,"unexpectedAlertBehaviour":"ignore","version":"70.0.3538.110","webStorageEnabled":true}}
2018-12-04T23:59:37.202Z [[32minfo[39m] 	1 Sending POST request to http://localhost:9516/session/f0aefa52def1967337cffa432a1d5c58/url:  {"url":"https://trueautomation.io/"}
2018-12-04T23:59:42.423Z [[32minfo[39m] 	2 Sending elements request to http://localhost:9516/session/f0aefa52def1967337cffa432a1d5c58:  {"using":"css selector","value":"__taonly__trueautomationio:home:loginBtn__taonly__"}
2018-12-04T23:59:42.582Z [[32minfo[39m] 	2 Enum nodes response:  {"sessionId":"f0aefa52def1967337cffa432a
2018-12-04T23:59:42.763Z [[32minfo[39m] 	2 Elements locator: {"value":"/*[1]/*[2]/*[1]/*[1]/*[1]/*[2]/*[1]/*[2]/*[1]","using":"xpath"}
2018-12-04T23:59:42.779Z [[32minfo[39m] 	2 Elements response: {"sessionId":"f0aefa52def1967337cffa432a1d5c58","status":0,"value":[{"ELEMENT":"0.5291682928002981-1"}]}
2018-12-04T23:59:42.784Z [[32minfo[39m] 	3 Sending GET request to http://localhost:9516/session/f0aefa52def1967337cffa432a1d5c58/element/0.5291682928002981-1/displayed:  {}
2018-12-04T23:59:42.807Z [[32minfo[39m] 	4 Sending POST request to http://localhost:9516/session/f0aefa52def1967337cffa432a1d5c58/element/0.5291682928002981-1/click:  {}
2018-12-04T23:59:49.997Z [[32minfo[39m] 	5 Sending elements request to http://localhost:9516/session/f0aefa52def1967337cffa432a1d5c58:  {"using":"xpath","value":"./descendant::*[self::input | self::textarea][not(((((((./@type = 'submit') or (./@type = 'image')) or (./@type = 'radio')) or (./@type = 'checkbox')) or (./@type = 'hidden')) or (./@type = 'file')))][((((./@id = '__taonly__trueautomationio:auth:signin:EmailField__taonly__') or (./@name = '__taonly__trueautomationio:auth:signin:EmailField__taonly__')) or (./@placeholder = '__taonly__trueautomationio:auth:signin:EmailField__taonly__')) or (./@id = //label[(normalize-space(string(.)) = '__taonly__trueautomationio:auth:signin:EmailField__taonly__')]/@for))] | .//label[(normalize-space(string(.)) = '__taonly__trueautomationio:auth:signin:EmailField__taonly__')]//./descendant::*[self::input | self::textarea][not(((((((./@type = 'submit') or (./@type = 'image')) or (./@type = 'radio')) or (./@type = 'checkbox')) or (./@type = 'hidden')) or (./@type = 'file')))]"}
2018-12-04T23:59:50.022Z [[32minfo[39m] 	5 Enum nodes response:  {"sessionId":"f0aefa52def1967337cffa432a
2018-12-04T23:59:50.040Z [[32minfo[39m] 	5 Elements locator: {"value":"/*[1]/*[2]/*[1]/*[2]/*[3]/*[2]/*[1]","using":"xpath"}
2018-12-04T23:59:50.057Z [[32minfo[39m] 	5 Elements response: {"sessionId":"f0aefa52def1967337cffa432a1d5c58","status":0,"value":[{"ELEMENT":"0.2848976538637886-1"}]}
2018-12-04T23:59:50.064Z [[32minfo[39m] 	6 Sending GET request to http://localhost:9516/session/f0aefa52def1967337cffa432a1d5c58/element/0.2848976538637886-1/displayed:  {}
2018-12-04T23:59:50.084Z [[32minfo[39m] 	7 Sending GET request to http://localhost:9516/session/f0aefa52def1967337cffa432a1d5c58/element/0.2848976538637886-1/enabled:  {}
2018-12-04T23:59:50.099Z [[32minfo[39m] 	8 Sending GET request to http://localhost:9516/session/f0aefa52def1967337cffa432a1d5c58/element/0.2848976538637886-1/name:  {}
2018-12-04T23:59:50.108Z [[32minfo[39m] 	9 Sending GET request to http://localhost:9516/session/f0aefa52def1967337cffa432a1d5c58/element/0.2848976538637886-1/attribute/readonly:  {}
2018-12-04T23:59:50.119Z [[32minfo[39m] 	10 Sending GET request to http://localhost:9516/session/f0aefa52def1967337cffa432a1d5c58/element/0.2848976538637886-1/name:  {}
2018-12-04T23:59:50.126Z [[32minfo[39m] 	11 Sending GET request to http://localhost:9516/session/f0aefa52def1967337cffa432a1d5c58/element/0.2848976538637886-1/attribute/type:  {}
2018-12-04T23:59:50.137Z [[32minfo[39m] 	12 Sending POST request to http://localhost:9516/session/f0aefa52def1967337cffa432a1d5c58/execute:  {"script":"arguments[0].value = ''","args":[{"ELEMENT":"0.2848976538637886-1"}]}
2018-12-04T23:59:50.146Z [[32minfo[39m] 	13 Sending POST request to http://localhost:9516/session/f0aefa52def1967337cffa432a1d5c58/element/0.2848976538637886-1/value:  {"value":["stas.odessa@ua.fm"]}
2018-12-04T23:59:50.290Z [[32minfo[39m] 	14 Sending elements request to http://localhost:9516/session/f0aefa52def1967337cffa432a1d5c58:  {"using":"xpath","value":"./descendant::*[self::input | self::textarea][not(((((((./@type = 'submit') or (./@type = 'image')) or (./@type = 'radio')) or (./@type = 'checkbox')) or (./@type = 'hidden')) or (./@type = 'file')))][((((./@id = '__taonly__trueautomationio:auth:signin:PasswordField__taonly__') or (./@name = '__taonly__trueautomationio:auth:signin:PasswordField__taonly__')) or (./@placeholder = '__taonly__trueautomationio:auth:signin:PasswordField__taonly__')) or (./@id = //label[(normalize-space(string(.)) = '__taonly__trueautomationio:auth:signin:PasswordField__taonly__')]/@for))] | .//label[(normalize-space(string(.)) = '__taonly__trueautomationio:auth:signin:PasswordField__taonly__')]//./descendant::*[self::input | self::textarea][not(((((((./@type = 'submit') or (./@type = 'image')) or (./@type = 'radio')) or (./@type = 'checkbox')) or (./@type = 'hidden')) or (./@type = 'file')))]"}
2018-12-04T23:59:50.307Z [[32minfo[39m] 	14 Enum nodes response:  {"sessionId":"f0aefa52def1967337cffa432a
2018-12-04T23:59:50.323Z [[32minfo[39m] 	14 Elements locator: {"value":"/*[1]/*[2]/*[1]/*[2]/*[3]/*[3]/*[1]","using":"xpath"}
2018-12-04T23:59:50.337Z [[32minfo[39m] 	14 Elements response: {"sessionId":"f0aefa52def1967337cffa432a1d5c58","status":0,"value":[{"ELEMENT":"0.2848976538637886-2"}]}
2018-12-04T23:59:50.340Z [[32minfo[39m] 	15 Sending GET request to http://localhost:9516/session/f0aefa52def1967337cffa432a1d5c58/element/0.2848976538637886-2/displayed:  {}
2018-12-04T23:59:50.356Z [[32minfo[39m] 	16 Sending GET request to http://localhost:9516/session/f0aefa52def1967337cffa432a1d5c58/element/0.2848976538637886-2/enabled:  {}
2018-12-04T23:59:50.377Z [[32minfo[39m] 	17 Sending GET request to http://localhost:9516/session/f0aefa52def1967337cffa432a1d5c58/element/0.2848976538637886-2/name:  {}
2018-12-04T23:59:50.386Z [[32minfo[39m] 	18 Sending GET request to http://localhost:9516/session/f0aefa52def1967337cffa432a1d5c58/element/0.2848976538637886-2/attribute/readonly:  {}
2018-12-04T23:59:50.399Z [[32minfo[39m] 	19 Sending GET request to http://localhost:9516/session/f0aefa52def1967337cffa432a1d5c58/element/0.2848976538637886-2/name:  {}
2018-12-04T23:59:50.407Z [[32minfo[39m] 	20 Sending GET request to http://localhost:9516/session/f0aefa52def1967337cffa432a1d5c58/element/0.2848976538637886-2/attribute/type:  {}
2018-12-04T23:59:50.416Z [[32minfo[39m] 	21 Sending POST request to http://localhost:9516/session/f0aefa52def1967337cffa432a1d5c58/execute:  {"script":"arguments[0].value = ''","args":[{"ELEMENT":"0.2848976538637886-2"}]}
2018-12-04T23:59:50.425Z [[32minfo[39m] 	22 Sending POST request to http://localhost:9516/session/f0aefa52def1967337cffa432a1d5c58/element/0.2848976538637886-2/value:  {"value":["7167276Ss"]}
2018-12-04T23:59:50.479Z [[32minfo[39m] 	23 Sending elements request to http://localhost:9516/session/f0aefa52def1967337cffa432a1d5c58:  {"using":"css selector","value":"__taonly__trueautomationio:auth:signin:LoginBtn__taonly__"}
2018-12-04T23:59:50.495Z [[32minfo[39m] 	23 Enum nodes response:  {"sessionId":"f0aefa52def1967337cffa432a
2018-12-04T23:59:50.511Z [[32minfo[39m] 	23 Elements locator: {"value":"/*[1]/*[2]/*[1]/*[2]/*[3]/*[5]","using":"xpath"}
2018-12-04T23:59:50.530Z [[32minfo[39m] 	23 Elements response: {"sessionId":"f0aefa52def1967337cffa432a1d5c58","status":0,"value":[{"ELEMENT":"0.2848976538637886-3"}]}
2018-12-04T23:59:50.533Z [[32minfo[39m] 	24 Sending GET request to http://localhost:9516/session/f0aefa52def1967337cffa432a1d5c58/element/0.2848976538637886-3/displayed:  {}
2018-12-04T23:59:50.551Z [[32minfo[39m] 	25 Sending POST request to http://localhost:9516/session/f0aefa52def1967337cffa432a1d5c58/element/0.2848976538637886-3/click:  {}
2018-12-04T23:59:58.846Z [[32minfo[39m] 	26 Sending elements request to http://localhost:9516/session/f0aefa52def1967337cffa432a1d5c58:  {"using":"xpath","value":"/html"}
2018-12-04T23:59:58.846Z [[32minfo[39m] 	26 Elements locator: {"value":"/html","using":"xpath"}
2018-12-04T23:59:58.863Z [[32minfo[39m] 	26 Elements response: {"sessionId":"f0aefa52def1967337cffa432a1d5c58","status":0,"value":[{"ELEMENT":"0.7726886951114005-1"}]}
2018-12-04T23:59:58.865Z [[32minfo[39m] 	27 Sending GET request to http://localhost:9516/session/f0aefa52def1967337cffa432a1d5c58/element/0.7726886951114005-1/displayed:  {}
2018-12-04T23:59:58.887Z [[32minfo[39m] 	28 Sending GET request to http://localhost:9516/session/f0aefa52def1967337cffa432a1d5c58/element/0.7726886951114005-1/text:  {}
2018-12-04T23:59:58.935Z [[32minfo[39m] 	29 Sending GET request to http://localhost:9516/session/f0aefa52def1967337cffa432a1d5c58/window_handles:  {}
2018-12-04T23:59:58.944Z [[32minfo[39m] 	30 Sending POST request to http://localhost:9516/session/f0aefa52def1967337cffa432a1d5c58/window:  {"name":"CDwindow-A5D6BA2A71E37D82B3B4C816FF72C1CC"}
2018-12-04T23:59:58.975Z [[32minfo[39m] 	31 Sending GET request to http://localhost:9516/session/f0aefa52def1967337cffa432a1d5c58/window_handles:  {}
2018-12-04T23:59:59.000Z [[32minfo[39m] 	32 Sending POST request to http://localhost:9516/session/f0aefa52def1967337cffa432a1d5c58/goog/cdp/execute:  {"cmd":"Network.clearBrowserCookies","params":{}}
2018-12-04T23:59:59.092Z [[32minfo[39m] 	33 Sending DELETE request to http://localhost:9516/session/f0aefa52def1967337cffa432a1d5c58/session_storage:  {}
2018-12-04T23:59:59.149Z [[32minfo[39m] 	34 Sending DELETE request to http://localhost:9516/session/f0aefa52def1967337cffa432a1d5c58/local_storage:  {}
2018-12-04T23:59:59.155Z [[32minfo[39m] 	35 Sending POST request to http://localhost:9516/session/f0aefa52def1967337cffa432a1d5c58/url:  {"url":"about:blank"}
2018-12-04T23:59:59.196Z [[32minfo[39m] 	36 Sending elements request to http://localhost:9516/session/f0aefa52def1967337cffa432a1d5c58:  {"using":"xpath","value":"/html/body/*"}
2018-12-04T23:59:59.197Z [[32minfo[39m] 	36 Elements locator: {"value":"/html/body/*","using":"xpath"}
2018-12-04T23:59:59.219Z [[32minfo[39m] 	36 Elements response: {"sessionId":"f0aefa52def1967337cffa432a1d5c58","status":0,"value":[]}
2018-12-04T23:59:59.233Z [[32minfo[39m] 	37 Sending DELETE request to http://localhost:9516/session/f0aefa52def1967337cffa432a1d5c58:  {}
2018-12-04T23:59:59.368Z [[32minfo[39m] 	Sync elements
2018-12-05T00:00:00.915Z [[32minfo[39m] 	Stopping driver
