2018-12-04T23:42:18.220Z [[32minfo[39m] 	Starting TrueAutomation.IO client
2018-12-04T23:42:18.221Z [[32minfo[39m] 	API key: cf2038a3-013f-4b20-9362-8f0c1b91919d
2018-12-04T23:42:18.221Z [[32minfo[39m] 	Project name: TAEP-homepage
2018-12-04T23:42:18.221Z [[32minfo[39m] 	Cloud server: https://app.trueautomation.io
2018-12-04T23:42:18.222Z [[32minfo[39m] 	Starting chromeDriver /Users/delight/.trueautomation/chromedriver/chromedriver_mac64_2.44 on port 9516...
2018-12-04T23:42:18.786Z [[32minfo[39m] 	TrueAutomation.IO Client is listening on port 9515
2018-12-04T23:42:20.412Z [[32minfo[39m] 	0 Create session response: {"sessionId":"ef2d2c03c41481f7a542d87456a09c4c","status":0,"value":{"acceptInsecureCerts":false,"acceptSslCerts":false,"applicationCacheEnabled":false,"browserConnectionEnabled":false,"browserName":"chrome","chrome":{"chromedriverVersion":"2.44.609545 (c2f88692e98ce7233d2df7c724465ecacfe74df5)","userDataDir":"/var/folders/s2/z5gqzlh91gq2thydw9h4p3yh0000gn/T/.org.chromium.Chromium.rBwUml"},"cssSelectorsEnabled":true,"databaseEnabled":false,"goog:chromeOptions":{"debuggerAddress":"localhost:56525"},"handlesAlerts":true,"hasTouchScreen":false,"javascriptEnabled":true,"locationContextEnabled":true,"mobileEmulationEnabled":false,"nativeEvents":true,"networkConnectionEnabled":false,"pageLoadStrategy":"normal","platform":"Mac OS X","rotatable":false,"setWindowRect":true,"takesHeapSnapshot":true,"takesScreenshot":true,"unexpectedAlertBehaviour":"ignore","version":"70.0.3538.110","webStorageEnabled":true}}
2018-12-04T23:42:20.430Z [[32minfo[39m] 	1 Sending POST request to http://localhost:9516/session/ef2d2c03c41481f7a542d87456a09c4c/url:  {"url":"https://trueautomation.io/"}
2018-12-04T23:42:26.483Z [[32minfo[39m] 	2 Sending elements request to http://localhost:9516/session/ef2d2c03c41481f7a542d87456a09c4c:  {"using":"css selector","value":"__taonly__trueautomationio:home:loginBtn__taonly__"}
2018-12-04T23:42:26.651Z [[32minfo[39m] 	2 Enum nodes response:  {"sessionId":"ef2d2c03c41481f7a542d87456
2018-12-04T23:42:26.826Z [[32minfo[39m] 	2 Elements locator: {"value":"/*[1]/*[2]/*[1]/*[1]/*[1]/*[2]/*[1]/*[2]/*[1]","using":"xpath"}
2018-12-04T23:42:26.846Z [[32minfo[39m] 	2 Elements response: {"sessionId":"ef2d2c03c41481f7a542d87456a09c4c","status":0,"value":[{"ELEMENT":"0.44258177260552234-1"}]}
2018-12-04T23:42:26.849Z [[32minfo[39m] 	3 Sending GET request to http://localhost:9516/session/ef2d2c03c41481f7a542d87456a09c4c/element/0.44258177260552234-1/displayed:  {}
2018-12-04T23:42:26.868Z [[32minfo[39m] 	4 Sending POST request to http://localhost:9516/session/ef2d2c03c41481f7a542d87456a09c4c/element/0.44258177260552234-1/click:  {}
2018-12-04T23:42:28.692Z [[32minfo[39m] 	5 Sending elements request to http://localhost:9516/session/ef2d2c03c41481f7a542d87456a09c4c:  {"using":"xpath","value":"./descendant::*[self::input | self::textarea][not(((((((./@type = 'submit') or (./@type = 'image')) or (./@type = 'radio')) or (./@type = 'checkbox')) or (./@type = 'hidden')) or (./@type = 'file')))][((((./@id = '__taonly__trueautomationio:auth:signin:EmailField__taonly__') or (./@name = '__taonly__trueautomationio:auth:signin:EmailField__taonly__')) or (./@placeholder = '__taonly__trueautomationio:auth:signin:EmailField__taonly__')) or (./@id = //label[(normalize-space(string(.)) = '__taonly__trueautomationio:auth:signin:EmailField__taonly__')]/@for))] | .//label[(normalize-space(string(.)) = '__taonly__trueautomationio:auth:signin:EmailField__taonly__')]//./descendant::*[self::input | self::textarea][not(((((((./@type = 'submit') or (./@type = 'image')) or (./@type = 'radio')) or (./@type = 'checkbox')) or (./@type = 'hidden')) or (./@type = 'file')))]"}
2018-12-04T23:42:28.709Z [[32minfo[39m] 	5 Enum nodes response:  {"sessionId":"ef2d2c03c41481f7a542d87456
2018-12-04T23:42:28.732Z [[32minfo[39m] 	5 Elements locator: {"value":"/*[1]/*[2]/*[1]/*[2]/*[3]/*[2]/*[1]","using":"xpath"}
2018-12-04T23:42:28.759Z [[32minfo[39m] 	5 Elements response: {"sessionId":"ef2d2c03c41481f7a542d87456a09c4c","status":0,"value":[{"ELEMENT":"0.3015711121941318-1"}]}
2018-12-04T23:42:28.762Z [[32minfo[39m] 	6 Sending GET request to http://localhost:9516/session/ef2d2c03c41481f7a542d87456a09c4c/element/0.3015711121941318-1/displayed:  {}
2018-12-04T23:42:28.788Z [[32minfo[39m] 	7 Sending GET request to http://localhost:9516/session/ef2d2c03c41481f7a542d87456a09c4c/element/0.3015711121941318-1/enabled:  {}
2018-12-04T23:42:28.814Z [[32minfo[39m] 	8 Sending GET request to http://localhost:9516/session/ef2d2c03c41481f7a542d87456a09c4c/element/0.3015711121941318-1/name:  {}
2018-12-04T23:42:28.824Z [[32minfo[39m] 	9 Sending GET request to http://localhost:9516/session/ef2d2c03c41481f7a542d87456a09c4c/element/0.3015711121941318-1/attribute/readonly:  {}
2018-12-04T23:42:28.836Z [[32minfo[39m] 	10 Sending GET request to http://localhost:9516/session/ef2d2c03c41481f7a542d87456a09c4c/element/0.3015711121941318-1/name:  {}
2018-12-04T23:42:28.845Z [[32minfo[39m] 	11 Sending GET request to http://localhost:9516/session/ef2d2c03c41481f7a542d87456a09c4c/element/0.3015711121941318-1/attribute/type:  {}
2018-12-04T23:42:28.857Z [[32minfo[39m] 	12 Sending POST request to http://localhost:9516/session/ef2d2c03c41481f7a542d87456a09c4c/execute:  {"script":"arguments[0].value = ''","args":[{"ELEMENT":"0.3015711121941318-1"}]}
2018-12-04T23:42:28.869Z [[32minfo[39m] 	13 Sending POST request to http://localhost:9516/session/ef2d2c03c41481f7a542d87456a09c4c/element/0.3015711121941318-1/value:  {"value":["stas.odessa@ua.fm"]}
2018-12-04T23:42:29.161Z [[32minfo[39m] 	14 Sending elements request to http://localhost:9516/session/ef2d2c03c41481f7a542d87456a09c4c:  {"using":"xpath","value":"./descendant::*[self::input | self::textarea][not(((((((./@type = 'submit') or (./@type = 'image')) or (./@type = 'radio')) or (./@type = 'checkbox')) or (./@type = 'hidden')) or (./@type = 'file')))][((((./@id = '__taonly__trueautomationio:auth:signin:PasswordField__taonly__') or (./@name = '__taonly__trueautomationio:auth:signin:PasswordField__taonly__')) or (./@placeholder = '__taonly__trueautomationio:auth:signin:PasswordField__taonly__')) or (./@id = //label[(normalize-space(string(.)) = '__taonly__trueautomationio:auth:signin:PasswordField__taonly__')]/@for))] | .//label[(normalize-space(string(.)) = '__taonly__trueautomationio:auth:signin:PasswordField__taonly__')]//./descendant::*[self::input | self::textarea][not(((((((./@type = 'submit') or (./@type = 'image')) or (./@type = 'radio')) or (./@type = 'checkbox')) or (./@type = 'hidden')) or (./@type = 'file')))]"}
2018-12-04T23:42:29.187Z [[32minfo[39m] 	14 Enum nodes response:  {"sessionId":"ef2d2c03c41481f7a542d87456
2018-12-04T23:42:29.215Z [[32minfo[39m] 	14 Elements locator: {"value":"/*[1]/*[2]/*[1]/*[2]/*[3]/*[3]/*[1]","using":"xpath"}
2018-12-04T23:42:29.236Z [[32minfo[39m] 	14 Elements response: {"sessionId":"ef2d2c03c41481f7a542d87456a09c4c","status":0,"value":[{"ELEMENT":"0.3015711121941318-2"}]}
2018-12-04T23:42:29.239Z [[32minfo[39m] 	15 Sending GET request to http://localhost:9516/session/ef2d2c03c41481f7a542d87456a09c4c/element/0.3015711121941318-2/displayed:  {}
2018-12-04T23:42:29.263Z [[32minfo[39m] 	16 Sending GET request to http://localhost:9516/session/ef2d2c03c41481f7a542d87456a09c4c/element/0.3015711121941318-2/enabled:  {}
2018-12-04T23:42:29.276Z [[32minfo[39m] 	17 Sending GET request to http://localhost:9516/session/ef2d2c03c41481f7a542d87456a09c4c/element/0.3015711121941318-2/name:  {}
2018-12-04T23:42:29.284Z [[32minfo[39m] 	18 Sending GET request to http://localhost:9516/session/ef2d2c03c41481f7a542d87456a09c4c/element/0.3015711121941318-2/attribute/readonly:  {}
2018-12-04T23:42:29.294Z [[32minfo[39m] 	19 Sending GET request to http://localhost:9516/session/ef2d2c03c41481f7a542d87456a09c4c/element/0.3015711121941318-2/name:  {}
2018-12-04T23:42:29.304Z [[32minfo[39m] 	20 Sending GET request to http://localhost:9516/session/ef2d2c03c41481f7a542d87456a09c4c/element/0.3015711121941318-2/attribute/type:  {}
2018-12-04T23:42:29.322Z [[32minfo[39m] 	21 Sending POST request to http://localhost:9516/session/ef2d2c03c41481f7a542d87456a09c4c/execute:  {"script":"arguments[0].value = ''","args":[{"ELEMENT":"0.3015711121941318-2"}]}
2018-12-04T23:42:29.334Z [[32minfo[39m] 	22 Sending POST request to http://localhost:9516/session/ef2d2c03c41481f7a542d87456a09c4c/element/0.3015711121941318-2/value:  {"value":["7167276Ss"]}
2018-12-04T23:42:29.402Z [[32minfo[39m] 	23 Sending elements request to http://localhost:9516/session/ef2d2c03c41481f7a542d87456a09c4c:  {"using":"css selector","value":"__taonly__trueautomationio:auth:signin:LoginBtn__taonly__"}
2018-12-04T23:42:29.420Z [[32minfo[39m] 	23 Enum nodes response:  {"sessionId":"ef2d2c03c41481f7a542d87456
2018-12-04T23:42:29.443Z [[32minfo[39m] 	23 Elements locator: {"value":"/*[1]/*[2]/*[1]/*[2]/*[3]/*[5]","using":"xpath"}
2018-12-04T23:42:29.467Z [[32minfo[39m] 	23 Elements response: {"sessionId":"ef2d2c03c41481f7a542d87456a09c4c","status":0,"value":[{"ELEMENT":"0.3015711121941318-3"}]}
2018-12-04T23:42:29.470Z [[32minfo[39m] 	24 Sending GET request to http://localhost:9516/session/ef2d2c03c41481f7a542d87456a09c4c/element/0.3015711121941318-3/displayed:  {}
2018-12-04T23:42:29.488Z [[32minfo[39m] 	25 Sending POST request to http://localhost:9516/session/ef2d2c03c41481f7a542d87456a09c4c/element/0.3015711121941318-3/click:  {}
2018-12-04T23:42:31.623Z [[32minfo[39m] 	26 Sending elements request to http://localhost:9516/session/ef2d2c03c41481f7a542d87456a09c4c:  {"using":"xpath","value":"/html"}
2018-12-04T23:42:31.623Z [[32minfo[39m] 	26 Elements locator: {"value":"/html","using":"xpath"}
2018-12-04T23:42:31.681Z [[32minfo[39m] 	26 Elements response: {"sessionId":"ef2d2c03c41481f7a542d87456a09c4c","status":0,"value":[{"ELEMENT":"0.7541249181414824-1"}]}
2018-12-04T23:42:31.692Z [[32minfo[39m] 	27 Sending GET request to http://localhost:9516/session/ef2d2c03c41481f7a542d87456a09c4c/element/0.7541249181414824-1/displayed:  {}
2018-12-04T23:42:31.715Z [[32minfo[39m] 	28 Sending GET request to http://localhost:9516/session/ef2d2c03c41481f7a542d87456a09c4c/element/0.7541249181414824-1/text:  {}
2018-12-04T23:42:31.777Z [[32minfo[39m] 	29 Sending GET request to http://localhost:9516/session/ef2d2c03c41481f7a542d87456a09c4c/window_handles:  {}
2018-12-04T23:42:31.783Z [[32minfo[39m] 	30 Sending POST request to http://localhost:9516/session/ef2d2c03c41481f7a542d87456a09c4c/window:  {"name":"CDwindow-A0694889D3366D70CBD8A4A2974CCC52"}
2018-12-04T23:42:31.791Z [[32minfo[39m] 	31 Sending GET request to http://localhost:9516/session/ef2d2c03c41481f7a542d87456a09c4c/window_handles:  {}
2018-12-04T23:42:31.797Z [[32minfo[39m] 	32 Sending POST request to http://localhost:9516/session/ef2d2c03c41481f7a542d87456a09c4c/goog/cdp/execute:  {"cmd":"Network.clearBrowserCookies","params":{}}
2018-12-04T23:42:31.808Z [[32minfo[39m] 	33 Sending DELETE request to http://localhost:9516/session/ef2d2c03c41481f7a542d87456a09c4c/session_storage:  {}
2018-12-04T23:42:31.815Z [[32minfo[39m] 	34 Sending DELETE request to http://localhost:9516/session/ef2d2c03c41481f7a542d87456a09c4c/local_storage:  {}
2018-12-04T23:42:31.822Z [[32minfo[39m] 	35 Sending POST request to http://localhost:9516/session/ef2d2c03c41481f7a542d87456a09c4c/url:  {"url":"about:blank"}
2018-12-04T23:42:31.857Z [[32minfo[39m] 	36 Sending elements request to http://localhost:9516/session/ef2d2c03c41481f7a542d87456a09c4c:  {"using":"xpath","value":"/html/body/*"}
2018-12-04T23:42:31.858Z [[32minfo[39m] 	36 Elements locator: {"value":"/html/body/*","using":"xpath"}
2018-12-04T23:42:31.882Z [[32minfo[39m] 	36 Elements response: {"sessionId":"ef2d2c03c41481f7a542d87456a09c4c","status":0,"value":[]}
2018-12-04T23:42:31.940Z [[32minfo[39m] 	37 Sending DELETE request to http://localhost:9516/session/ef2d2c03c41481f7a542d87456a09c4c:  {}
2018-12-04T23:42:32.068Z [[32minfo[39m] 	Sync elements
2018-12-04T23:42:33.564Z [[32minfo[39m] 	Stopping driver
