2018-12-05T00:04:13.845Z [[32minfo[39m] 	Starting TrueAutomation.IO client
2018-12-05T00:04:13.846Z [[32minfo[39m] 	API key: cf2038a3-013f-4b20-9362-8f0c1b91919d
2018-12-05T00:04:13.846Z [[32minfo[39m] 	Project name: TAEP-homepage
2018-12-05T00:04:13.846Z [[32minfo[39m] 	Cloud server: https://app.trueautomation.io
2018-12-05T00:04:13.846Z [[32minfo[39m] 	Starting chromeDriver /Users/delight/.trueautomation/chromedriver/chromedriver_mac64_2.44 on port 9516...
2018-12-05T00:04:14.402Z [[32minfo[39m] 	TrueAutomation.IO Client is listening on port 9515
2018-12-05T00:04:17.700Z [[32minfo[39m] 	0 Create session response: {"sessionId":"f68a8b28f4c864213c62e6bda9dd8e48","status":0,"value":{"acceptInsecureCerts":false,"acceptSslCerts":false,"applicationCacheEnabled":false,"browserConnectionEnabled":false,"browserName":"chrome","chrome":{"chromedriverVersion":"2.44.609545 (c2f88692e98ce7233d2df7c724465ecacfe74df5)","userDataDir":"/var/folders/s2/z5gqzlh91gq2thydw9h4p3yh0000gn/T/.org.chromium.Chromium.CJhVfK"},"cssSelectorsEnabled":true,"databaseEnabled":false,"goog:chromeOptions":{"debuggerAddress":"localhost:61067"},"handlesAlerts":true,"hasTouchScreen":false,"javascriptEnabled":true,"locationContextEnabled":true,"mobileEmulationEnabled":false,"nativeEvents":true,"networkConnectionEnabled":false,"pageLoadStrategy":"normal","platform":"Mac OS X","rotatable":false,"setWindowRect":true,"takesHeapSnapshot":true,"takesScreenshot":true,"unexpectedAlertBehaviour":"ignore","version":"70.0.3538.110","webStorageEnabled":true}}
2018-12-05T00:04:17.775Z [[32minfo[39m] 	1 Sending POST request to http://localhost:9516/session/f68a8b28f4c864213c62e6bda9dd8e48/url:  {"url":"https://trueautomation.io/"}
2018-12-05T00:04:22.943Z [[32minfo[39m] 	2 Sending elements request to http://localhost:9516/session/f68a8b28f4c864213c62e6bda9dd8e48:  {"using":"css selector","value":"__taonly__trueautomationio:home:loginBtn__taonly__"}
2018-12-05T00:04:23.090Z [[32minfo[39m] 	2 Enum nodes response:  {"sessionId":"f68a8b28f4c864213c62e6bda9
2018-12-05T00:04:23.254Z [[32minfo[39m] 	2 Elements locator: {"value":"/*[1]/*[2]/*[1]/*[1]/*[1]/*[2]/*[1]/*[2]/*[1]","using":"xpath"}
2018-12-05T00:04:23.290Z [[32minfo[39m] 	2 Elements response: {"sessionId":"f68a8b28f4c864213c62e6bda9dd8e48","status":0,"value":[{"ELEMENT":"0.045850621661002844-1"}]}
2018-12-05T00:04:23.295Z [[32minfo[39m] 	3 Sending GET request to http://localhost:9516/session/f68a8b28f4c864213c62e6bda9dd8e48/element/0.045850621661002844-1/displayed:  {}
2018-12-05T00:04:23.313Z [[32minfo[39m] 	4 Sending POST request to http://localhost:9516/session/f68a8b28f4c864213c62e6bda9dd8e48/element/0.045850621661002844-1/click:  {}
2018-12-05T00:04:25.776Z [[32minfo[39m] 	5 Sending elements request to http://localhost:9516/session/f68a8b28f4c864213c62e6bda9dd8e48:  {"using":"xpath","value":"./descendant::*[self::input | self::textarea][not(((((((./@type = 'submit') or (./@type = 'image')) or (./@type = 'radio')) or (./@type = 'checkbox')) or (./@type = 'hidden')) or (./@type = 'file')))][((((./@id = '__taonly__trueautomationio:auth:signin:EmailField__taonly__') or (./@name = '__taonly__trueautomationio:auth:signin:EmailField__taonly__')) or (./@placeholder = '__taonly__trueautomationio:auth:signin:EmailField__taonly__')) or (./@id = //label[(normalize-space(string(.)) = '__taonly__trueautomationio:auth:signin:EmailField__taonly__')]/@for))] | .//label[(normalize-space(string(.)) = '__taonly__trueautomationio:auth:signin:EmailField__taonly__')]//./descendant::*[self::input | self::textarea][not(((((((./@type = 'submit') or (./@type = 'image')) or (./@type = 'radio')) or (./@type = 'checkbox')) or (./@type = 'hidden')) or (./@type = 'file')))]"}
2018-12-05T00:04:25.794Z [[32minfo[39m] 	5 Enum nodes response:  {"sessionId":"f68a8b28f4c864213c62e6bda9
2018-12-05T00:04:25.822Z [[32minfo[39m] 	5 Elements locator: {"value":"/*[1]/*[2]/*[1]/*[2]/*[3]/*[2]/*[1]","using":"xpath"}
2018-12-05T00:04:25.842Z [[32minfo[39m] 	5 Elements response: {"sessionId":"f68a8b28f4c864213c62e6bda9dd8e48","status":0,"value":[{"ELEMENT":"0.5826014374508046-1"}]}
2018-12-05T00:04:25.845Z [[32minfo[39m] 	6 Sending GET request to http://localhost:9516/session/f68a8b28f4c864213c62e6bda9dd8e48/element/0.5826014374508046-1/displayed:  {}
2018-12-05T00:04:25.863Z [[32minfo[39m] 	7 Sending GET request to http://localhost:9516/session/f68a8b28f4c864213c62e6bda9dd8e48/element/0.5826014374508046-1/enabled:  {}
2018-12-05T00:04:25.877Z [[32minfo[39m] 	8 Sending GET request to http://localhost:9516/session/f68a8b28f4c864213c62e6bda9dd8e48/element/0.5826014374508046-1/name:  {}
2018-12-05T00:04:25.886Z [[32minfo[39m] 	9 Sending GET request to http://localhost:9516/session/f68a8b28f4c864213c62e6bda9dd8e48/element/0.5826014374508046-1/attribute/readonly:  {}
2018-12-05T00:04:25.896Z [[32minfo[39m] 	10 Sending GET request to http://localhost:9516/session/f68a8b28f4c864213c62e6bda9dd8e48/element/0.5826014374508046-1/name:  {}
2018-12-05T00:04:25.904Z [[32minfo[39m] 	11 Sending GET request to http://localhost:9516/session/f68a8b28f4c864213c62e6bda9dd8e48/element/0.5826014374508046-1/attribute/type:  {}
2018-12-05T00:04:25.915Z [[32minfo[39m] 	12 Sending POST request to http://localhost:9516/session/f68a8b28f4c864213c62e6bda9dd8e48/execute:  {"script":"arguments[0].value = ''","args":[{"ELEMENT":"0.5826014374508046-1"}]}
2018-12-05T00:04:25.925Z [[32minfo[39m] 	13 Sending POST request to http://localhost:9516/session/f68a8b28f4c864213c62e6bda9dd8e48/element/0.5826014374508046-1/value:  {"value":["stas.odessa@ua.fm"]}
2018-12-05T00:04:26.099Z [[32minfo[39m] 	14 Sending elements request to http://localhost:9516/session/f68a8b28f4c864213c62e6bda9dd8e48:  {"using":"xpath","value":"./descendant::*[self::input | self::textarea][not(((((((./@type = 'submit') or (./@type = 'image')) or (./@type = 'radio')) or (./@type = 'checkbox')) or (./@type = 'hidden')) or (./@type = 'file')))][((((./@id = '__taonly__trueautomationio:auth:signin:PasswordField__taonly__') or (./@name = '__taonly__trueautomationio:auth:signin:PasswordField__taonly__')) or (./@placeholder = '__taonly__trueautomationio:auth:signin:PasswordField__taonly__')) or (./@id = //label[(normalize-space(string(.)) = '__taonly__trueautomationio:auth:signin:PasswordField__taonly__')]/@for))] | .//label[(normalize-space(string(.)) = '__taonly__trueautomationio:auth:signin:PasswordField__taonly__')]//./descendant::*[self::input | self::textarea][not(((((((./@type = 'submit') or (./@type = 'image')) or (./@type = 'radio')) or (./@type = 'checkbox')) or (./@type = 'hidden')) or (./@type = 'file')))]"}
2018-12-05T00:04:26.119Z [[32minfo[39m] 	14 Enum nodes response:  {"sessionId":"f68a8b28f4c864213c62e6bda9
2018-12-05T00:04:26.136Z [[32minfo[39m] 	14 Elements locator: {"value":"/*[1]/*[2]/*[1]/*[2]/*[3]/*[3]/*[1]","using":"xpath"}
2018-12-05T00:04:26.151Z [[32minfo[39m] 	14 Elements response: {"sessionId":"f68a8b28f4c864213c62e6bda9dd8e48","status":0,"value":[{"ELEMENT":"0.5826014374508046-2"}]}
2018-12-05T00:04:26.154Z [[32minfo[39m] 	15 Sending GET request to http://localhost:9516/session/f68a8b28f4c864213c62e6bda9dd8e48/element/0.5826014374508046-2/displayed:  {}
2018-12-05T00:04:26.172Z [[32minfo[39m] 	16 Sending GET request to http://localhost:9516/session/f68a8b28f4c864213c62e6bda9dd8e48/element/0.5826014374508046-2/enabled:  {}
2018-12-05T00:04:26.188Z [[32minfo[39m] 	17 Sending GET request to http://localhost:9516/session/f68a8b28f4c864213c62e6bda9dd8e48/element/0.5826014374508046-2/name:  {}
2018-12-05T00:04:26.198Z [[32minfo[39m] 	18 Sending GET request to http://localhost:9516/session/f68a8b28f4c864213c62e6bda9dd8e48/element/0.5826014374508046-2/attribute/readonly:  {}
2018-12-05T00:04:26.209Z [[32minfo[39m] 	19 Sending GET request to http://localhost:9516/session/f68a8b28f4c864213c62e6bda9dd8e48/element/0.5826014374508046-2/name:  {}
2018-12-05T00:04:26.217Z [[32minfo[39m] 	20 Sending GET request to http://localhost:9516/session/f68a8b28f4c864213c62e6bda9dd8e48/element/0.5826014374508046-2/attribute/type:  {}
2018-12-05T00:04:26.227Z [[32minfo[39m] 	21 Sending POST request to http://localhost:9516/session/f68a8b28f4c864213c62e6bda9dd8e48/execute:  {"script":"arguments[0].value = ''","args":[{"ELEMENT":"0.5826014374508046-2"}]}
2018-12-05T00:04:26.238Z [[32minfo[39m] 	22 Sending POST request to http://localhost:9516/session/f68a8b28f4c864213c62e6bda9dd8e48/element/0.5826014374508046-2/value:  {"value":["7167276Ss"]}
2018-12-05T00:04:26.321Z [[32minfo[39m] 	23 Sending elements request to http://localhost:9516/session/f68a8b28f4c864213c62e6bda9dd8e48:  {"using":"css selector","value":"__taonly__trueautomationio:auth:signin:LoginBtn__taonly__"}
2018-12-05T00:04:26.344Z [[32minfo[39m] 	23 Enum nodes response:  {"sessionId":"f68a8b28f4c864213c62e6bda9
2018-12-05T00:04:26.362Z [[32minfo[39m] 	23 Elements locator: {"value":"/*[1]/*[2]/*[1]/*[2]/*[3]/*[5]","using":"xpath"}
2018-12-05T00:04:26.386Z [[32minfo[39m] 	23 Elements response: {"sessionId":"f68a8b28f4c864213c62e6bda9dd8e48","status":0,"value":[{"ELEMENT":"0.5826014374508046-3"}]}
2018-12-05T00:04:26.388Z [[32minfo[39m] 	24 Sending GET request to http://localhost:9516/session/f68a8b28f4c864213c62e6bda9dd8e48/element/0.5826014374508046-3/displayed:  {}
2018-12-05T00:04:26.410Z [[32minfo[39m] 	25 Sending POST request to http://localhost:9516/session/f68a8b28f4c864213c62e6bda9dd8e48/element/0.5826014374508046-3/click:  {}
2018-12-05T00:04:28.826Z [[32minfo[39m] 	26 Sending elements request to http://localhost:9516/session/f68a8b28f4c864213c62e6bda9dd8e48:  {"using":"xpath","value":"/html"}
2018-12-05T00:04:28.827Z [[32minfo[39m] 	26 Elements locator: {"value":"/html","using":"xpath"}
2018-12-05T00:04:28.850Z [[32minfo[39m] 	26 Elements response: {"sessionId":"f68a8b28f4c864213c62e6bda9dd8e48","status":0,"value":[{"ELEMENT":"0.693592429142037-1"}]}
2018-12-05T00:04:28.854Z [[32minfo[39m] 	27 Sending GET request to http://localhost:9516/session/f68a8b28f4c864213c62e6bda9dd8e48/element/0.693592429142037-1/displayed:  {}
2018-12-05T00:04:28.882Z [[32minfo[39m] 	28 Sending GET request to http://localhost:9516/session/f68a8b28f4c864213c62e6bda9dd8e48/element/0.693592429142037-1/text:  {}
2018-12-05T00:04:29.007Z [[32minfo[39m] 	29 Sending GET request to http://localhost:9516/session/f68a8b28f4c864213c62e6bda9dd8e48/window_handles:  {}
2018-12-05T00:04:29.015Z [[32minfo[39m] 	30 Sending POST request to http://localhost:9516/session/f68a8b28f4c864213c62e6bda9dd8e48/window:  {"name":"CDwindow-6FF6E1965C8C251172858B62E4D8293D"}
2018-12-05T00:04:29.027Z [[32minfo[39m] 	31 Sending GET request to http://localhost:9516/session/f68a8b28f4c864213c62e6bda9dd8e48/window_handles:  {}
2018-12-05T00:04:29.034Z [[32minfo[39m] 	32 Sending POST request to http://localhost:9516/session/f68a8b28f4c864213c62e6bda9dd8e48/goog/cdp/execute:  {"cmd":"Network.clearBrowserCookies","params":{}}
2018-12-05T00:04:29.061Z [[32minfo[39m] 	33 Sending DELETE request to http://localhost:9516/session/f68a8b28f4c864213c62e6bda9dd8e48/session_storage:  {}
2018-12-05T00:04:29.068Z [[32minfo[39m] 	34 Sending DELETE request to http://localhost:9516/session/f68a8b28f4c864213c62e6bda9dd8e48/local_storage:  {}
2018-12-05T00:04:29.077Z [[32minfo[39m] 	35 Sending POST request to http://localhost:9516/session/f68a8b28f4c864213c62e6bda9dd8e48/url:  {"url":"about:blank"}
2018-12-05T00:04:29.112Z [[32minfo[39m] 	36 Sending elements request to http://localhost:9516/session/f68a8b28f4c864213c62e6bda9dd8e48:  {"using":"xpath","value":"/html/body/*"}
2018-12-05T00:04:29.112Z [[32minfo[39m] 	36 Elements locator: {"value":"/html/body/*","using":"xpath"}
2018-12-05T00:04:29.129Z [[32minfo[39m] 	36 Elements response: {"sessionId":"f68a8b28f4c864213c62e6bda9dd8e48","status":0,"value":[]}
2018-12-05T00:04:29.141Z [[32minfo[39m] 	37 Sending DELETE request to http://localhost:9516/session/f68a8b28f4c864213c62e6bda9dd8e48:  {}
2018-12-05T00:04:29.257Z [[32minfo[39m] 	Sync elements
2018-12-05T00:04:30.600Z [[32minfo[39m] 	Stopping driver
