2018-12-04T23:06:52.278Z [[32minfo[39m] 	Starting TrueAutomation.IO client
2018-12-04T23:06:52.279Z [[32minfo[39m] 	API key: cf2038a3-013f-4b20-9362-8f0c1b91919d
2018-12-04T23:06:52.279Z [[32minfo[39m] 	Project name: TAEP-homepage
2018-12-04T23:06:52.279Z [[32minfo[39m] 	Cloud server: https://app.trueautomation.io
2018-12-04T23:06:52.279Z [[32minfo[39m] 	Starting chromeDriver /Users/delight/.trueautomation/chromedriver/chromedriver_mac64_2.44 on port 9516...
2018-12-04T23:06:52.838Z [[32minfo[39m] 	TrueAutomation.IO Client is listening on port 9515
2018-12-04T23:06:54.315Z [[32minfo[39m] 	0 Create session response: {"sessionId":"62f5b69aaa4045e9789b5786c7c8eacb","status":0,"value":{"acceptInsecureCerts":false,"acceptSslCerts":false,"applicationCacheEnabled":false,"browserConnectionEnabled":false,"browserName":"chrome","chrome":{"chromedriverVersion":"2.44.609545 (c2f88692e98ce7233d2df7c724465ecacfe74df5)","userDataDir":"/var/folders/s2/z5gqzlh91gq2thydw9h4p3yh0000gn/T/.org.chromium.Chromium.WEqixn"},"cssSelectorsEnabled":true,"databaseEnabled":false,"goog:chromeOptions":{"debuggerAddress":"localhost:53431"},"handlesAlerts":true,"hasTouchScreen":false,"javascriptEnabled":true,"locationContextEnabled":true,"mobileEmulationEnabled":false,"nativeEvents":true,"networkConnectionEnabled":false,"pageLoadStrategy":"normal","platform":"Mac OS X","rotatable":false,"setWindowRect":true,"takesHeapSnapshot":true,"takesScreenshot":true,"unexpectedAlertBehaviour":"ignore","version":"70.0.3538.110","webStorageEnabled":true}}
2018-12-04T23:06:54.332Z [[32minfo[39m] 	1 Sending POST request to http://localhost:9516/session/62f5b69aaa4045e9789b5786c7c8eacb/url:  {"url":"https://trueautomation.io/"}
2018-12-04T23:07:00.736Z [[32minfo[39m] 	2 Sending elements request to http://localhost:9516/session/62f5b69aaa4045e9789b5786c7c8eacb:  {"using":"css selector","value":"__taonly__trueautomationio:home:loginBtn__taonly__"}
2018-12-04T23:07:00.937Z [[32minfo[39m] 	2 Enum nodes response:  {"sessionId":"62f5b69aaa4045e9789b5786c7
2018-12-04T23:07:01.092Z [[32minfo[39m] 	2 Elements locator: {"value":"/*[1]/*[2]/*[1]/*[1]/*[1]/*[2]/*[1]/*[2]/*[1]","using":"xpath"}
2018-12-04T23:07:01.128Z [[32minfo[39m] 	2 Elements response: {"sessionId":"62f5b69aaa4045e9789b5786c7c8eacb","status":0,"value":[{"ELEMENT":"0.14851224202231172-1"}]}
2018-12-04T23:07:01.130Z [[32minfo[39m] 	3 Sending GET request to http://localhost:9516/session/62f5b69aaa4045e9789b5786c7c8eacb/element/0.14851224202231172-1/displayed:  {}
2018-12-04T23:07:01.150Z [[32minfo[39m] 	4 Sending POST request to http://localhost:9516/session/62f5b69aaa4045e9789b5786c7c8eacb/element/0.14851224202231172-1/click:  {}
2018-12-04T23:07:03.060Z [[32minfo[39m] 	5 Sending elements request to http://localhost:9516/session/62f5b69aaa4045e9789b5786c7c8eacb:  {"using":"xpath","value":"./descendant::*[self::input | self::textarea][not(((((((./@type = 'submit') or (./@type = 'image')) or (./@type = 'radio')) or (./@type = 'checkbox')) or (./@type = 'hidden')) or (./@type = 'file')))][((((./@id = '__taonly__trueautomationio:auth:signin:EmailField__taonly__') or (./@name = '__taonly__trueautomationio:auth:signin:EmailField__taonly__')) or (./@placeholder = '__taonly__trueautomationio:auth:signin:EmailField__taonly__')) or (./@id = //label[(normalize-space(string(.)) = '__taonly__trueautomationio:auth:signin:EmailField__taonly__')]/@for))] | .//label[(normalize-space(string(.)) = '__taonly__trueautomationio:auth:signin:EmailField__taonly__')]//./descendant::*[self::input | self::textarea][not(((((((./@type = 'submit') or (./@type = 'image')) or (./@type = 'radio')) or (./@type = 'checkbox')) or (./@type = 'hidden')) or (./@type = 'file')))]"}
2018-12-04T23:07:03.080Z [[32minfo[39m] 	5 Enum nodes response:  {"sessionId":"62f5b69aaa4045e9789b5786c7
2018-12-04T23:07:03.102Z [[32minfo[39m] 	5 Elements locator: {"value":"/*[1]/*[2]/*[1]/*[2]/*[3]/*[2]/*[1]","using":"xpath"}
2018-12-04T23:07:03.121Z [[32minfo[39m] 	5 Elements response: {"sessionId":"62f5b69aaa4045e9789b5786c7c8eacb","status":0,"value":[{"ELEMENT":"0.4682653913647712-1"}]}
2018-12-04T23:07:03.125Z [[32minfo[39m] 	6 Sending GET request to http://localhost:9516/session/62f5b69aaa4045e9789b5786c7c8eacb/element/0.4682653913647712-1/displayed:  {}
2018-12-04T23:07:03.144Z [[32minfo[39m] 	7 Sending GET request to http://localhost:9516/session/62f5b69aaa4045e9789b5786c7c8eacb/element/0.4682653913647712-1/enabled:  {}
2018-12-04T23:07:03.159Z [[32minfo[39m] 	8 Sending GET request to http://localhost:9516/session/62f5b69aaa4045e9789b5786c7c8eacb/element/0.4682653913647712-1/name:  {}
2018-12-04T23:07:03.167Z [[32minfo[39m] 	9 Sending GET request to http://localhost:9516/session/62f5b69aaa4045e9789b5786c7c8eacb/element/0.4682653913647712-1/attribute/readonly:  {}
2018-12-04T23:07:03.177Z [[32minfo[39m] 	10 Sending GET request to http://localhost:9516/session/62f5b69aaa4045e9789b5786c7c8eacb/element/0.4682653913647712-1/name:  {}
2018-12-04T23:07:03.184Z [[32minfo[39m] 	11 Sending GET request to http://localhost:9516/session/62f5b69aaa4045e9789b5786c7c8eacb/element/0.4682653913647712-1/attribute/type:  {}
2018-12-04T23:07:03.196Z [[32minfo[39m] 	12 Sending POST request to http://localhost:9516/session/62f5b69aaa4045e9789b5786c7c8eacb/execute:  {"script":"arguments[0].value = ''","args":[{"ELEMENT":"0.4682653913647712-1"}]}
2018-12-04T23:07:03.206Z [[32minfo[39m] 	13 Sending POST request to http://localhost:9516/session/62f5b69aaa4045e9789b5786c7c8eacb/element/0.4682653913647712-1/value:  {"value":["stas.odessa@@ua.fm"]}
2018-12-04T23:07:03.361Z [[32minfo[39m] 	14 Sending elements request to http://localhost:9516/session/62f5b69aaa4045e9789b5786c7c8eacb:  {"using":"xpath","value":"./descendant::*[self::input | self::textarea][not(((((((./@type = 'submit') or (./@type = 'image')) or (./@type = 'radio')) or (./@type = 'checkbox')) or (./@type = 'hidden')) or (./@type = 'file')))][((((./@id = '__taonly__trueautomationio:auth:signin:PasswordField__taonly__') or (./@name = '__taonly__trueautomationio:auth:signin:PasswordField__taonly__')) or (./@placeholder = '__taonly__trueautomationio:auth:signin:PasswordField__taonly__')) or (./@id = //label[(normalize-space(string(.)) = '__taonly__trueautomationio:auth:signin:PasswordField__taonly__')]/@for))] | .//label[(normalize-space(string(.)) = '__taonly__trueautomationio:auth:signin:PasswordField__taonly__')]//./descendant::*[self::input | self::textarea][not(((((((./@type = 'submit') or (./@type = 'image')) or (./@type = 'radio')) or (./@type = 'checkbox')) or (./@type = 'hidden')) or (./@type = 'file')))]"}
2018-12-04T23:07:03.380Z [[32minfo[39m] 	14 Enum nodes response:  {"sessionId":"62f5b69aaa4045e9789b5786c7
2018-12-04T23:07:03.396Z [[32minfo[39m] 	14 Elements locator: {"value":"/*[1]/*[2]/*[1]/*[2]/*[3]/*[3]/*[1]","using":"xpath"}
2018-12-04T23:07:03.415Z [[32minfo[39m] 	14 Elements response: {"sessionId":"62f5b69aaa4045e9789b5786c7c8eacb","status":0,"value":[{"ELEMENT":"0.4682653913647712-2"}]}
2018-12-04T23:07:03.417Z [[32minfo[39m] 	15 Sending GET request to http://localhost:9516/session/62f5b69aaa4045e9789b5786c7c8eacb/element/0.4682653913647712-2/displayed:  {}
2018-12-04T23:07:03.433Z [[32minfo[39m] 	16 Sending GET request to http://localhost:9516/session/62f5b69aaa4045e9789b5786c7c8eacb/element/0.4682653913647712-2/enabled:  {}
2018-12-04T23:07:03.446Z [[32minfo[39m] 	17 Sending GET request to http://localhost:9516/session/62f5b69aaa4045e9789b5786c7c8eacb/element/0.4682653913647712-2/name:  {}
2018-12-04T23:07:03.455Z [[32minfo[39m] 	18 Sending GET request to http://localhost:9516/session/62f5b69aaa4045e9789b5786c7c8eacb/element/0.4682653913647712-2/attribute/readonly:  {}
2018-12-04T23:07:03.464Z [[32minfo[39m] 	19 Sending GET request to http://localhost:9516/session/62f5b69aaa4045e9789b5786c7c8eacb/element/0.4682653913647712-2/name:  {}
2018-12-04T23:07:03.471Z [[32minfo[39m] 	20 Sending GET request to http://localhost:9516/session/62f5b69aaa4045e9789b5786c7c8eacb/element/0.4682653913647712-2/attribute/type:  {}
2018-12-04T23:07:03.485Z [[32minfo[39m] 	21 Sending POST request to http://localhost:9516/session/62f5b69aaa4045e9789b5786c7c8eacb/execute:  {"script":"arguments[0].value = ''","args":[{"ELEMENT":"0.4682653913647712-2"}]}
2018-12-04T23:07:03.496Z [[32minfo[39m] 	22 Sending POST request to http://localhost:9516/session/62f5b69aaa4045e9789b5786c7c8eacb/element/0.4682653913647712-2/value:  {"value":["7167276Ss"]}
2018-12-04T23:07:03.560Z [[32minfo[39m] 	23 Sending elements request to http://localhost:9516/session/62f5b69aaa4045e9789b5786c7c8eacb:  {"using":"css selector","value":"__taonly__trueautomationio:auth:signin:LoginBtn__taonly__"}
2018-12-04T23:07:03.577Z [[32minfo[39m] 	23 Enum nodes response:  {"sessionId":"62f5b69aaa4045e9789b5786c7
2018-12-04T23:07:03.592Z [[32minfo[39m] 	23 Elements locator: {"value":"/*[1]/*[2]/*[1]/*[2]/*[3]/*[5]","using":"xpath"}
2018-12-04T23:07:03.609Z [[32minfo[39m] 	23 Elements response: {"sessionId":"62f5b69aaa4045e9789b5786c7c8eacb","status":0,"value":[{"ELEMENT":"0.4682653913647712-3"}]}
2018-12-04T23:07:03.611Z [[32minfo[39m] 	24 Sending GET request to http://localhost:9516/session/62f5b69aaa4045e9789b5786c7c8eacb/element/0.4682653913647712-3/displayed:  {}
2018-12-04T23:07:03.627Z [[32minfo[39m] 	25 Sending POST request to http://localhost:9516/session/62f5b69aaa4045e9789b5786c7c8eacb/element/0.4682653913647712-3/click:  {}
2018-12-04T23:07:07.575Z [[32minfo[39m] 	26 Sending GET request to http://localhost:9516/session/62f5b69aaa4045e9789b5786c7c8eacb/window_handles:  {}
2018-12-04T23:07:07.580Z [[32minfo[39m] 	27 Sending POST request to http://localhost:9516/session/62f5b69aaa4045e9789b5786c7c8eacb/window:  {"name":"CDwindow-B6CA9C0DE700547AE1784B2247C7FE61"}
2018-12-04T23:07:07.587Z [[32minfo[39m] 	28 Sending GET request to http://localhost:9516/session/62f5b69aaa4045e9789b5786c7c8eacb/window_handles:  {}
2018-12-04T23:07:07.593Z [[32minfo[39m] 	29 Sending POST request to http://localhost:9516/session/62f5b69aaa4045e9789b5786c7c8eacb/goog/cdp/execute:  {"cmd":"Network.clearBrowserCookies","params":{}}
2018-12-04T23:07:07.606Z [[32minfo[39m] 	30 Sending DELETE request to http://localhost:9516/session/62f5b69aaa4045e9789b5786c7c8eacb/session_storage:  {}
2018-12-04T23:07:07.613Z [[32minfo[39m] 	31 Sending DELETE request to http://localhost:9516/session/62f5b69aaa4045e9789b5786c7c8eacb/local_storage:  {}
2018-12-04T23:07:07.620Z [[32minfo[39m] 	32 Sending POST request to http://localhost:9516/session/62f5b69aaa4045e9789b5786c7c8eacb/url:  {"url":"about:blank"}
2018-12-04T23:07:07.656Z [[32minfo[39m] 	33 Sending elements request to http://localhost:9516/session/62f5b69aaa4045e9789b5786c7c8eacb:  {"using":"xpath","value":"/html/body/*"}
2018-12-04T23:07:07.656Z [[32minfo[39m] 	33 Elements locator: {"value":"/html/body/*","using":"xpath"}
2018-12-04T23:07:07.671Z [[32minfo[39m] 	33 Elements response: {"sessionId":"62f5b69aaa4045e9789b5786c7c8eacb","status":0,"value":[]}
2018-12-04T23:07:07.675Z [[32minfo[39m] 	34 Sending DELETE request to http://localhost:9516/session/62f5b69aaa4045e9789b5786c7c8eacb:  {}
2018-12-04T23:07:07.773Z [[32minfo[39m] 	Sync elements
2018-12-04T23:07:08.913Z [[32minfo[39m] 	Stopping driver
