2018-12-06T22:51:42.413Z [[32minfo[39m] 	Starting TrueAutomation.IO client
2018-12-06T22:51:42.414Z [[32minfo[39m] 	API key: cf2038a3-013f-4b20-9362-8f0c1b91919d
2018-12-06T22:51:42.415Z [[32minfo[39m] 	Project name: TAEP-homepage
2018-12-06T22:51:42.415Z [[32minfo[39m] 	Cloud server: https://app.trueautomation.io
2018-12-06T22:51:42.415Z [[32minfo[39m] 	Starting chromeDriver /Users/delight/.trueautomation/chromedriver/chromedriver_mac64_2.44 on port 9516...
2018-12-06T22:51:42.882Z [[32minfo[39m] 	TrueAutomation.IO Client is listening on port 9515
2018-12-06T22:51:44.250Z [[32minfo[39m] 	0 Create session response: {"sessionId":"de1742c098cfb7374d7b9549943927e3","status":0,"value":{"acceptInsecureCerts":false,"acceptSslCerts":false,"applicationCacheEnabled":false,"browserConnectionEnabled":false,"browserName":"chrome","chrome":{"chromedriverVersion":"2.44.609545 (c2f88692e98ce7233d2df7c724465ecacfe74df5)","userDataDir":"/var/folders/s2/z5gqzlh91gq2thydw9h4p3yh0000gn/T/.org.chromium.Chromium.Fx8uqk"},"cssSelectorsEnabled":true,"databaseEnabled":false,"goog:chromeOptions":{"debuggerAddress":"localhost:54654"},"handlesAlerts":true,"hasTouchScreen":false,"javascriptEnabled":true,"locationContextEnabled":true,"mobileEmulationEnabled":false,"nativeEvents":true,"networkConnectionEnabled":false,"pageLoadStrategy":"normal","platform":"Mac OS X","rotatable":false,"setWindowRect":true,"takesHeapSnapshot":true,"takesScreenshot":true,"unexpectedAlertBehaviour":"ignore","version":"70.0.3538.110","webStorageEnabled":true}}
2018-12-06T22:51:44.272Z [[32minfo[39m] 	1 Sending POST request to http://localhost:9516/session/de1742c098cfb7374d7b9549943927e3/url:  {"url":"https://trueautomation.io/"}
2018-12-06T22:51:56.405Z [[32minfo[39m] 	2 Sending elements request to http://localhost:9516/session/de1742c098cfb7374d7b9549943927e3:  {"using":"css selector","value":"__taonly__trueautomationio:home:GetEarlyAccesBtn__taonly__"}
2018-12-06T22:51:56.550Z [[32minfo[39m] 	2 Enum nodes response:  {"sessionId":"de1742c098cfb7374d7b954994
2018-12-06T22:51:56.842Z [[32minfo[39m] 	2 Elements locator: {"value":"/*[1]/*[2]/*[1]/*[3]/*[2]/*[2]","using":"xpath"}
2018-12-06T22:51:56.878Z [[32minfo[39m] 	2 Elements response: {"sessionId":"de1742c098cfb7374d7b9549943927e3","status":0,"value":[{"ELEMENT":"0.6412219358348576-1"}]}
2018-12-06T22:51:56.884Z [[32minfo[39m] 	3 Sending GET request to http://localhost:9516/session/de1742c098cfb7374d7b9549943927e3/element/0.6412219358348576-1/displayed:  {}
2018-12-06T22:51:56.902Z [[32minfo[39m] 	4 Sending POST request to http://localhost:9516/session/de1742c098cfb7374d7b9549943927e3/element/0.6412219358348576-1/click:  {}
2018-12-06T22:51:57.703Z [[32minfo[39m] 	5 Sending elements request to http://localhost:9516/session/de1742c098cfb7374d7b9549943927e3:  {"using":"xpath","value":"./descendant::*[self::input | self::textarea][not(((((((./@type = 'submit') or (./@type = 'image')) or (./@type = 'radio')) or (./@type = 'checkbox')) or (./@type = 'hidden')) or (./@type = 'file')))][((((./@id = '__taonly__trueautomationio:auth:signin:EmailField__taonly__') or (./@name = '__taonly__trueautomationio:auth:signin:EmailField__taonly__')) or (./@placeholder = '__taonly__trueautomationio:auth:signin:EmailField__taonly__')) or (./@id = //label[(normalize-space(string(.)) = '__taonly__trueautomationio:auth:signin:EmailField__taonly__')]/@for))] | .//label[(normalize-space(string(.)) = '__taonly__trueautomationio:auth:signin:EmailField__taonly__')]//./descendant::*[self::input | self::textarea][not(((((((./@type = 'submit') or (./@type = 'image')) or (./@type = 'radio')) or (./@type = 'checkbox')) or (./@type = 'hidden')) or (./@type = 'file')))]"}
2018-12-06T22:51:57.742Z [[32minfo[39m] 	5 Enum nodes response:  {"sessionId":"de1742c098cfb7374d7b954994
2018-12-06T22:51:57.780Z [[32minfo[39m] 	5 Elements locator: {"value":"/*[1]/*[2]/*[1]/*[2]/*[3]/*[2]/*[1]","using":"xpath"}
2018-12-06T22:51:57.812Z [[32minfo[39m] 	5 Elements response: {"sessionId":"de1742c098cfb7374d7b9549943927e3","status":0,"value":[{"ELEMENT":"0.654177117095055-1"}]}
2018-12-06T22:51:57.816Z [[32minfo[39m] 	6 Sending GET request to http://localhost:9516/session/de1742c098cfb7374d7b9549943927e3/element/0.654177117095055-1/displayed:  {}
2018-12-06T22:51:57.895Z [[32minfo[39m] 	7 Sending GET request to http://localhost:9516/session/de1742c098cfb7374d7b9549943927e3/element/0.654177117095055-1/enabled:  {}
2018-12-06T22:51:57.935Z [[32minfo[39m] 	8 Sending GET request to http://localhost:9516/session/de1742c098cfb7374d7b9549943927e3/element/0.654177117095055-1/name:  {}
2018-12-06T22:51:57.962Z [[32minfo[39m] 	9 Sending GET request to http://localhost:9516/session/de1742c098cfb7374d7b9549943927e3/element/0.654177117095055-1/attribute/readonly:  {}
2018-12-06T22:51:57.990Z [[32minfo[39m] 	10 Sending GET request to http://localhost:9516/session/de1742c098cfb7374d7b9549943927e3/element/0.654177117095055-1/name:  {}
2018-12-06T22:51:58.002Z [[32minfo[39m] 	11 Sending GET request to http://localhost:9516/session/de1742c098cfb7374d7b9549943927e3/element/0.654177117095055-1/attribute/type:  {}
2018-12-06T22:51:58.015Z [[32minfo[39m] 	12 Sending POST request to http://localhost:9516/session/de1742c098cfb7374d7b9549943927e3/execute:  {"script":"arguments[0].value = ''","args":[{"ELEMENT":"0.654177117095055-1"}]}
2018-12-06T22:51:58.027Z [[32minfo[39m] 	13 Sending POST request to http://localhost:9516/session/de1742c098cfb7374d7b9549943927e3/element/0.654177117095055-1/value:  {"value":["stas.odessa@@ua.fm"]}
2018-12-06T22:51:58.187Z [[32minfo[39m] 	14 Sending elements request to http://localhost:9516/session/de1742c098cfb7374d7b9549943927e3:  {"using":"xpath","value":"./descendant::*[self::input | self::textarea][not(((((((./@type = 'submit') or (./@type = 'image')) or (./@type = 'radio')) or (./@type = 'checkbox')) or (./@type = 'hidden')) or (./@type = 'file')))][((((./@id = '__taonly__trueautomationio:auth:signin:PasswordField__taonly__') or (./@name = '__taonly__trueautomationio:auth:signin:PasswordField__taonly__')) or (./@placeholder = '__taonly__trueautomationio:auth:signin:PasswordField__taonly__')) or (./@id = //label[(normalize-space(string(.)) = '__taonly__trueautomationio:auth:signin:PasswordField__taonly__')]/@for))] | .//label[(normalize-space(string(.)) = '__taonly__trueautomationio:auth:signin:PasswordField__taonly__')]//./descendant::*[self::input | self::textarea][not(((((((./@type = 'submit') or (./@type = 'image')) or (./@type = 'radio')) or (./@type = 'checkbox')) or (./@type = 'hidden')) or (./@type = 'file')))]"}
2018-12-06T22:51:58.201Z [[32minfo[39m] 	14 Enum nodes response:  {"sessionId":"de1742c098cfb7374d7b954994
2018-12-06T22:51:58.221Z [[32minfo[39m] 	14 Elements locator: {"value":"/*[1]/*[2]/*[1]/*[2]/*[3]/*[2]/*[1]","using":"xpath"}
2018-12-06T22:51:58.232Z [[32minfo[39m] 	14 Elements response: {"sessionId":"de1742c098cfb7374d7b9549943927e3","status":0,"value":[{"ELEMENT":"0.654177117095055-1"}]}
2018-12-06T22:51:58.237Z [[32minfo[39m] 	15 Sending GET request to http://localhost:9516/session/de1742c098cfb7374d7b9549943927e3/element/0.654177117095055-1/displayed:  {}
2018-12-06T22:51:58.247Z [[32minfo[39m] 	16 Sending GET request to http://localhost:9516/session/de1742c098cfb7374d7b9549943927e3/element/0.654177117095055-1/enabled:  {}
2018-12-06T22:51:58.257Z [[32minfo[39m] 	17 Sending GET request to http://localhost:9516/session/de1742c098cfb7374d7b9549943927e3/element/0.654177117095055-1/name:  {}
2018-12-06T22:51:58.264Z [[32minfo[39m] 	18 Sending GET request to http://localhost:9516/session/de1742c098cfb7374d7b9549943927e3/element/0.654177117095055-1/attribute/readonly:  {}
2018-12-06T22:51:58.271Z [[32minfo[39m] 	19 Sending GET request to http://localhost:9516/session/de1742c098cfb7374d7b9549943927e3/element/0.654177117095055-1/name:  {}
2018-12-06T22:51:58.278Z [[32minfo[39m] 	20 Sending GET request to http://localhost:9516/session/de1742c098cfb7374d7b9549943927e3/element/0.654177117095055-1/attribute/type:  {}
2018-12-06T22:51:58.286Z [[32minfo[39m] 	21 Sending POST request to http://localhost:9516/session/de1742c098cfb7374d7b9549943927e3/execute:  {"script":"arguments[0].value = ''","args":[{"ELEMENT":"0.654177117095055-1"}]}
2018-12-06T22:51:58.294Z [[32minfo[39m] 	22 Sending POST request to http://localhost:9516/session/de1742c098cfb7374d7b9549943927e3/element/0.654177117095055-1/value:  {"value":["7167276@Ss"]}
2018-12-06T22:51:58.348Z [[32minfo[39m] 	23 Sending elements request to http://localhost:9516/session/de1742c098cfb7374d7b9549943927e3:  {"using":"css selector","value":"__taonly__trueautomationio:auth:signin:LoginBtn__taonly__"}
2018-12-06T22:51:58.369Z [[32minfo[39m] 	23 Enum nodes response:  {"sessionId":"de1742c098cfb7374d7b954994
2018-12-06T22:51:58.381Z [[32minfo[39m] 	23 Elements locator: {"value":"/*[1]/*[2]/*[1]/*[2]/*[3]/*[4]","using":"xpath"}
2018-12-06T22:51:58.395Z [[32minfo[39m] 	23 Elements response: {"sessionId":"de1742c098cfb7374d7b9549943927e3","status":0,"value":[{"ELEMENT":"0.654177117095055-2"}]}
2018-12-06T22:51:58.397Z [[32minfo[39m] 	24 Sending GET request to http://localhost:9516/session/de1742c098cfb7374d7b9549943927e3/element/0.654177117095055-2/displayed:  {}
2018-12-06T22:51:58.417Z [[32minfo[39m] 	25 Sending POST request to http://localhost:9516/session/de1742c098cfb7374d7b9549943927e3/element/0.654177117095055-2/click:  {}
2018-12-06T22:51:59.086Z [[32minfo[39m] 	26 Sending elements request to http://localhost:9516/session/de1742c098cfb7374d7b9549943927e3:  {"using":"xpath","value":"/html"}
2018-12-06T22:51:59.087Z [[32minfo[39m] 	26 Elements locator: {"value":"/html","using":"xpath"}
2018-12-06T22:51:59.129Z [[32minfo[39m] 	26 Elements response: {"sessionId":"de1742c098cfb7374d7b9549943927e3","status":0,"value":[{"ELEMENT":"0.16210214685033586-1"}]}
2018-12-06T22:51:59.136Z [[32minfo[39m] 	27 Sending GET request to http://localhost:9516/session/de1742c098cfb7374d7b9549943927e3/element/0.16210214685033586-1/displayed:  {}
2018-12-06T22:51:59.189Z [[32minfo[39m] 	28 Sending GET request to http://localhost:9516/session/de1742c098cfb7374d7b9549943927e3/element/0.16210214685033586-1/text:  {}
2018-12-06T22:51:59.244Z [[32minfo[39m] 	29 Sending GET request to http://localhost:9516/session/de1742c098cfb7374d7b9549943927e3/window_handles:  {}
2018-12-06T22:51:59.251Z [[32minfo[39m] 	30 Sending POST request to http://localhost:9516/session/de1742c098cfb7374d7b9549943927e3/window:  {"name":"CDwindow-24831B1C8095BC5A78EED0F385653044"}
2018-12-06T22:51:59.257Z [[32minfo[39m] 	31 Sending GET request to http://localhost:9516/session/de1742c098cfb7374d7b9549943927e3/window_handles:  {}
2018-12-06T22:51:59.264Z [[32minfo[39m] 	32 Sending POST request to http://localhost:9516/session/de1742c098cfb7374d7b9549943927e3/goog/cdp/execute:  {"cmd":"Network.clearBrowserCookies","params":{}}
2018-12-06T22:51:59.277Z [[32minfo[39m] 	33 Sending DELETE request to http://localhost:9516/session/de1742c098cfb7374d7b9549943927e3/session_storage:  {}
2018-12-06T22:51:59.283Z [[32minfo[39m] 	34 Sending DELETE request to http://localhost:9516/session/de1742c098cfb7374d7b9549943927e3/local_storage:  {}
2018-12-06T22:51:59.289Z [[32minfo[39m] 	35 Sending POST request to http://localhost:9516/session/de1742c098cfb7374d7b9549943927e3/url:  {"url":"about:blank"}
2018-12-06T22:51:59.312Z [[32minfo[39m] 	36 Sending elements request to http://localhost:9516/session/de1742c098cfb7374d7b9549943927e3:  {"using":"xpath","value":"/html/body/*"}
2018-12-06T22:51:59.312Z [[32minfo[39m] 	36 Elements locator: {"value":"/html/body/*","using":"xpath"}
2018-12-06T22:51:59.333Z [[32minfo[39m] 	36 Elements response: {"sessionId":"de1742c098cfb7374d7b9549943927e3","status":0,"value":[]}
2018-12-06T22:51:59.343Z [[32minfo[39m] 	37 Sending DELETE request to http://localhost:9516/session/de1742c098cfb7374d7b9549943927e3:  {}
2018-12-06T22:51:59.444Z [[32minfo[39m] 	Sync elements
2018-12-06T22:52:00.491Z [[32minfo[39m] 	Stopping driver
