2018-12-04T23:03:53.188Z [[32minfo[39m] 	Starting TrueAutomation.IO client
2018-12-04T23:03:53.188Z [[32minfo[39m] 	API key: cf2038a3-013f-4b20-9362-8f0c1b91919d
2018-12-04T23:03:53.189Z [[32minfo[39m] 	Project name: TAEP-homepage
2018-12-04T23:03:53.189Z [[32minfo[39m] 	Cloud server: https://app.trueautomation.io
2018-12-04T23:03:53.189Z [[32minfo[39m] 	Starting chromeDriver /Users/delight/.trueautomation/chromedriver/chromedriver_mac64_2.44 on port 9516...
2018-12-04T23:03:53.743Z [[32minfo[39m] 	TrueAutomation.IO Client is listening on port 9515
2018-12-04T23:03:56.848Z [[32minfo[39m] 	0 Create session response: {"sessionId":"e42027b06803c20b737b12f1aeb41719","status":0,"value":{"acceptInsecureCerts":false,"acceptSslCerts":false,"applicationCacheEnabled":false,"browserConnectionEnabled":false,"browserName":"chrome","chrome":{"chromedriverVersion":"2.44.609545 (c2f88692e98ce7233d2df7c724465ecacfe74df5)","userDataDir":"/var/folders/s2/z5gqzlh91gq2thydw9h4p3yh0000gn/T/.org.chromium.Chromium.u7q24X"},"cssSelectorsEnabled":true,"databaseEnabled":false,"goog:chromeOptions":{"debuggerAddress":"localhost:52832"},"handlesAlerts":true,"hasTouchScreen":false,"javascriptEnabled":true,"locationContextEnabled":true,"mobileEmulationEnabled":false,"nativeEvents":true,"networkConnectionEnabled":false,"pageLoadStrategy":"normal","platform":"Mac OS X","rotatable":false,"setWindowRect":true,"takesHeapSnapshot":true,"takesScreenshot":true,"unexpectedAlertBehaviour":"ignore","version":"70.0.3538.110","webStorageEnabled":true}}
2018-12-04T23:03:56.870Z [[32minfo[39m] 	1 Sending POST request to http://localhost:9516/session/e42027b06803c20b737b12f1aeb41719/url:  {"url":"https://trueautomation.io/"}
2018-12-04T23:04:04.782Z [[32minfo[39m] 	2 Sending elements request to http://localhost:9516/session/e42027b06803c20b737b12f1aeb41719:  {"using":"css selector","value":"__taonly__trueautomationio:home:loginBtn__taonly__"}
2018-12-04T23:04:04.933Z [[32minfo[39m] 	2 Enum nodes response:  {"sessionId":"e42027b06803c20b737b12f1ae
2018-12-04T23:04:05.095Z [[32minfo[39m] 	2 Elements locator: {"value":"/*[1]/*[2]/*[1]/*[1]/*[1]/*[2]/*[1]/*[2]/*[1]","using":"xpath"}
2018-12-04T23:04:05.131Z [[32minfo[39m] 	2 Elements response: {"sessionId":"e42027b06803c20b737b12f1aeb41719","status":0,"value":[{"ELEMENT":"0.568182475234863-1"}]}
2018-12-04T23:04:05.134Z [[32minfo[39m] 	3 Sending GET request to http://localhost:9516/session/e42027b06803c20b737b12f1aeb41719/element/0.568182475234863-1/displayed:  {}
2018-12-04T23:04:05.152Z [[32minfo[39m] 	4 Sending POST request to http://localhost:9516/session/e42027b06803c20b737b12f1aeb41719/element/0.568182475234863-1/click:  {}
2018-12-04T23:04:06.998Z [[32minfo[39m] 	5 Sending elements request to http://localhost:9516/session/e42027b06803c20b737b12f1aeb41719:  {"using":"xpath","value":"./descendant::*[self::input | self::textarea][not(((((((./@type = 'submit') or (./@type = 'image')) or (./@type = 'radio')) or (./@type = 'checkbox')) or (./@type = 'hidden')) or (./@type = 'file')))][((((./@id = '__taonly__trueautomationio:auth:signin:EmailField__taonly__') or (./@name = '__taonly__trueautomationio:auth:signin:EmailField__taonly__')) or (./@placeholder = '__taonly__trueautomationio:auth:signin:EmailField__taonly__')) or (./@id = //label[(normalize-space(string(.)) = '__taonly__trueautomationio:auth:signin:EmailField__taonly__')]/@for))] | .//label[(normalize-space(string(.)) = '__taonly__trueautomationio:auth:signin:EmailField__taonly__')]//./descendant::*[self::input | self::textarea][not(((((((./@type = 'submit') or (./@type = 'image')) or (./@type = 'radio')) or (./@type = 'checkbox')) or (./@type = 'hidden')) or (./@type = 'file')))]"}
2018-12-04T23:04:07.016Z [[32minfo[39m] 	5 Enum nodes response:  {"sessionId":"e42027b06803c20b737b12f1ae
2018-12-04T23:04:07.039Z [[32minfo[39m] 	5 Elements locator: {"value":"/*[1]/*[2]/*[1]/*[2]/*[3]/*[2]/*[1]","using":"xpath"}
2018-12-04T23:04:07.062Z [[32minfo[39m] 	5 Elements response: {"sessionId":"e42027b06803c20b737b12f1aeb41719","status":0,"value":[{"ELEMENT":"0.34777111538325634-1"}]}
2018-12-04T23:04:07.065Z [[32minfo[39m] 	6 Sending GET request to http://localhost:9516/session/e42027b06803c20b737b12f1aeb41719/element/0.34777111538325634-1/displayed:  {}
2018-12-04T23:04:07.083Z [[32minfo[39m] 	7 Sending GET request to http://localhost:9516/session/e42027b06803c20b737b12f1aeb41719/element/0.34777111538325634-1/enabled:  {}
2018-12-04T23:04:07.097Z [[32minfo[39m] 	8 Sending GET request to http://localhost:9516/session/e42027b06803c20b737b12f1aeb41719/element/0.34777111538325634-1/name:  {}
2018-12-04T23:04:07.104Z [[32minfo[39m] 	9 Sending GET request to http://localhost:9516/session/e42027b06803c20b737b12f1aeb41719/element/0.34777111538325634-1/attribute/readonly:  {}
2018-12-04T23:04:07.114Z [[32minfo[39m] 	10 Sending GET request to http://localhost:9516/session/e42027b06803c20b737b12f1aeb41719/element/0.34777111538325634-1/name:  {}
2018-12-04T23:04:07.121Z [[32minfo[39m] 	11 Sending GET request to http://localhost:9516/session/e42027b06803c20b737b12f1aeb41719/element/0.34777111538325634-1/attribute/type:  {}
2018-12-04T23:04:07.134Z [[32minfo[39m] 	12 Sending POST request to http://localhost:9516/session/e42027b06803c20b737b12f1aeb41719/execute:  {"script":"arguments[0].value = ''","args":[{"ELEMENT":"0.34777111538325634-1"}]}
2018-12-04T23:04:07.145Z [[32minfo[39m] 	13 Sending POST request to http://localhost:9516/session/e42027b06803c20b737b12f1aeb41719/element/0.34777111538325634-1/value:  {"value":["stas.odessa@ua.fm"]}
2018-12-04T23:04:07.332Z [[32minfo[39m] 	14 Sending elements request to http://localhost:9516/session/e42027b06803c20b737b12f1aeb41719:  {"using":"xpath","value":"./descendant::*[self::input | self::textarea][not(((((((./@type = 'submit') or (./@type = 'image')) or (./@type = 'radio')) or (./@type = 'checkbox')) or (./@type = 'hidden')) or (./@type = 'file')))][((((./@id = '__taonly__trueautomationio:auth:signin:PasswordField__taonly__') or (./@name = '__taonly__trueautomationio:auth:signin:PasswordField__taonly__')) or (./@placeholder = '__taonly__trueautomationio:auth:signin:PasswordField__taonly__')) or (./@id = //label[(normalize-space(string(.)) = '__taonly__trueautomationio:auth:signin:PasswordField__taonly__')]/@for))] | .//label[(normalize-space(string(.)) = '__taonly__trueautomationio:auth:signin:PasswordField__taonly__')]//./descendant::*[self::input | self::textarea][not(((((((./@type = 'submit') or (./@type = 'image')) or (./@type = 'radio')) or (./@type = 'checkbox')) or (./@type = 'hidden')) or (./@type = 'file')))]"}
2018-12-04T23:04:07.352Z [[32minfo[39m] 	14 Enum nodes response:  {"sessionId":"e42027b06803c20b737b12f1ae
2018-12-04T23:04:07.371Z [[32minfo[39m] 	14 Elements locator: {"value":"/*[1]/*[2]/*[1]/*[2]/*[3]/*[3]/*[1]","using":"xpath"}
2018-12-04T23:04:07.387Z [[32minfo[39m] 	14 Elements response: {"sessionId":"e42027b06803c20b737b12f1aeb41719","status":0,"value":[{"ELEMENT":"0.34777111538325634-2"}]}
2018-12-04T23:04:07.390Z [[32minfo[39m] 	15 Sending GET request to http://localhost:9516/session/e42027b06803c20b737b12f1aeb41719/element/0.34777111538325634-2/displayed:  {}
2018-12-04T23:04:07.406Z [[32minfo[39m] 	16 Sending GET request to http://localhost:9516/session/e42027b06803c20b737b12f1aeb41719/element/0.34777111538325634-2/enabled:  {}
2018-12-04T23:04:07.419Z [[32minfo[39m] 	17 Sending GET request to http://localhost:9516/session/e42027b06803c20b737b12f1aeb41719/element/0.34777111538325634-2/name:  {}
2018-12-04T23:04:07.428Z [[32minfo[39m] 	18 Sending GET request to http://localhost:9516/session/e42027b06803c20b737b12f1aeb41719/element/0.34777111538325634-2/attribute/readonly:  {}
2018-12-04T23:04:07.437Z [[32minfo[39m] 	19 Sending GET request to http://localhost:9516/session/e42027b06803c20b737b12f1aeb41719/element/0.34777111538325634-2/name:  {}
2018-12-04T23:04:07.444Z [[32minfo[39m] 	20 Sending GET request to http://localhost:9516/session/e42027b06803c20b737b12f1aeb41719/element/0.34777111538325634-2/attribute/type:  {}
2018-12-04T23:04:07.453Z [[32minfo[39m] 	21 Sending POST request to http://localhost:9516/session/e42027b06803c20b737b12f1aeb41719/execute:  {"script":"arguments[0].value = ''","args":[{"ELEMENT":"0.34777111538325634-2"}]}
2018-12-04T23:04:07.460Z [[32minfo[39m] 	22 Sending POST request to http://localhost:9516/session/e42027b06803c20b737b12f1aeb41719/element/0.34777111538325634-2/value:  {"value":["7167276Ss"]}
2018-12-04T23:04:07.526Z [[32minfo[39m] 	23 Sending elements request to http://localhost:9516/session/e42027b06803c20b737b12f1aeb41719:  {"using":"css selector","value":"__taonly__trueautomationio:auth:signin:LoginBtn__taonly__"}
2018-12-04T23:04:07.545Z [[32minfo[39m] 	23 Enum nodes response:  {"sessionId":"e42027b06803c20b737b12f1ae
2018-12-04T23:04:07.561Z [[32minfo[39m] 	23 Elements locator: {"value":"/*[1]/*[2]/*[1]/*[2]/*[3]/*[5]","using":"xpath"}
2018-12-04T23:04:07.579Z [[32minfo[39m] 	23 Elements response: {"sessionId":"e42027b06803c20b737b12f1aeb41719","status":0,"value":[{"ELEMENT":"0.34777111538325634-3"}]}
2018-12-04T23:04:07.582Z [[32minfo[39m] 	24 Sending GET request to http://localhost:9516/session/e42027b06803c20b737b12f1aeb41719/element/0.34777111538325634-3/displayed:  {}
2018-12-04T23:04:07.600Z [[32minfo[39m] 	25 Sending POST request to http://localhost:9516/session/e42027b06803c20b737b12f1aeb41719/element/0.34777111538325634-3/click:  {}
2018-12-04T23:04:15.636Z [[32minfo[39m] 	26 Sending GET request to http://localhost:9516/session/e42027b06803c20b737b12f1aeb41719/window_handles:  {}
2018-12-04T23:04:15.642Z [[32minfo[39m] 	27 Sending POST request to http://localhost:9516/session/e42027b06803c20b737b12f1aeb41719/window:  {"name":"CDwindow-96A349C0E5927D1B3D070B544B4650C4"}
2018-12-04T23:04:15.649Z [[32minfo[39m] 	28 Sending GET request to http://localhost:9516/session/e42027b06803c20b737b12f1aeb41719/window_handles:  {}
2018-12-04T23:04:15.655Z [[32minfo[39m] 	29 Sending POST request to http://localhost:9516/session/e42027b06803c20b737b12f1aeb41719/goog/cdp/execute:  {"cmd":"Network.clearBrowserCookies","params":{}}
2018-12-04T23:04:15.667Z [[32minfo[39m] 	30 Sending DELETE request to http://localhost:9516/session/e42027b06803c20b737b12f1aeb41719/session_storage:  {}
2018-12-04T23:04:15.673Z [[32minfo[39m] 	31 Sending DELETE request to http://localhost:9516/session/e42027b06803c20b737b12f1aeb41719/local_storage:  {}
2018-12-04T23:04:15.680Z [[32minfo[39m] 	32 Sending POST request to http://localhost:9516/session/e42027b06803c20b737b12f1aeb41719/url:  {"url":"about:blank"}
2018-12-04T23:04:15.706Z [[32minfo[39m] 	33 Sending elements request to http://localhost:9516/session/e42027b06803c20b737b12f1aeb41719:  {"using":"xpath","value":"/html/body/*"}
2018-12-04T23:04:15.707Z [[32minfo[39m] 	33 Elements locator: {"value":"/html/body/*","using":"xpath"}
2018-12-04T23:04:15.723Z [[32minfo[39m] 	33 Elements response: {"sessionId":"e42027b06803c20b737b12f1aeb41719","status":0,"value":[]}
2018-12-04T23:04:15.732Z [[32minfo[39m] 	34 Sending DELETE request to http://localhost:9516/session/e42027b06803c20b737b12f1aeb41719:  {}
2018-12-04T23:04:15.824Z [[32minfo[39m] 	Sync elements
2018-12-04T23:04:17.201Z [[32minfo[39m] 	Stopping driver
