2018-12-05T00:19:50.498Z [[32minfo[39m] 	Starting TrueAutomation.IO client
2018-12-05T00:19:50.498Z [[32minfo[39m] 	API key: cf2038a3-013f-4b20-9362-8f0c1b91919d
2018-12-05T00:19:50.499Z [[32minfo[39m] 	Project name: TAEP-homepage
2018-12-05T00:19:50.499Z [[32minfo[39m] 	Cloud server: https://app.trueautomation.io
2018-12-05T00:19:50.499Z [[32minfo[39m] 	Starting chromeDriver /Users/delight/.trueautomation/chromedriver/chromedriver_mac64_2.44 on port 9516...
2018-12-05T00:19:51.047Z [[32minfo[39m] 	TrueAutomation.IO Client is listening on port 9515
2018-12-05T00:19:54.091Z [[32minfo[39m] 	0 Create session response: {"sessionId":"803111d6067b06e7f2c702868d267ffe","status":0,"value":{"acceptInsecureCerts":false,"acceptSslCerts":false,"applicationCacheEnabled":false,"browserConnectionEnabled":false,"browserName":"chrome","chrome":{"chromedriverVersion":"2.44.609545 (c2f88692e98ce7233d2df7c724465ecacfe74df5)","userDataDir":"/var/folders/s2/z5gqzlh91gq2thydw9h4p3yh0000gn/T/.org.chromium.Chromium.z8t5pz"},"cssSelectorsEnabled":true,"databaseEnabled":false,"goog:chromeOptions":{"debuggerAddress":"localhost:62823"},"handlesAlerts":true,"hasTouchScreen":false,"javascriptEnabled":true,"locationContextEnabled":true,"mobileEmulationEnabled":false,"nativeEvents":true,"networkConnectionEnabled":false,"pageLoadStrategy":"normal","platform":"Mac OS X","rotatable":false,"setWindowRect":true,"takesHeapSnapshot":true,"takesScreenshot":true,"unexpectedAlertBehaviour":"ignore","version":"70.0.3538.110","webStorageEnabled":true}}
2018-12-05T00:19:54.114Z [[32minfo[39m] 	1 Sending POST request to http://localhost:9516/session/803111d6067b06e7f2c702868d267ffe/url:  {"url":"https://trueautomation.io/"}
2018-12-05T00:19:59.607Z [[32minfo[39m] 	2 Sending elements request to http://localhost:9516/session/803111d6067b06e7f2c702868d267ffe:  {"using":"css selector","value":"__taonly__trueautomationio:home:loginBtn__taonly__"}
2018-12-05T00:19:59.761Z [[32minfo[39m] 	2 Enum nodes response:  {"sessionId":"803111d6067b06e7f2c702868d
2018-12-05T00:19:59.977Z [[32minfo[39m] 	2 Elements locator: {"value":"/*[1]/*[2]/*[1]/*[1]/*[1]/*[2]/*[1]/*[2]/*[1]","using":"xpath"}
2018-12-05T00:20:00.017Z [[32minfo[39m] 	2 Elements response: {"sessionId":"803111d6067b06e7f2c702868d267ffe","status":0,"value":[{"ELEMENT":"0.9248850179108006-1"}]}
2018-12-05T00:20:00.020Z [[32minfo[39m] 	3 Sending GET request to http://localhost:9516/session/803111d6067b06e7f2c702868d267ffe/element/0.9248850179108006-1/displayed:  {}
2018-12-05T00:20:00.038Z [[32minfo[39m] 	4 Sending POST request to http://localhost:9516/session/803111d6067b06e7f2c702868d267ffe/element/0.9248850179108006-1/click:  {}
2018-12-05T00:20:01.953Z [[32minfo[39m] 	5 Sending elements request to http://localhost:9516/session/803111d6067b06e7f2c702868d267ffe:  {"using":"xpath","value":"./descendant::*[self::input | self::textarea][not(((((((./@type = 'submit') or (./@type = 'image')) or (./@type = 'radio')) or (./@type = 'checkbox')) or (./@type = 'hidden')) or (./@type = 'file')))][((((./@id = '__taonly__trueautomationio:auth:signin:EmailField__taonly__') or (./@name = '__taonly__trueautomationio:auth:signin:EmailField__taonly__')) or (./@placeholder = '__taonly__trueautomationio:auth:signin:EmailField__taonly__')) or (./@id = //label[(normalize-space(string(.)) = '__taonly__trueautomationio:auth:signin:EmailField__taonly__')]/@for))] | .//label[(normalize-space(string(.)) = '__taonly__trueautomationio:auth:signin:EmailField__taonly__')]//./descendant::*[self::input | self::textarea][not(((((((./@type = 'submit') or (./@type = 'image')) or (./@type = 'radio')) or (./@type = 'checkbox')) or (./@type = 'hidden')) or (./@type = 'file')))]"}
2018-12-05T00:20:01.972Z [[32minfo[39m] 	5 Enum nodes response:  {"sessionId":"803111d6067b06e7f2c702868d
2018-12-05T00:20:01.993Z [[32minfo[39m] 	5 Elements locator: {"value":"/*[1]/*[2]/*[1]/*[2]/*[3]/*[2]/*[1]","using":"xpath"}
2018-12-05T00:20:02.017Z [[32minfo[39m] 	5 Elements response: {"sessionId":"803111d6067b06e7f2c702868d267ffe","status":0,"value":[{"ELEMENT":"0.9440865999433083-1"}]}
2018-12-05T00:20:02.022Z [[32minfo[39m] 	6 Sending GET request to http://localhost:9516/session/803111d6067b06e7f2c702868d267ffe/element/0.9440865999433083-1/displayed:  {}
2018-12-05T00:20:02.040Z [[32minfo[39m] 	7 Sending GET request to http://localhost:9516/session/803111d6067b06e7f2c702868d267ffe/element/0.9440865999433083-1/enabled:  {}
2018-12-05T00:20:02.052Z [[32minfo[39m] 	8 Sending GET request to http://localhost:9516/session/803111d6067b06e7f2c702868d267ffe/element/0.9440865999433083-1/name:  {}
2018-12-05T00:20:02.060Z [[32minfo[39m] 	9 Sending GET request to http://localhost:9516/session/803111d6067b06e7f2c702868d267ffe/element/0.9440865999433083-1/attribute/readonly:  {}
2018-12-05T00:20:02.070Z [[32minfo[39m] 	10 Sending GET request to http://localhost:9516/session/803111d6067b06e7f2c702868d267ffe/element/0.9440865999433083-1/name:  {}
2018-12-05T00:20:02.077Z [[32minfo[39m] 	11 Sending GET request to http://localhost:9516/session/803111d6067b06e7f2c702868d267ffe/element/0.9440865999433083-1/attribute/type:  {}
2018-12-05T00:20:02.086Z [[32minfo[39m] 	12 Sending POST request to http://localhost:9516/session/803111d6067b06e7f2c702868d267ffe/execute:  {"script":"arguments[0].value = ''","args":[{"ELEMENT":"0.9440865999433083-1"}]}
2018-12-05T00:20:02.095Z [[32minfo[39m] 	13 Sending POST request to http://localhost:9516/session/803111d6067b06e7f2c702868d267ffe/element/0.9440865999433083-1/value:  {"value":["stas.odessa@@ua.fm"]}
2018-12-05T00:20:02.301Z [[32minfo[39m] 	14 Sending elements request to http://localhost:9516/session/803111d6067b06e7f2c702868d267ffe:  {"using":"xpath","value":"./descendant::*[self::input | self::textarea][not(((((((./@type = 'submit') or (./@type = 'image')) or (./@type = 'radio')) or (./@type = 'checkbox')) or (./@type = 'hidden')) or (./@type = 'file')))][((((./@id = '__taonly__trueautomationio:auth:signin:PasswordField__taonly__') or (./@name = '__taonly__trueautomationio:auth:signin:PasswordField__taonly__')) or (./@placeholder = '__taonly__trueautomationio:auth:signin:PasswordField__taonly__')) or (./@id = //label[(normalize-space(string(.)) = '__taonly__trueautomationio:auth:signin:PasswordField__taonly__')]/@for))] | .//label[(normalize-space(string(.)) = '__taonly__trueautomationio:auth:signin:PasswordField__taonly__')]//./descendant::*[self::input | self::textarea][not(((((((./@type = 'submit') or (./@type = 'image')) or (./@type = 'radio')) or (./@type = 'checkbox')) or (./@type = 'hidden')) or (./@type = 'file')))]"}
2018-12-05T00:20:02.319Z [[32minfo[39m] 	14 Enum nodes response:  {"sessionId":"803111d6067b06e7f2c702868d
2018-12-05T00:20:02.335Z [[32minfo[39m] 	14 Elements locator: {"value":"/*[1]/*[2]/*[1]/*[2]/*[3]/*[3]/*[1]","using":"xpath"}
2018-12-05T00:20:02.349Z [[32minfo[39m] 	14 Elements response: {"sessionId":"803111d6067b06e7f2c702868d267ffe","status":0,"value":[{"ELEMENT":"0.9440865999433083-2"}]}
2018-12-05T00:20:02.351Z [[32minfo[39m] 	15 Sending GET request to http://localhost:9516/session/803111d6067b06e7f2c702868d267ffe/element/0.9440865999433083-2/displayed:  {}
2018-12-05T00:20:02.367Z [[32minfo[39m] 	16 Sending GET request to http://localhost:9516/session/803111d6067b06e7f2c702868d267ffe/element/0.9440865999433083-2/enabled:  {}
2018-12-05T00:20:02.380Z [[32minfo[39m] 	17 Sending GET request to http://localhost:9516/session/803111d6067b06e7f2c702868d267ffe/element/0.9440865999433083-2/name:  {}
2018-12-05T00:20:02.388Z [[32minfo[39m] 	18 Sending GET request to http://localhost:9516/session/803111d6067b06e7f2c702868d267ffe/element/0.9440865999433083-2/attribute/readonly:  {}
2018-12-05T00:20:02.397Z [[32minfo[39m] 	19 Sending GET request to http://localhost:9516/session/803111d6067b06e7f2c702868d267ffe/element/0.9440865999433083-2/name:  {}
2018-12-05T00:20:02.403Z [[32minfo[39m] 	20 Sending GET request to http://localhost:9516/session/803111d6067b06e7f2c702868d267ffe/element/0.9440865999433083-2/attribute/type:  {}
2018-12-05T00:20:02.413Z [[32minfo[39m] 	21 Sending POST request to http://localhost:9516/session/803111d6067b06e7f2c702868d267ffe/execute:  {"script":"arguments[0].value = ''","args":[{"ELEMENT":"0.9440865999433083-2"}]}
2018-12-05T00:20:02.420Z [[32minfo[39m] 	22 Sending POST request to http://localhost:9516/session/803111d6067b06e7f2c702868d267ffe/element/0.9440865999433083-2/value:  {"value":["7167276@Ss"]}
2018-12-05T00:20:02.491Z [[32minfo[39m] 	23 Sending elements request to http://localhost:9516/session/803111d6067b06e7f2c702868d267ffe:  {"using":"css selector","value":"__taonly__trueautomationio:auth:signin:LoginBtn__taonly__"}
2018-12-05T00:20:02.514Z [[32minfo[39m] 	23 Enum nodes response:  {"sessionId":"803111d6067b06e7f2c702868d
2018-12-05T00:20:02.535Z [[32minfo[39m] 	23 Elements locator: {"value":"/*[1]/*[2]/*[1]/*[2]/*[3]/*[5]","using":"xpath"}
2018-12-05T00:20:02.554Z [[32minfo[39m] 	23 Elements response: {"sessionId":"803111d6067b06e7f2c702868d267ffe","status":0,"value":[{"ELEMENT":"0.9440865999433083-3"}]}
2018-12-05T00:20:02.557Z [[32minfo[39m] 	24 Sending GET request to http://localhost:9516/session/803111d6067b06e7f2c702868d267ffe/element/0.9440865999433083-3/displayed:  {}
2018-12-05T00:20:02.576Z [[32minfo[39m] 	25 Sending POST request to http://localhost:9516/session/803111d6067b06e7f2c702868d267ffe/element/0.9440865999433083-3/click:  {}
2018-12-05T00:20:03.374Z [[32minfo[39m] 	26 Sending elements request to http://localhost:9516/session/803111d6067b06e7f2c702868d267ffe:  {"using":"xpath","value":"/html"}
2018-12-05T00:20:03.375Z [[32minfo[39m] 	26 Elements locator: {"value":"/html","using":"xpath"}
2018-12-05T00:20:03.416Z [[32minfo[39m] 	26 Elements response: {"sessionId":"803111d6067b06e7f2c702868d267ffe","status":0,"value":[{"ELEMENT":"0.7631836224992383-1"}]}
2018-12-05T00:20:03.425Z [[32minfo[39m] 	27 Sending GET request to http://localhost:9516/session/803111d6067b06e7f2c702868d267ffe/element/0.7631836224992383-1/displayed:  {}
2018-12-05T00:20:03.471Z [[32minfo[39m] 	28 Sending GET request to http://localhost:9516/session/803111d6067b06e7f2c702868d267ffe/element/0.7631836224992383-1/text:  {}
2018-12-05T00:20:03.529Z [[32minfo[39m] 	29 Sending GET request to http://localhost:9516/session/803111d6067b06e7f2c702868d267ffe/window_handles:  {}
2018-12-05T00:20:03.538Z [[32minfo[39m] 	30 Sending POST request to http://localhost:9516/session/803111d6067b06e7f2c702868d267ffe/window:  {"name":"CDwindow-E686E71EE2263EFAD4785883780D4E52"}
2018-12-05T00:20:03.545Z [[32minfo[39m] 	31 Sending GET request to http://localhost:9516/session/803111d6067b06e7f2c702868d267ffe/window_handles:  {}
2018-12-05T00:20:03.553Z [[32minfo[39m] 	32 Sending POST request to http://localhost:9516/session/803111d6067b06e7f2c702868d267ffe/goog/cdp/execute:  {"cmd":"Network.clearBrowserCookies","params":{}}
2018-12-05T00:20:03.565Z [[32minfo[39m] 	33 Sending DELETE request to http://localhost:9516/session/803111d6067b06e7f2c702868d267ffe/session_storage:  {}
2018-12-05T00:20:03.572Z [[32minfo[39m] 	34 Sending DELETE request to http://localhost:9516/session/803111d6067b06e7f2c702868d267ffe/local_storage:  {}
2018-12-05T00:20:03.579Z [[32minfo[39m] 	35 Sending POST request to http://localhost:9516/session/803111d6067b06e7f2c702868d267ffe/url:  {"url":"about:blank"}
2018-12-05T00:20:03.603Z [[32minfo[39m] 	36 Sending elements request to http://localhost:9516/session/803111d6067b06e7f2c702868d267ffe:  {"using":"xpath","value":"/html/body/*"}
2018-12-05T00:20:03.604Z [[32minfo[39m] 	36 Elements locator: {"value":"/html/body/*","using":"xpath"}
2018-12-05T00:20:03.618Z [[32minfo[39m] 	36 Elements response: {"sessionId":"803111d6067b06e7f2c702868d267ffe","status":0,"value":[]}
2018-12-05T00:20:03.626Z [[32minfo[39m] 	37 Sending DELETE request to http://localhost:9516/session/803111d6067b06e7f2c702868d267ffe:  {}
2018-12-05T00:20:03.713Z [[32minfo[39m] 	Sync elements
2018-12-05T00:20:04.996Z [[32minfo[39m] 	Stopping driver
