2018-12-04T23:58:31.290Z [[32minfo[39m] 	Starting TrueAutomation.IO client
2018-12-04T23:58:31.291Z [[32minfo[39m] 	API key: cf2038a3-013f-4b20-9362-8f0c1b91919d
2018-12-04T23:58:31.291Z [[32minfo[39m] 	Project name: TAEP-homepage
2018-12-04T23:58:31.291Z [[32minfo[39m] 	Cloud server: https://app.trueautomation.io
2018-12-04T23:58:31.291Z [[32minfo[39m] 	Starting chromeDriver /Users/delight/.trueautomation/chromedriver/chromedriver_mac64_2.44 on port 9516...
2018-12-04T23:58:31.845Z [[32minfo[39m] 	TrueAutomation.IO Client is listening on port 9515
2018-12-04T23:58:33.531Z [[32minfo[39m] 	0 Create session response: {"sessionId":"f199722e7b12442956befa96f292dc84","status":0,"value":{"acceptInsecureCerts":false,"acceptSslCerts":false,"applicationCacheEnabled":false,"browserConnectionEnabled":false,"browserName":"chrome","chrome":{"chromedriverVersion":"2.44.609545 (c2f88692e98ce7233d2df7c724465ecacfe74df5)","userDataDir":"/var/folders/s2/z5gqzlh91gq2thydw9h4p3yh0000gn/T/.org.chromium.Chromium.KZaU0M"},"cssSelectorsEnabled":true,"databaseEnabled":false,"goog:chromeOptions":{"debuggerAddress":"localhost:59820"},"handlesAlerts":true,"hasTouchScreen":false,"javascriptEnabled":true,"locationContextEnabled":true,"mobileEmulationEnabled":false,"nativeEvents":true,"networkConnectionEnabled":false,"pageLoadStrategy":"normal","platform":"Mac OS X","rotatable":false,"setWindowRect":true,"takesHeapSnapshot":true,"takesScreenshot":true,"unexpectedAlertBehaviour":"ignore","version":"70.0.3538.110","webStorageEnabled":true}}
2018-12-04T23:58:33.550Z [[32minfo[39m] 	1 Sending POST request to http://localhost:9516/session/f199722e7b12442956befa96f292dc84/url:  {"url":"https://trueautomation.io/"}
2018-12-04T23:58:39.190Z [[32minfo[39m] 	2 Sending elements request to http://localhost:9516/session/f199722e7b12442956befa96f292dc84:  {"using":"css selector","value":"__taonly__trueautomationio:home:loginBtn__taonly__"}
2018-12-04T23:58:39.335Z [[32minfo[39m] 	2 Enum nodes response:  {"sessionId":"f199722e7b12442956befa96f2
2018-12-04T23:58:39.498Z [[32minfo[39m] 	2 Elements locator: {"value":"/*[1]/*[2]/*[1]/*[1]/*[1]/*[2]/*[1]/*[2]/*[1]","using":"xpath"}
2018-12-04T23:58:39.513Z [[32minfo[39m] 	2 Elements response: {"sessionId":"f199722e7b12442956befa96f292dc84","status":0,"value":[{"ELEMENT":"0.2673204405251455-1"}]}
2018-12-04T23:58:39.516Z [[32minfo[39m] 	3 Sending GET request to http://localhost:9516/session/f199722e7b12442956befa96f292dc84/element/0.2673204405251455-1/displayed:  {}
2018-12-04T23:58:39.533Z [[32minfo[39m] 	4 Sending POST request to http://localhost:9516/session/f199722e7b12442956befa96f292dc84/element/0.2673204405251455-1/click:  {}
2018-12-04T23:58:41.273Z [[32minfo[39m] 	5 Sending elements request to http://localhost:9516/session/f199722e7b12442956befa96f292dc84:  {"using":"xpath","value":"./descendant::*[self::input | self::textarea][not(((((((./@type = 'submit') or (./@type = 'image')) or (./@type = 'radio')) or (./@type = 'checkbox')) or (./@type = 'hidden')) or (./@type = 'file')))][((((./@id = '__taonly__trueautomationio:auth:signin:EmailField__taonly__') or (./@name = '__taonly__trueautomationio:auth:signin:EmailField__taonly__')) or (./@placeholder = '__taonly__trueautomationio:auth:signin:EmailField__taonly__')) or (./@id = //label[(normalize-space(string(.)) = '__taonly__trueautomationio:auth:signin:EmailField__taonly__')]/@for))] | .//label[(normalize-space(string(.)) = '__taonly__trueautomationio:auth:signin:EmailField__taonly__')]//./descendant::*[self::input | self::textarea][not(((((((./@type = 'submit') or (./@type = 'image')) or (./@type = 'radio')) or (./@type = 'checkbox')) or (./@type = 'hidden')) or (./@type = 'file')))]"}
2018-12-04T23:58:41.291Z [[32minfo[39m] 	5 Enum nodes response:  {"sessionId":"f199722e7b12442956befa96f2
2018-12-04T23:58:41.316Z [[32minfo[39m] 	5 Elements locator: {"value":"/*[1]/*[2]/*[1]/*[2]/*[3]/*[2]/*[1]","using":"xpath"}
2018-12-04T23:58:41.335Z [[32minfo[39m] 	5 Elements response: {"sessionId":"f199722e7b12442956befa96f292dc84","status":0,"value":[{"ELEMENT":"0.9029329890995177-1"}]}
2018-12-04T23:58:41.339Z [[32minfo[39m] 	6 Sending GET request to http://localhost:9516/session/f199722e7b12442956befa96f292dc84/element/0.9029329890995177-1/displayed:  {}
2018-12-04T23:58:41.356Z [[32minfo[39m] 	7 Sending GET request to http://localhost:9516/session/f199722e7b12442956befa96f292dc84/element/0.9029329890995177-1/enabled:  {}
2018-12-04T23:58:41.370Z [[32minfo[39m] 	8 Sending GET request to http://localhost:9516/session/f199722e7b12442956befa96f292dc84/element/0.9029329890995177-1/name:  {}
2018-12-04T23:58:41.379Z [[32minfo[39m] 	9 Sending GET request to http://localhost:9516/session/f199722e7b12442956befa96f292dc84/element/0.9029329890995177-1/attribute/readonly:  {}
2018-12-04T23:58:41.388Z [[32minfo[39m] 	10 Sending GET request to http://localhost:9516/session/f199722e7b12442956befa96f292dc84/element/0.9029329890995177-1/name:  {}
2018-12-04T23:58:41.397Z [[32minfo[39m] 	11 Sending GET request to http://localhost:9516/session/f199722e7b12442956befa96f292dc84/element/0.9029329890995177-1/attribute/type:  {}
2018-12-04T23:58:41.407Z [[32minfo[39m] 	12 Sending POST request to http://localhost:9516/session/f199722e7b12442956befa96f292dc84/execute:  {"script":"arguments[0].value = ''","args":[{"ELEMENT":"0.9029329890995177-1"}]}
2018-12-04T23:58:41.416Z [[32minfo[39m] 	13 Sending POST request to http://localhost:9516/session/f199722e7b12442956befa96f292dc84/element/0.9029329890995177-1/value:  {"value":["stas.odessa@ua.fm"]}
2018-12-04T23:58:41.606Z [[32minfo[39m] 	14 Sending elements request to http://localhost:9516/session/f199722e7b12442956befa96f292dc84:  {"using":"xpath","value":"./descendant::*[self::input | self::textarea][not(((((((./@type = 'submit') or (./@type = 'image')) or (./@type = 'radio')) or (./@type = 'checkbox')) or (./@type = 'hidden')) or (./@type = 'file')))][((((./@id = '__taonly__trueautomationio:auth:signin:PasswordField__taonly__') or (./@name = '__taonly__trueautomationio:auth:signin:PasswordField__taonly__')) or (./@placeholder = '__taonly__trueautomationio:auth:signin:PasswordField__taonly__')) or (./@id = //label[(normalize-space(string(.)) = '__taonly__trueautomationio:auth:signin:PasswordField__taonly__')]/@for))] | .//label[(normalize-space(string(.)) = '__taonly__trueautomationio:auth:signin:PasswordField__taonly__')]//./descendant::*[self::input | self::textarea][not(((((((./@type = 'submit') or (./@type = 'image')) or (./@type = 'radio')) or (./@type = 'checkbox')) or (./@type = 'hidden')) or (./@type = 'file')))]"}
2018-12-04T23:58:41.625Z [[32minfo[39m] 	14 Enum nodes response:  {"sessionId":"f199722e7b12442956befa96f2
2018-12-04T23:58:41.642Z [[32minfo[39m] 	14 Elements locator: {"value":"/*[1]/*[2]/*[1]/*[2]/*[3]/*[3]/*[1]","using":"xpath"}
2018-12-04T23:58:41.657Z [[32minfo[39m] 	14 Elements response: {"sessionId":"f199722e7b12442956befa96f292dc84","status":0,"value":[{"ELEMENT":"0.9029329890995177-2"}]}
2018-12-04T23:58:41.659Z [[32minfo[39m] 	15 Sending GET request to http://localhost:9516/session/f199722e7b12442956befa96f292dc84/element/0.9029329890995177-2/displayed:  {}
2018-12-04T23:58:41.675Z [[32minfo[39m] 	16 Sending GET request to http://localhost:9516/session/f199722e7b12442956befa96f292dc84/element/0.9029329890995177-2/enabled:  {}
2018-12-04T23:58:41.688Z [[32minfo[39m] 	17 Sending GET request to http://localhost:9516/session/f199722e7b12442956befa96f292dc84/element/0.9029329890995177-2/name:  {}
2018-12-04T23:58:41.696Z [[32minfo[39m] 	18 Sending GET request to http://localhost:9516/session/f199722e7b12442956befa96f292dc84/element/0.9029329890995177-2/attribute/readonly:  {}
2018-12-04T23:58:41.705Z [[32minfo[39m] 	19 Sending GET request to http://localhost:9516/session/f199722e7b12442956befa96f292dc84/element/0.9029329890995177-2/name:  {}
2018-12-04T23:58:41.712Z [[32minfo[39m] 	20 Sending GET request to http://localhost:9516/session/f199722e7b12442956befa96f292dc84/element/0.9029329890995177-2/attribute/type:  {}
2018-12-04T23:58:41.721Z [[32minfo[39m] 	21 Sending POST request to http://localhost:9516/session/f199722e7b12442956befa96f292dc84/execute:  {"script":"arguments[0].value = ''","args":[{"ELEMENT":"0.9029329890995177-2"}]}
2018-12-04T23:58:41.729Z [[32minfo[39m] 	22 Sending POST request to http://localhost:9516/session/f199722e7b12442956befa96f292dc84/element/0.9029329890995177-2/value:  {"value":["7167276Ss"]}
2018-12-04T23:58:41.799Z [[32minfo[39m] 	23 Sending elements request to http://localhost:9516/session/f199722e7b12442956befa96f292dc84:  {"using":"css selector","value":"__taonly__trueautomationio:auth:signin:LoginBtn__taonly__"}
2018-12-04T23:58:41.817Z [[32minfo[39m] 	23 Enum nodes response:  {"sessionId":"f199722e7b12442956befa96f2
2018-12-04T23:58:41.835Z [[32minfo[39m] 	23 Elements locator: {"value":"/*[1]/*[2]/*[1]/*[2]/*[3]/*[5]","using":"xpath"}
2018-12-04T23:58:41.852Z [[32minfo[39m] 	23 Elements response: {"sessionId":"f199722e7b12442956befa96f292dc84","status":0,"value":[{"ELEMENT":"0.9029329890995177-3"}]}
2018-12-04T23:58:41.854Z [[32minfo[39m] 	24 Sending GET request to http://localhost:9516/session/f199722e7b12442956befa96f292dc84/element/0.9029329890995177-3/displayed:  {}
2018-12-04T23:58:41.871Z [[32minfo[39m] 	25 Sending POST request to http://localhost:9516/session/f199722e7b12442956befa96f292dc84/element/0.9029329890995177-3/click:  {}
2018-12-04T23:58:44.405Z [[32minfo[39m] 	26 Sending elements request to http://localhost:9516/session/f199722e7b12442956befa96f292dc84:  {"using":"xpath","value":"/html"}
2018-12-04T23:58:44.405Z [[32minfo[39m] 	26 Elements locator: {"value":"/html","using":"xpath"}
2018-12-04T23:58:44.431Z [[32minfo[39m] 	26 Elements response: {"sessionId":"f199722e7b12442956befa96f292dc84","status":0,"value":[{"ELEMENT":"0.9439115339036697-1"}]}
2018-12-04T23:58:44.434Z [[32minfo[39m] 	27 Sending GET request to http://localhost:9516/session/f199722e7b12442956befa96f292dc84/element/0.9439115339036697-1/displayed:  {}
2018-12-04T23:58:44.489Z [[32minfo[39m] 	28 Sending GET request to http://localhost:9516/session/f199722e7b12442956befa96f292dc84/element/0.9439115339036697-1/text:  {}
2018-12-04T23:58:44.578Z [[32minfo[39m] 	29 Sending GET request to http://localhost:9516/session/f199722e7b12442956befa96f292dc84/window_handles:  {}
2018-12-04T23:58:44.589Z [[32minfo[39m] 	30 Sending POST request to http://localhost:9516/session/f199722e7b12442956befa96f292dc84/window:  {"name":"CDwindow-0990EF59AD37D6831ADE684ADD135155"}
2018-12-04T23:58:44.601Z [[32minfo[39m] 	31 Sending GET request to http://localhost:9516/session/f199722e7b12442956befa96f292dc84/window_handles:  {}
2018-12-04T23:58:44.615Z [[32minfo[39m] 	32 Sending POST request to http://localhost:9516/session/f199722e7b12442956befa96f292dc84/goog/cdp/execute:  {"cmd":"Network.clearBrowserCookies","params":{}}
2018-12-04T23:58:44.627Z [[32minfo[39m] 	33 Sending DELETE request to http://localhost:9516/session/f199722e7b12442956befa96f292dc84/session_storage:  {}
2018-12-04T23:58:44.634Z [[32minfo[39m] 	34 Sending DELETE request to http://localhost:9516/session/f199722e7b12442956befa96f292dc84/local_storage:  {}
2018-12-04T23:58:44.642Z [[32minfo[39m] 	35 Sending POST request to http://localhost:9516/session/f199722e7b12442956befa96f292dc84/url:  {"url":"about:blank"}
2018-12-04T23:58:44.672Z [[32minfo[39m] 	36 Sending elements request to http://localhost:9516/session/f199722e7b12442956befa96f292dc84:  {"using":"xpath","value":"/html/body/*"}
2018-12-04T23:58:44.672Z [[32minfo[39m] 	36 Elements locator: {"value":"/html/body/*","using":"xpath"}
2018-12-04T23:58:44.687Z [[32minfo[39m] 	36 Elements response: {"sessionId":"f199722e7b12442956befa96f292dc84","status":0,"value":[]}
2018-12-04T23:58:44.694Z [[32minfo[39m] 	37 Sending DELETE request to http://localhost:9516/session/f199722e7b12442956befa96f292dc84:  {}
2018-12-04T23:58:44.801Z [[32minfo[39m] 	Sync elements
2018-12-04T23:58:46.289Z [[32minfo[39m] 	Stopping driver
