2018-12-06T08:56:55.643Z [[32minfo[39m] 	Starting TrueAutomation.IO client
2018-12-06T08:56:55.643Z [[32minfo[39m] 	API key: cf2038a3-013f-4b20-9362-8f0c1b91919d
2018-12-06T08:56:55.643Z [[32minfo[39m] 	Project name: TAEP-homepage
2018-12-06T08:56:55.644Z [[32minfo[39m] 	Cloud server: https://app.trueautomation.io
2018-12-06T08:56:55.644Z [[32minfo[39m] 	Starting chromeDriver /Users/delight/.trueautomation/chromedriver/chromedriver_mac64_2.44 on port 9516...
2018-12-06T08:56:56.076Z [[32minfo[39m] 	TrueAutomation.IO Client is listening on port 9515
2018-12-06T08:56:57.754Z [[32minfo[39m] 	0 Create session response: {"sessionId":"ea1fcc947b9defbea2f15078f94bda49","status":0,"value":{"acceptInsecureCerts":false,"acceptSslCerts":false,"applicationCacheEnabled":false,"browserConnectionEnabled":false,"browserName":"chrome","chrome":{"chromedriverVersion":"2.44.609545 (c2f88692e98ce7233d2df7c724465ecacfe74df5)","userDataDir":"/var/folders/s2/z5gqzlh91gq2thydw9h4p3yh0000gn/T/.org.chromium.Chromium.ZBSDsP"},"cssSelectorsEnabled":true,"databaseEnabled":false,"goog:chromeOptions":{"debuggerAddress":"localhost:62522"},"handlesAlerts":true,"hasTouchScreen":false,"javascriptEnabled":true,"locationContextEnabled":true,"mobileEmulationEnabled":false,"nativeEvents":true,"networkConnectionEnabled":false,"pageLoadStrategy":"normal","platform":"Mac OS X","rotatable":false,"setWindowRect":true,"takesHeapSnapshot":true,"takesScreenshot":true,"unexpectedAlertBehaviour":"ignore","version":"70.0.3538.110","webStorageEnabled":true}}
2018-12-06T08:56:57.781Z [[32minfo[39m] 	1 Sending POST request to http://localhost:9516/session/ea1fcc947b9defbea2f15078f94bda49/url:  {"url":"https://trueautomation.io/"}
2018-12-06T08:57:04.052Z [[32minfo[39m] 	2 Sending elements request to http://localhost:9516/session/ea1fcc947b9defbea2f15078f94bda49:  {"using":"css selector","value":"__taonly__trueautomationio:home:GetEarlyAccesBtn__taonly__"}
2018-12-06T08:57:04.202Z [[32minfo[39m] 	2 Enum nodes response:  {"sessionId":"ea1fcc947b9defbea2f15078f9
2018-12-06T08:57:04.485Z [[32minfo[39m] 	2 Elements locator: {"value":"/*[1]/*[2]/*[1]/*[3]/*[2]/*[2]","using":"xpath"}
2018-12-06T08:57:04.523Z [[32minfo[39m] 	2 Elements response: {"sessionId":"ea1fcc947b9defbea2f15078f94bda49","status":0,"value":[{"ELEMENT":"0.9032825694269491-1"}]}
2018-12-06T08:57:04.526Z [[32minfo[39m] 	3 Sending GET request to http://localhost:9516/session/ea1fcc947b9defbea2f15078f94bda49/element/0.9032825694269491-1/displayed:  {}
2018-12-06T08:57:04.544Z [[32minfo[39m] 	4 Sending POST request to http://localhost:9516/session/ea1fcc947b9defbea2f15078f94bda49/element/0.9032825694269491-1/click:  {}
2018-12-06T08:57:06.537Z [[32minfo[39m] 	5 Sending elements request to http://localhost:9516/session/ea1fcc947b9defbea2f15078f94bda49:  {"using":"xpath","value":"./descendant::*[self::input | self::textarea][not(((((((./@type = 'submit') or (./@type = 'image')) or (./@type = 'radio')) or (./@type = 'checkbox')) or (./@type = 'hidden')) or (./@type = 'file')))][((((./@id = '__taonly__trueautomationio:auth:signin:EmailField__taonly__') or (./@name = '__taonly__trueautomationio:auth:signin:EmailField__taonly__')) or (./@placeholder = '__taonly__trueautomationio:auth:signin:EmailField__taonly__')) or (./@id = //label[(normalize-space(string(.)) = '__taonly__trueautomationio:auth:signin:EmailField__taonly__')]/@for))] | .//label[(normalize-space(string(.)) = '__taonly__trueautomationio:auth:signin:EmailField__taonly__')]//./descendant::*[self::input | self::textarea][not(((((((./@type = 'submit') or (./@type = 'image')) or (./@type = 'radio')) or (./@type = 'checkbox')) or (./@type = 'hidden')) or (./@type = 'file')))]"}
2018-12-06T08:57:06.568Z [[32minfo[39m] 	5 Enum nodes response:  {"sessionId":"ea1fcc947b9defbea2f15078f9
2018-12-06T08:57:06.591Z [[32minfo[39m] 	5 Elements locator: {"value":"/*[1]/*[2]/*[1]/*[2]/*[3]/*[2]/*[1]","using":"xpath"}
2018-12-06T08:57:06.605Z [[32minfo[39m] 	5 Elements response: {"sessionId":"ea1fcc947b9defbea2f15078f94bda49","status":0,"value":[{"ELEMENT":"0.4755644725666337-1"}]}
2018-12-06T08:57:06.607Z [[32minfo[39m] 	6 Sending GET request to http://localhost:9516/session/ea1fcc947b9defbea2f15078f94bda49/element/0.4755644725666337-1/displayed:  {}
2018-12-06T08:57:06.624Z [[32minfo[39m] 	7 Sending GET request to http://localhost:9516/session/ea1fcc947b9defbea2f15078f94bda49/element/0.4755644725666337-1/enabled:  {}
2018-12-06T08:57:06.636Z [[32minfo[39m] 	8 Sending GET request to http://localhost:9516/session/ea1fcc947b9defbea2f15078f94bda49/element/0.4755644725666337-1/name:  {}
2018-12-06T08:57:06.644Z [[32minfo[39m] 	9 Sending GET request to http://localhost:9516/session/ea1fcc947b9defbea2f15078f94bda49/element/0.4755644725666337-1/attribute/readonly:  {}
2018-12-06T08:57:06.653Z [[32minfo[39m] 	10 Sending GET request to http://localhost:9516/session/ea1fcc947b9defbea2f15078f94bda49/element/0.4755644725666337-1/name:  {}
2018-12-06T08:57:06.661Z [[32minfo[39m] 	11 Sending GET request to http://localhost:9516/session/ea1fcc947b9defbea2f15078f94bda49/element/0.4755644725666337-1/attribute/type:  {}
2018-12-06T08:57:06.670Z [[32minfo[39m] 	12 Sending POST request to http://localhost:9516/session/ea1fcc947b9defbea2f15078f94bda49/execute:  {"script":"arguments[0].value = ''","args":[{"ELEMENT":"0.4755644725666337-1"}]}
2018-12-06T08:57:06.679Z [[32minfo[39m] 	13 Sending POST request to http://localhost:9516/session/ea1fcc947b9defbea2f15078f94bda49/element/0.4755644725666337-1/value:  {"value":["stas.odessa@@ua.fm"]}
2018-12-06T08:57:06.836Z [[32minfo[39m] 	14 Sending elements request to http://localhost:9516/session/ea1fcc947b9defbea2f15078f94bda49:  {"using":"xpath","value":"./descendant::*[self::input | self::textarea][not(((((((./@type = 'submit') or (./@type = 'image')) or (./@type = 'radio')) or (./@type = 'checkbox')) or (./@type = 'hidden')) or (./@type = 'file')))][((((./@id = '__taonly__trueautomationio:auth:signin:PasswordField__taonly__') or (./@name = '__taonly__trueautomationio:auth:signin:PasswordField__taonly__')) or (./@placeholder = '__taonly__trueautomationio:auth:signin:PasswordField__taonly__')) or (./@id = //label[(normalize-space(string(.)) = '__taonly__trueautomationio:auth:signin:PasswordField__taonly__')]/@for))] | .//label[(normalize-space(string(.)) = '__taonly__trueautomationio:auth:signin:PasswordField__taonly__')]//./descendant::*[self::input | self::textarea][not(((((((./@type = 'submit') or (./@type = 'image')) or (./@type = 'radio')) or (./@type = 'checkbox')) or (./@type = 'hidden')) or (./@type = 'file')))]"}
2018-12-06T08:57:06.851Z [[32minfo[39m] 	14 Enum nodes response:  {"sessionId":"ea1fcc947b9defbea2f15078f9
2018-12-06T08:57:06.871Z [[32minfo[39m] 	14 Elements locator: {"value":"/*[1]/*[2]/*[1]/*[2]/*[3]/*[2]/*[1]","using":"xpath"}
2018-12-06T08:57:06.879Z [[32minfo[39m] 	14 Elements response: {"sessionId":"ea1fcc947b9defbea2f15078f94bda49","status":0,"value":[{"ELEMENT":"0.4755644725666337-1"}]}
2018-12-06T08:57:06.882Z [[32minfo[39m] 	15 Sending GET request to http://localhost:9516/session/ea1fcc947b9defbea2f15078f94bda49/element/0.4755644725666337-1/displayed:  {}
2018-12-06T08:57:06.895Z [[32minfo[39m] 	16 Sending GET request to http://localhost:9516/session/ea1fcc947b9defbea2f15078f94bda49/element/0.4755644725666337-1/enabled:  {}
2018-12-06T08:57:06.906Z [[32minfo[39m] 	17 Sending GET request to http://localhost:9516/session/ea1fcc947b9defbea2f15078f94bda49/element/0.4755644725666337-1/name:  {}
2018-12-06T08:57:06.914Z [[32minfo[39m] 	18 Sending GET request to http://localhost:9516/session/ea1fcc947b9defbea2f15078f94bda49/element/0.4755644725666337-1/attribute/readonly:  {}
2018-12-06T08:57:06.925Z [[32minfo[39m] 	19 Sending GET request to http://localhost:9516/session/ea1fcc947b9defbea2f15078f94bda49/element/0.4755644725666337-1/name:  {}
2018-12-06T08:57:06.932Z [[32minfo[39m] 	20 Sending GET request to http://localhost:9516/session/ea1fcc947b9defbea2f15078f94bda49/element/0.4755644725666337-1/attribute/type:  {}
2018-12-06T08:57:06.940Z [[32minfo[39m] 	21 Sending POST request to http://localhost:9516/session/ea1fcc947b9defbea2f15078f94bda49/execute:  {"script":"arguments[0].value = ''","args":[{"ELEMENT":"0.4755644725666337-1"}]}
2018-12-06T08:57:06.948Z [[32minfo[39m] 	22 Sending POST request to http://localhost:9516/session/ea1fcc947b9defbea2f15078f94bda49/element/0.4755644725666337-1/value:  {"value":["7167276@Ss"]}
2018-12-06T08:57:07.002Z [[32minfo[39m] 	23 Sending elements request to http://localhost:9516/session/ea1fcc947b9defbea2f15078f94bda49:  {"using":"css selector","value":"__taonly__trueautomationio:auth:signin:LoginBtn__taonly__"}
2018-12-06T08:57:07.016Z [[32minfo[39m] 	23 Enum nodes response:  {"sessionId":"ea1fcc947b9defbea2f15078f9
2018-12-06T08:57:07.027Z [[32minfo[39m] 	23 Elements locator: {"value":"/*[1]/*[2]/*[1]/*[2]/*[3]/*[4]","using":"xpath"}
2018-12-06T08:57:07.045Z [[32minfo[39m] 	23 Elements response: {"sessionId":"ea1fcc947b9defbea2f15078f94bda49","status":0,"value":[{"ELEMENT":"0.4755644725666337-2"}]}
2018-12-06T08:57:07.047Z [[32minfo[39m] 	24 Sending GET request to http://localhost:9516/session/ea1fcc947b9defbea2f15078f94bda49/element/0.4755644725666337-2/displayed:  {}
2018-12-06T08:57:07.063Z [[32minfo[39m] 	25 Sending POST request to http://localhost:9516/session/ea1fcc947b9defbea2f15078f94bda49/element/0.4755644725666337-2/click:  {}
2018-12-06T08:57:07.443Z [[32minfo[39m] 	26 Sending elements request to http://localhost:9516/session/ea1fcc947b9defbea2f15078f94bda49:  {"using":"xpath","value":"/html"}
2018-12-06T08:57:07.443Z [[32minfo[39m] 	26 Elements locator: {"value":"/html","using":"xpath"}
2018-12-06T08:57:07.513Z [[32minfo[39m] 	26 Elements response: {"sessionId":"ea1fcc947b9defbea2f15078f94bda49","status":0,"value":[{"ELEMENT":"0.33318741582747724-1"}]}
2018-12-06T08:57:07.517Z [[32minfo[39m] 	27 Sending GET request to http://localhost:9516/session/ea1fcc947b9defbea2f15078f94bda49/element/0.33318741582747724-1/displayed:  {}
2018-12-06T08:57:07.574Z [[32minfo[39m] 	28 Sending GET request to http://localhost:9516/session/ea1fcc947b9defbea2f15078f94bda49/element/0.33318741582747724-1/text:  {}
2018-12-06T08:57:07.641Z [[32minfo[39m] 	29 Sending GET request to http://localhost:9516/session/ea1fcc947b9defbea2f15078f94bda49/window_handles:  {}
2018-12-06T08:57:07.656Z [[32minfo[39m] 	30 Sending POST request to http://localhost:9516/session/ea1fcc947b9defbea2f15078f94bda49/window:  {"name":"CDwindow-A0375BA2AFE91E40579EE70B8A298607"}
2018-12-06T08:57:07.674Z [[32minfo[39m] 	31 Sending GET request to http://localhost:9516/session/ea1fcc947b9defbea2f15078f94bda49/window_handles:  {}
2018-12-06T08:57:07.681Z [[32minfo[39m] 	32 Sending POST request to http://localhost:9516/session/ea1fcc947b9defbea2f15078f94bda49/goog/cdp/execute:  {"cmd":"Network.clearBrowserCookies","params":{}}
2018-12-06T08:57:07.707Z [[32minfo[39m] 	33 Sending DELETE request to http://localhost:9516/session/ea1fcc947b9defbea2f15078f94bda49/session_storage:  {}
2018-12-06T08:57:07.728Z [[32minfo[39m] 	34 Sending DELETE request to http://localhost:9516/session/ea1fcc947b9defbea2f15078f94bda49/local_storage:  {}
2018-12-06T08:57:07.746Z [[32minfo[39m] 	35 Sending POST request to http://localhost:9516/session/ea1fcc947b9defbea2f15078f94bda49/url:  {"url":"about:blank"}
2018-12-06T08:57:07.792Z [[32minfo[39m] 	36 Sending elements request to http://localhost:9516/session/ea1fcc947b9defbea2f15078f94bda49:  {"using":"xpath","value":"/html/body/*"}
2018-12-06T08:57:07.792Z [[32minfo[39m] 	36 Elements locator: {"value":"/html/body/*","using":"xpath"}
2018-12-06T08:57:07.810Z [[32minfo[39m] 	36 Elements response: {"sessionId":"ea1fcc947b9defbea2f15078f94bda49","status":0,"value":[]}
2018-12-06T08:57:07.816Z [[32minfo[39m] 	37 Sending DELETE request to http://localhost:9516/session/ea1fcc947b9defbea2f15078f94bda49:  {}
2018-12-06T08:57:07.934Z [[32minfo[39m] 	Sync elements
2018-12-06T08:57:08.791Z [[32minfo[39m] 	Stopping driver
