2018-12-05T00:42:27.389Z [[32minfo[39m] 	Starting TrueAutomation.IO client
2018-12-05T00:42:27.390Z [[32minfo[39m] 	API key: cf2038a3-013f-4b20-9362-8f0c1b91919d
2018-12-05T00:42:27.390Z [[32minfo[39m] 	Project name: TAEP-homepage
2018-12-05T00:42:27.390Z [[32minfo[39m] 	Cloud server: https://app.trueautomation.io
2018-12-05T00:42:27.390Z [[32minfo[39m] 	Starting chromeDriver /Users/delight/.trueautomation/chromedriver/chromedriver_mac64_2.44 on port 9516...
2018-12-05T00:42:27.949Z [[32minfo[39m] 	TrueAutomation.IO Client is listening on port 9515
2018-12-05T00:42:29.547Z [[32minfo[39m] 	0 Create session response: {"sessionId":"404715e310d87c0d1ed4581c3418c28c","status":0,"value":{"acceptInsecureCerts":false,"acceptSslCerts":false,"applicationCacheEnabled":false,"browserConnectionEnabled":false,"browserName":"chrome","chrome":{"chromedriverVersion":"2.44.609545 (c2f88692e98ce7233d2df7c724465ecacfe74df5)","userDataDir":"/var/folders/s2/z5gqzlh91gq2thydw9h4p3yh0000gn/T/.org.chromium.Chromium.JnXEpQ"},"cssSelectorsEnabled":true,"databaseEnabled":false,"goog:chromeOptions":{"debuggerAddress":"localhost:52458"},"handlesAlerts":true,"hasTouchScreen":false,"javascriptEnabled":true,"locationContextEnabled":true,"mobileEmulationEnabled":false,"nativeEvents":true,"networkConnectionEnabled":false,"pageLoadStrategy":"normal","platform":"Mac OS X","rotatable":false,"setWindowRect":true,"takesHeapSnapshot":true,"takesScreenshot":true,"unexpectedAlertBehaviour":"ignore","version":"70.0.3538.110","webStorageEnabled":true}}
2018-12-05T00:42:29.579Z [[32minfo[39m] 	1 Sending POST request to http://localhost:9516/session/404715e310d87c0d1ed4581c3418c28c/url:  {"url":"https://trueautomation.io/"}
2018-12-05T00:42:35.467Z [[32minfo[39m] 	2 Sending elements request to http://localhost:9516/session/404715e310d87c0d1ed4581c3418c28c:  {"using":"css selector","value":"__taonly__trueautomationio:home:GetEarlyAccesBtn__taonly__"}
2018-12-05T00:42:35.620Z [[32minfo[39m] 	2 Enum nodes response:  {"sessionId":"404715e310d87c0d1ed4581c34
2018-12-05T00:42:35.908Z [[32minfo[39m] 	2 Elements locator: {"value":"/*[1]/*[2]/*[1]/*[3]/*[2]/*[2]","using":"xpath"}
2018-12-05T00:42:35.951Z [[32minfo[39m] 	2 Elements response: {"sessionId":"404715e310d87c0d1ed4581c3418c28c","status":0,"value":[{"ELEMENT":"0.29905402331272146-1"}]}
2018-12-05T00:42:35.956Z [[32minfo[39m] 	3 Sending GET request to http://localhost:9516/session/404715e310d87c0d1ed4581c3418c28c/element/0.29905402331272146-1/displayed:  {}
2018-12-05T00:42:35.975Z [[32minfo[39m] 	4 Sending POST request to http://localhost:9516/session/404715e310d87c0d1ed4581c3418c28c/element/0.29905402331272146-1/click:  {}
2018-12-05T00:42:38.299Z [[32minfo[39m] 	5 Sending elements request to http://localhost:9516/session/404715e310d87c0d1ed4581c3418c28c:  {"using":"xpath","value":"./descendant::*[self::input | self::textarea][not(((((((./@type = 'submit') or (./@type = 'image')) or (./@type = 'radio')) or (./@type = 'checkbox')) or (./@type = 'hidden')) or (./@type = 'file')))][((((./@id = '__taonly__trueautomationio:auth:signin:EmailField__taonly__') or (./@name = '__taonly__trueautomationio:auth:signin:EmailField__taonly__')) or (./@placeholder = '__taonly__trueautomationio:auth:signin:EmailField__taonly__')) or (./@id = //label[(normalize-space(string(.)) = '__taonly__trueautomationio:auth:signin:EmailField__taonly__')]/@for))] | .//label[(normalize-space(string(.)) = '__taonly__trueautomationio:auth:signin:EmailField__taonly__')]//./descendant::*[self::input | self::textarea][not(((((((./@type = 'submit') or (./@type = 'image')) or (./@type = 'radio')) or (./@type = 'checkbox')) or (./@type = 'hidden')) or (./@type = 'file')))]"}
2018-12-05T00:42:38.321Z [[32minfo[39m] 	5 Enum nodes response:  {"sessionId":"404715e310d87c0d1ed4581c34
2018-12-05T00:42:38.363Z [[32minfo[39m] 	5 Elements locator: {"value":"/*[1]/*[2]/*[1]/*[2]/*[3]/*[2]/*[1]","using":"xpath"}
2018-12-05T00:42:38.383Z [[32minfo[39m] 	5 Elements response: {"sessionId":"404715e310d87c0d1ed4581c3418c28c","status":0,"value":[{"ELEMENT":"0.8642796412170388-1"}]}
2018-12-05T00:42:38.386Z [[32minfo[39m] 	6 Sending GET request to http://localhost:9516/session/404715e310d87c0d1ed4581c3418c28c/element/0.8642796412170388-1/displayed:  {}
2018-12-05T00:42:38.407Z [[32minfo[39m] 	7 Sending GET request to http://localhost:9516/session/404715e310d87c0d1ed4581c3418c28c/element/0.8642796412170388-1/enabled:  {}
2018-12-05T00:42:38.420Z [[32minfo[39m] 	8 Sending GET request to http://localhost:9516/session/404715e310d87c0d1ed4581c3418c28c/element/0.8642796412170388-1/name:  {}
2018-12-05T00:42:38.429Z [[32minfo[39m] 	9 Sending GET request to http://localhost:9516/session/404715e310d87c0d1ed4581c3418c28c/element/0.8642796412170388-1/attribute/readonly:  {}
2018-12-05T00:42:38.437Z [[32minfo[39m] 	10 Sending GET request to http://localhost:9516/session/404715e310d87c0d1ed4581c3418c28c/element/0.8642796412170388-1/name:  {}
2018-12-05T00:42:38.445Z [[32minfo[39m] 	11 Sending GET request to http://localhost:9516/session/404715e310d87c0d1ed4581c3418c28c/element/0.8642796412170388-1/attribute/type:  {}
2018-12-05T00:42:38.454Z [[32minfo[39m] 	12 Sending POST request to http://localhost:9516/session/404715e310d87c0d1ed4581c3418c28c/execute:  {"script":"arguments[0].value = ''","args":[{"ELEMENT":"0.8642796412170388-1"}]}
2018-12-05T00:42:38.463Z [[32minfo[39m] 	13 Sending POST request to http://localhost:9516/session/404715e310d87c0d1ed4581c3418c28c/element/0.8642796412170388-1/value:  {"value":["stas.odessa@@ua.fm"]}
2018-12-05T00:42:38.629Z [[32minfo[39m] 	14 Sending elements request to http://localhost:9516/session/404715e310d87c0d1ed4581c3418c28c:  {"using":"xpath","value":"./descendant::*[self::input | self::textarea][not(((((((./@type = 'submit') or (./@type = 'image')) or (./@type = 'radio')) or (./@type = 'checkbox')) or (./@type = 'hidden')) or (./@type = 'file')))][((((./@id = '__taonly__trueautomationio:auth:signin:PasswordField__taonly__') or (./@name = '__taonly__trueautomationio:auth:signin:PasswordField__taonly__')) or (./@placeholder = '__taonly__trueautomationio:auth:signin:PasswordField__taonly__')) or (./@id = //label[(normalize-space(string(.)) = '__taonly__trueautomationio:auth:signin:PasswordField__taonly__')]/@for))] | .//label[(normalize-space(string(.)) = '__taonly__trueautomationio:auth:signin:PasswordField__taonly__')]//./descendant::*[self::input | self::textarea][not(((((((./@type = 'submit') or (./@type = 'image')) or (./@type = 'radio')) or (./@type = 'checkbox')) or (./@type = 'hidden')) or (./@type = 'file')))]"}
2018-12-05T00:42:38.650Z [[32minfo[39m] 	14 Enum nodes response:  {"sessionId":"404715e310d87c0d1ed4581c34
2018-12-05T00:42:38.670Z [[32minfo[39m] 	14 Elements locator: {"value":"/*[1]/*[2]/*[1]/*[2]/*[3]/*[2]/*[1]","using":"xpath"}
2018-12-05T00:42:38.679Z [[32minfo[39m] 	14 Elements response: {"sessionId":"404715e310d87c0d1ed4581c3418c28c","status":0,"value":[{"ELEMENT":"0.8642796412170388-1"}]}
2018-12-05T00:42:38.682Z [[32minfo[39m] 	15 Sending GET request to http://localhost:9516/session/404715e310d87c0d1ed4581c3418c28c/element/0.8642796412170388-1/displayed:  {}
2018-12-05T00:42:38.697Z [[32minfo[39m] 	16 Sending GET request to http://localhost:9516/session/404715e310d87c0d1ed4581c3418c28c/element/0.8642796412170388-1/enabled:  {}
2018-12-05T00:42:38.718Z [[32minfo[39m] 	17 Sending GET request to http://localhost:9516/session/404715e310d87c0d1ed4581c3418c28c/element/0.8642796412170388-1/name:  {}
2018-12-05T00:42:38.725Z [[32minfo[39m] 	18 Sending GET request to http://localhost:9516/session/404715e310d87c0d1ed4581c3418c28c/element/0.8642796412170388-1/attribute/readonly:  {}
2018-12-05T00:42:38.733Z [[32minfo[39m] 	19 Sending GET request to http://localhost:9516/session/404715e310d87c0d1ed4581c3418c28c/element/0.8642796412170388-1/name:  {}
2018-12-05T00:42:38.739Z [[32minfo[39m] 	20 Sending GET request to http://localhost:9516/session/404715e310d87c0d1ed4581c3418c28c/element/0.8642796412170388-1/attribute/type:  {}
2018-12-05T00:42:38.747Z [[32minfo[39m] 	21 Sending POST request to http://localhost:9516/session/404715e310d87c0d1ed4581c3418c28c/execute:  {"script":"arguments[0].value = ''","args":[{"ELEMENT":"0.8642796412170388-1"}]}
2018-12-05T00:42:38.756Z [[32minfo[39m] 	22 Sending POST request to http://localhost:9516/session/404715e310d87c0d1ed4581c3418c28c/element/0.8642796412170388-1/value:  {"value":["7167276@Ss"]}
2018-12-05T00:42:38.812Z [[32minfo[39m] 	23 Sending elements request to http://localhost:9516/session/404715e310d87c0d1ed4581c3418c28c:  {"using":"css selector","value":"__taonly__trueautomationio:auth:signin:LoginBtn__taonly__"}
2018-12-05T00:42:38.827Z [[32minfo[39m] 	23 Enum nodes response:  {"sessionId":"404715e310d87c0d1ed4581c34
2018-12-05T00:42:38.838Z [[32minfo[39m] 	23 Elements locator: {"value":"/*[1]/*[2]/*[1]/*[2]/*[3]/*[4]","using":"xpath"}
2018-12-05T00:42:38.859Z [[32minfo[39m] 	23 Elements response: {"sessionId":"404715e310d87c0d1ed4581c3418c28c","status":0,"value":[{"ELEMENT":"0.8642796412170388-2"}]}
2018-12-05T00:42:38.862Z [[32minfo[39m] 	24 Sending GET request to http://localhost:9516/session/404715e310d87c0d1ed4581c3418c28c/element/0.8642796412170388-2/displayed:  {}
2018-12-05T00:42:38.880Z [[32minfo[39m] 	25 Sending POST request to http://localhost:9516/session/404715e310d87c0d1ed4581c3418c28c/element/0.8642796412170388-2/click:  {}
2018-12-05T00:42:39.591Z [[32minfo[39m] 	26 Sending elements request to http://localhost:9516/session/404715e310d87c0d1ed4581c3418c28c:  {"using":"xpath","value":"/html"}
2018-12-05T00:42:39.592Z [[32minfo[39m] 	26 Elements locator: {"value":"/html","using":"xpath"}
2018-12-05T00:42:39.638Z [[32minfo[39m] 	26 Elements response: {"sessionId":"404715e310d87c0d1ed4581c3418c28c","status":0,"value":[{"ELEMENT":"0.2627484663726256-1"}]}
2018-12-05T00:42:39.642Z [[32minfo[39m] 	27 Sending GET request to http://localhost:9516/session/404715e310d87c0d1ed4581c3418c28c/element/0.2627484663726256-1/displayed:  {}
2018-12-05T00:42:39.701Z [[32minfo[39m] 	28 Sending GET request to http://localhost:9516/session/404715e310d87c0d1ed4581c3418c28c/element/0.2627484663726256-1/text:  {}
2018-12-05T00:42:39.733Z [[32minfo[39m] 	29 Sending elements request to http://localhost:9516/session/404715e310d87c0d1ed4581c3418c28c:  {"using":"xpath","value":"/html"}
2018-12-05T00:42:39.734Z [[32minfo[39m] 	29 Elements locator: {"value":"/html","using":"xpath"}
2018-12-05T00:42:39.742Z [[32minfo[39m] 	29 Elements response: {"sessionId":"404715e310d87c0d1ed4581c3418c28c","status":0,"value":[{"ELEMENT":"0.2627484663726256-1"}]}
2018-12-05T00:42:39.745Z [[32minfo[39m] 	30 Sending GET request to http://localhost:9516/session/404715e310d87c0d1ed4581c3418c28c/element/0.2627484663726256-1/displayed:  {}
2018-12-05T00:42:39.756Z [[32minfo[39m] 	31 Sending POST request to http://localhost:9516/session/404715e310d87c0d1ed4581c3418c28c/execute:  {"script":"return arguments[0].textContent","args":[{"ELEMENT":"0.2627484663726256-1"}]}
2018-12-05T00:42:39.818Z [[32minfo[39m] 	32 Sending elements request to http://localhost:9516/session/404715e310d87c0d1ed4581c3418c28c:  {"using":"xpath","value":"/html"}
2018-12-05T00:42:39.818Z [[32minfo[39m] 	32 Elements locator: {"value":"/html","using":"xpath"}
2018-12-05T00:42:39.827Z [[32minfo[39m] 	32 Elements response: {"sessionId":"404715e310d87c0d1ed4581c3418c28c","status":0,"value":[{"ELEMENT":"0.2627484663726256-1"}]}
2018-12-05T00:42:39.830Z [[32minfo[39m] 	33 Sending GET request to http://localhost:9516/session/404715e310d87c0d1ed4581c3418c28c/element/0.2627484663726256-1/displayed:  {}
2018-12-05T00:42:39.840Z [[32minfo[39m] 	34 Sending GET request to http://localhost:9516/session/404715e310d87c0d1ed4581c3418c28c/element/0.2627484663726256-1/text:  {}
2018-12-05T00:42:39.868Z [[32minfo[39m] 	35 Sending elements request to http://localhost:9516/session/404715e310d87c0d1ed4581c3418c28c:  {"using":"xpath","value":"/html"}
2018-12-05T00:42:39.868Z [[32minfo[39m] 	35 Elements locator: {"value":"/html","using":"xpath"}
2018-12-05T00:42:39.881Z [[32minfo[39m] 	35 Elements response: {"sessionId":"404715e310d87c0d1ed4581c3418c28c","status":0,"value":[{"ELEMENT":"0.2627484663726256-1"}]}
2018-12-05T00:42:39.887Z [[32minfo[39m] 	36 Sending GET request to http://localhost:9516/session/404715e310d87c0d1ed4581c3418c28c/element/0.2627484663726256-1/displayed:  {}
2018-12-05T00:42:39.900Z [[32minfo[39m] 	37 Sending POST request to http://localhost:9516/session/404715e310d87c0d1ed4581c3418c28c/execute:  {"script":"return arguments[0].textContent","args":[{"ELEMENT":"0.2627484663726256-1"}]}
2018-12-05T00:42:39.964Z [[32minfo[39m] 	38 Sending elements request to http://localhost:9516/session/404715e310d87c0d1ed4581c3418c28c:  {"using":"xpath","value":"/html"}
2018-12-05T00:42:39.964Z [[32minfo[39m] 	38 Elements locator: {"value":"/html","using":"xpath"}
2018-12-05T00:42:39.972Z [[32minfo[39m] 	38 Elements response: {"sessionId":"404715e310d87c0d1ed4581c3418c28c","status":0,"value":[{"ELEMENT":"0.2627484663726256-1"}]}
2018-12-05T00:42:39.975Z [[32minfo[39m] 	39 Sending GET request to http://localhost:9516/session/404715e310d87c0d1ed4581c3418c28c/element/0.2627484663726256-1/displayed:  {}
2018-12-05T00:42:39.988Z [[32minfo[39m] 	40 Sending GET request to http://localhost:9516/session/404715e310d87c0d1ed4581c3418c28c/element/0.2627484663726256-1/text:  {}
2018-12-05T00:42:40.009Z [[32minfo[39m] 	41 Sending elements request to http://localhost:9516/session/404715e310d87c0d1ed4581c3418c28c:  {"using":"xpath","value":"/html"}
2018-12-05T00:42:40.009Z [[32minfo[39m] 	41 Elements locator: {"value":"/html","using":"xpath"}
2018-12-05T00:42:40.017Z [[32minfo[39m] 	41 Elements response: {"sessionId":"404715e310d87c0d1ed4581c3418c28c","status":0,"value":[{"ELEMENT":"0.2627484663726256-1"}]}
2018-12-05T00:42:40.020Z [[32minfo[39m] 	42 Sending GET request to http://localhost:9516/session/404715e310d87c0d1ed4581c3418c28c/element/0.2627484663726256-1/displayed:  {}
2018-12-05T00:42:40.030Z [[32minfo[39m] 	43 Sending POST request to http://localhost:9516/session/404715e310d87c0d1ed4581c3418c28c/execute:  {"script":"return arguments[0].textContent","args":[{"ELEMENT":"0.2627484663726256-1"}]}
2018-12-05T00:42:40.095Z [[32minfo[39m] 	44 Sending elements request to http://localhost:9516/session/404715e310d87c0d1ed4581c3418c28c:  {"using":"xpath","value":"/html"}
2018-12-05T00:42:40.095Z [[32minfo[39m] 	44 Elements locator: {"value":"/html","using":"xpath"}
2018-12-05T00:42:40.104Z [[32minfo[39m] 	44 Elements response: {"sessionId":"404715e310d87c0d1ed4581c3418c28c","status":0,"value":[{"ELEMENT":"0.2627484663726256-1"}]}
2018-12-05T00:42:40.106Z [[32minfo[39m] 	45 Sending GET request to http://localhost:9516/session/404715e310d87c0d1ed4581c3418c28c/element/0.2627484663726256-1/displayed:  {}
2018-12-05T00:42:40.118Z [[32minfo[39m] 	46 Sending GET request to http://localhost:9516/session/404715e310d87c0d1ed4581c3418c28c/element/0.2627484663726256-1/text:  {}
2018-12-05T00:42:40.134Z [[32minfo[39m] 	47 Sending elements request to http://localhost:9516/session/404715e310d87c0d1ed4581c3418c28c:  {"using":"xpath","value":"/html"}
2018-12-05T00:42:40.134Z [[32minfo[39m] 	47 Elements locator: {"value":"/html","using":"xpath"}
2018-12-05T00:42:40.142Z [[32minfo[39m] 	47 Elements response: {"sessionId":"404715e310d87c0d1ed4581c3418c28c","status":0,"value":[{"ELEMENT":"0.2627484663726256-1"}]}
2018-12-05T00:42:40.144Z [[32minfo[39m] 	48 Sending GET request to http://localhost:9516/session/404715e310d87c0d1ed4581c3418c28c/element/0.2627484663726256-1/displayed:  {}
2018-12-05T00:42:40.155Z [[32minfo[39m] 	49 Sending POST request to http://localhost:9516/session/404715e310d87c0d1ed4581c3418c28c/execute:  {"script":"return arguments[0].textContent","args":[{"ELEMENT":"0.2627484663726256-1"}]}
2018-12-05T00:42:40.215Z [[32minfo[39m] 	50 Sending elements request to http://localhost:9516/session/404715e310d87c0d1ed4581c3418c28c:  {"using":"xpath","value":"/html"}
2018-12-05T00:42:40.215Z [[32minfo[39m] 	50 Elements locator: {"value":"/html","using":"xpath"}
2018-12-05T00:42:40.225Z [[32minfo[39m] 	50 Elements response: {"sessionId":"404715e310d87c0d1ed4581c3418c28c","status":0,"value":[{"ELEMENT":"0.2627484663726256-1"}]}
2018-12-05T00:42:40.229Z [[32minfo[39m] 	51 Sending GET request to http://localhost:9516/session/404715e310d87c0d1ed4581c3418c28c/element/0.2627484663726256-1/displayed:  {}
2018-12-05T00:42:40.238Z [[32minfo[39m] 	52 Sending GET request to http://localhost:9516/session/404715e310d87c0d1ed4581c3418c28c/element/0.2627484663726256-1/text:  {}
2018-12-05T00:42:40.256Z [[32minfo[39m] 	53 Sending elements request to http://localhost:9516/session/404715e310d87c0d1ed4581c3418c28c:  {"using":"xpath","value":"/html"}
2018-12-05T00:42:40.256Z [[32minfo[39m] 	53 Elements locator: {"value":"/html","using":"xpath"}
2018-12-05T00:42:40.265Z [[32minfo[39m] 	53 Elements response: {"sessionId":"404715e310d87c0d1ed4581c3418c28c","status":0,"value":[{"ELEMENT":"0.2627484663726256-1"}]}
2018-12-05T00:42:40.268Z [[32minfo[39m] 	54 Sending GET request to http://localhost:9516/session/404715e310d87c0d1ed4581c3418c28c/element/0.2627484663726256-1/displayed:  {}
2018-12-05T00:42:40.278Z [[32minfo[39m] 	55 Sending POST request to http://localhost:9516/session/404715e310d87c0d1ed4581c3418c28c/execute:  {"script":"return arguments[0].textContent","args":[{"ELEMENT":"0.2627484663726256-1"}]}
2018-12-05T00:42:40.341Z [[32minfo[39m] 	56 Sending elements request to http://localhost:9516/session/404715e310d87c0d1ed4581c3418c28c:  {"using":"xpath","value":"/html"}
2018-12-05T00:42:40.341Z [[32minfo[39m] 	56 Elements locator: {"value":"/html","using":"xpath"}
2018-12-05T00:42:40.350Z [[32minfo[39m] 	56 Elements response: {"sessionId":"404715e310d87c0d1ed4581c3418c28c","status":0,"value":[{"ELEMENT":"0.2627484663726256-1"}]}
2018-12-05T00:42:40.352Z [[32minfo[39m] 	57 Sending GET request to http://localhost:9516/session/404715e310d87c0d1ed4581c3418c28c/element/0.2627484663726256-1/displayed:  {}
2018-12-05T00:42:40.363Z [[32minfo[39m] 	58 Sending GET request to http://localhost:9516/session/404715e310d87c0d1ed4581c3418c28c/element/0.2627484663726256-1/text:  {}
2018-12-05T00:42:40.380Z [[32minfo[39m] 	59 Sending elements request to http://localhost:9516/session/404715e310d87c0d1ed4581c3418c28c:  {"using":"xpath","value":"/html"}
2018-12-05T00:42:40.380Z [[32minfo[39m] 	59 Elements locator: {"value":"/html","using":"xpath"}
2018-12-05T00:42:40.388Z [[32minfo[39m] 	59 Elements response: {"sessionId":"404715e310d87c0d1ed4581c3418c28c","status":0,"value":[{"ELEMENT":"0.2627484663726256-1"}]}
2018-12-05T00:42:40.391Z [[32minfo[39m] 	60 Sending GET request to http://localhost:9516/session/404715e310d87c0d1ed4581c3418c28c/element/0.2627484663726256-1/displayed:  {}
2018-12-05T00:42:40.402Z [[32minfo[39m] 	61 Sending POST request to http://localhost:9516/session/404715e310d87c0d1ed4581c3418c28c/execute:  {"script":"return arguments[0].textContent","args":[{"ELEMENT":"0.2627484663726256-1"}]}
2018-12-05T00:42:40.465Z [[32minfo[39m] 	62 Sending elements request to http://localhost:9516/session/404715e310d87c0d1ed4581c3418c28c:  {"using":"xpath","value":"/html"}
2018-12-05T00:42:40.465Z [[32minfo[39m] 	62 Elements locator: {"value":"/html","using":"xpath"}
2018-12-05T00:42:40.474Z [[32minfo[39m] 	62 Elements response: {"sessionId":"404715e310d87c0d1ed4581c3418c28c","status":0,"value":[{"ELEMENT":"0.2627484663726256-1"}]}
2018-12-05T00:42:40.477Z [[32minfo[39m] 	63 Sending GET request to http://localhost:9516/session/404715e310d87c0d1ed4581c3418c28c/element/0.2627484663726256-1/displayed:  {}
2018-12-05T00:42:40.488Z [[32minfo[39m] 	64 Sending GET request to http://localhost:9516/session/404715e310d87c0d1ed4581c3418c28c/element/0.2627484663726256-1/text:  {}
2018-12-05T00:42:40.506Z [[32minfo[39m] 	65 Sending elements request to http://localhost:9516/session/404715e310d87c0d1ed4581c3418c28c:  {"using":"xpath","value":"/html"}
2018-12-05T00:42:40.507Z [[32minfo[39m] 	65 Elements locator: {"value":"/html","using":"xpath"}
2018-12-05T00:42:40.515Z [[32minfo[39m] 	65 Elements response: {"sessionId":"404715e310d87c0d1ed4581c3418c28c","status":0,"value":[{"ELEMENT":"0.2627484663726256-1"}]}
2018-12-05T00:42:40.518Z [[32minfo[39m] 	66 Sending GET request to http://localhost:9516/session/404715e310d87c0d1ed4581c3418c28c/element/0.2627484663726256-1/displayed:  {}
2018-12-05T00:42:40.530Z [[32minfo[39m] 	67 Sending POST request to http://localhost:9516/session/404715e310d87c0d1ed4581c3418c28c/execute:  {"script":"return arguments[0].textContent","args":[{"ELEMENT":"0.2627484663726256-1"}]}
2018-12-05T00:42:40.591Z [[32minfo[39m] 	68 Sending elements request to http://localhost:9516/session/404715e310d87c0d1ed4581c3418c28c:  {"using":"xpath","value":"/html"}
2018-12-05T00:42:40.591Z [[32minfo[39m] 	68 Elements locator: {"value":"/html","using":"xpath"}
2018-12-05T00:42:40.600Z [[32minfo[39m] 	68 Elements response: {"sessionId":"404715e310d87c0d1ed4581c3418c28c","status":0,"value":[{"ELEMENT":"0.2627484663726256-1"}]}
2018-12-05T00:42:40.604Z [[32minfo[39m] 	69 Sending GET request to http://localhost:9516/session/404715e310d87c0d1ed4581c3418c28c/element/0.2627484663726256-1/displayed:  {}
2018-12-05T00:42:40.614Z [[32minfo[39m] 	70 Sending GET request to http://localhost:9516/session/404715e310d87c0d1ed4581c3418c28c/element/0.2627484663726256-1/text:  {}
2018-12-05T00:42:40.633Z [[32minfo[39m] 	71 Sending elements request to http://localhost:9516/session/404715e310d87c0d1ed4581c3418c28c:  {"using":"xpath","value":"/html"}
2018-12-05T00:42:40.634Z [[32minfo[39m] 	71 Elements locator: {"value":"/html","using":"xpath"}
2018-12-05T00:42:40.642Z [[32minfo[39m] 	71 Elements response: {"sessionId":"404715e310d87c0d1ed4581c3418c28c","status":0,"value":[{"ELEMENT":"0.2627484663726256-1"}]}
2018-12-05T00:42:40.645Z [[32minfo[39m] 	72 Sending GET request to http://localhost:9516/session/404715e310d87c0d1ed4581c3418c28c/element/0.2627484663726256-1/displayed:  {}
2018-12-05T00:42:40.656Z [[32minfo[39m] 	73 Sending POST request to http://localhost:9516/session/404715e310d87c0d1ed4581c3418c28c/execute:  {"script":"return arguments[0].textContent","args":[{"ELEMENT":"0.2627484663726256-1"}]}
2018-12-05T00:42:40.722Z [[32minfo[39m] 	74 Sending elements request to http://localhost:9516/session/404715e310d87c0d1ed4581c3418c28c:  {"using":"xpath","value":"/html"}
2018-12-05T00:42:40.722Z [[32minfo[39m] 	74 Elements locator: {"value":"/html","using":"xpath"}
2018-12-05T00:42:40.731Z [[32minfo[39m] 	74 Elements response: {"sessionId":"404715e310d87c0d1ed4581c3418c28c","status":0,"value":[{"ELEMENT":"0.2627484663726256-1"}]}
2018-12-05T00:42:40.734Z [[32minfo[39m] 	75 Sending GET request to http://localhost:9516/session/404715e310d87c0d1ed4581c3418c28c/element/0.2627484663726256-1/displayed:  {}
2018-12-05T00:42:40.744Z [[32minfo[39m] 	76 Sending GET request to http://localhost:9516/session/404715e310d87c0d1ed4581c3418c28c/element/0.2627484663726256-1/text:  {}
2018-12-05T00:42:40.764Z [[32minfo[39m] 	77 Sending elements request to http://localhost:9516/session/404715e310d87c0d1ed4581c3418c28c:  {"using":"xpath","value":"/html"}
2018-12-05T00:42:40.764Z [[32minfo[39m] 	77 Elements locator: {"value":"/html","using":"xpath"}
2018-12-05T00:42:40.772Z [[32minfo[39m] 	77 Elements response: {"sessionId":"404715e310d87c0d1ed4581c3418c28c","status":0,"value":[{"ELEMENT":"0.2627484663726256-1"}]}
2018-12-05T00:42:40.775Z [[32minfo[39m] 	78 Sending GET request to http://localhost:9516/session/404715e310d87c0d1ed4581c3418c28c/element/0.2627484663726256-1/displayed:  {}
2018-12-05T00:42:40.786Z [[32minfo[39m] 	79 Sending POST request to http://localhost:9516/session/404715e310d87c0d1ed4581c3418c28c/execute:  {"script":"return arguments[0].textContent","args":[{"ELEMENT":"0.2627484663726256-1"}]}
2018-12-05T00:42:40.850Z [[32minfo[39m] 	80 Sending elements request to http://localhost:9516/session/404715e310d87c0d1ed4581c3418c28c:  {"using":"xpath","value":"/html"}
2018-12-05T00:42:40.850Z [[32minfo[39m] 	80 Elements locator: {"value":"/html","using":"xpath"}
2018-12-05T00:42:40.860Z [[32minfo[39m] 	80 Elements response: {"sessionId":"404715e310d87c0d1ed4581c3418c28c","status":0,"value":[{"ELEMENT":"0.2627484663726256-1"}]}
2018-12-05T00:42:40.862Z [[32minfo[39m] 	81 Sending GET request to http://localhost:9516/session/404715e310d87c0d1ed4581c3418c28c/element/0.2627484663726256-1/displayed:  {}
2018-12-05T00:42:40.873Z [[32minfo[39m] 	82 Sending GET request to http://localhost:9516/session/404715e310d87c0d1ed4581c3418c28c/element/0.2627484663726256-1/text:  {}
2018-12-05T00:42:40.894Z [[32minfo[39m] 	83 Sending elements request to http://localhost:9516/session/404715e310d87c0d1ed4581c3418c28c:  {"using":"xpath","value":"/html"}
2018-12-05T00:42:40.894Z [[32minfo[39m] 	83 Elements locator: {"value":"/html","using":"xpath"}
2018-12-05T00:42:40.904Z [[32minfo[39m] 	83 Elements response: {"sessionId":"404715e310d87c0d1ed4581c3418c28c","status":0,"value":[{"ELEMENT":"0.2627484663726256-1"}]}
2018-12-05T00:42:40.906Z [[32minfo[39m] 	84 Sending GET request to http://localhost:9516/session/404715e310d87c0d1ed4581c3418c28c/element/0.2627484663726256-1/displayed:  {}
2018-12-05T00:42:40.917Z [[32minfo[39m] 	85 Sending POST request to http://localhost:9516/session/404715e310d87c0d1ed4581c3418c28c/execute:  {"script":"return arguments[0].textContent","args":[{"ELEMENT":"0.2627484663726256-1"}]}
2018-12-05T00:42:40.983Z [[32minfo[39m] 	86 Sending elements request to http://localhost:9516/session/404715e310d87c0d1ed4581c3418c28c:  {"using":"xpath","value":"/html"}
2018-12-05T00:42:40.983Z [[32minfo[39m] 	86 Elements locator: {"value":"/html","using":"xpath"}
2018-12-05T00:42:40.992Z [[32minfo[39m] 	86 Elements response: {"sessionId":"404715e310d87c0d1ed4581c3418c28c","status":0,"value":[{"ELEMENT":"0.2627484663726256-1"}]}
2018-12-05T00:42:40.995Z [[32minfo[39m] 	87 Sending GET request to http://localhost:9516/session/404715e310d87c0d1ed4581c3418c28c/element/0.2627484663726256-1/displayed:  {}
2018-12-05T00:42:41.006Z [[32minfo[39m] 	88 Sending GET request to http://localhost:9516/session/404715e310d87c0d1ed4581c3418c28c/element/0.2627484663726256-1/text:  {}
2018-12-05T00:42:41.027Z [[32minfo[39m] 	89 Sending elements request to http://localhost:9516/session/404715e310d87c0d1ed4581c3418c28c:  {"using":"xpath","value":"/html"}
2018-12-05T00:42:41.028Z [[32minfo[39m] 	89 Elements locator: {"value":"/html","using":"xpath"}
2018-12-05T00:42:41.039Z [[32minfo[39m] 	89 Elements response: {"sessionId":"404715e310d87c0d1ed4581c3418c28c","status":0,"value":[{"ELEMENT":"0.2627484663726256-1"}]}
2018-12-05T00:42:41.043Z [[32minfo[39m] 	90 Sending GET request to http://localhost:9516/session/404715e310d87c0d1ed4581c3418c28c/element/0.2627484663726256-1/displayed:  {}
2018-12-05T00:42:41.056Z [[32minfo[39m] 	91 Sending POST request to http://localhost:9516/session/404715e310d87c0d1ed4581c3418c28c/execute:  {"script":"return arguments[0].textContent","args":[{"ELEMENT":"0.2627484663726256-1"}]}
2018-12-05T00:42:41.120Z [[32minfo[39m] 	92 Sending elements request to http://localhost:9516/session/404715e310d87c0d1ed4581c3418c28c:  {"using":"xpath","value":"/html"}
2018-12-05T00:42:41.120Z [[32minfo[39m] 	92 Elements locator: {"value":"/html","using":"xpath"}
2018-12-05T00:42:41.131Z [[32minfo[39m] 	92 Elements response: {"sessionId":"404715e310d87c0d1ed4581c3418c28c","status":0,"value":[{"ELEMENT":"0.2627484663726256-1"}]}
2018-12-05T00:42:41.134Z [[32minfo[39m] 	93 Sending GET request to http://localhost:9516/session/404715e310d87c0d1ed4581c3418c28c/element/0.2627484663726256-1/displayed:  {}
2018-12-05T00:42:41.148Z [[32minfo[39m] 	94 Sending GET request to http://localhost:9516/session/404715e310d87c0d1ed4581c3418c28c/element/0.2627484663726256-1/text:  {}
2018-12-05T00:42:41.169Z [[32minfo[39m] 	95 Sending elements request to http://localhost:9516/session/404715e310d87c0d1ed4581c3418c28c:  {"using":"xpath","value":"/html"}
2018-12-05T00:42:41.169Z [[32minfo[39m] 	95 Elements locator: {"value":"/html","using":"xpath"}
2018-12-05T00:42:41.177Z [[32minfo[39m] 	95 Elements response: {"sessionId":"404715e310d87c0d1ed4581c3418c28c","status":0,"value":[{"ELEMENT":"0.2627484663726256-1"}]}
2018-12-05T00:42:41.180Z [[32minfo[39m] 	96 Sending GET request to http://localhost:9516/session/404715e310d87c0d1ed4581c3418c28c/element/0.2627484663726256-1/displayed:  {}
2018-12-05T00:42:41.190Z [[32minfo[39m] 	97 Sending POST request to http://localhost:9516/session/404715e310d87c0d1ed4581c3418c28c/execute:  {"script":"return arguments[0].textContent","args":[{"ELEMENT":"0.2627484663726256-1"}]}
2018-12-05T00:42:41.251Z [[32minfo[39m] 	98 Sending elements request to http://localhost:9516/session/404715e310d87c0d1ed4581c3418c28c:  {"using":"xpath","value":"/html"}
2018-12-05T00:42:41.252Z [[32minfo[39m] 	98 Elements locator: {"value":"/html","using":"xpath"}
2018-12-05T00:42:41.260Z [[32minfo[39m] 	98 Elements response: {"sessionId":"404715e310d87c0d1ed4581c3418c28c","status":0,"value":[{"ELEMENT":"0.2627484663726256-1"}]}
2018-12-05T00:42:41.263Z [[32minfo[39m] 	99 Sending GET request to http://localhost:9516/session/404715e310d87c0d1ed4581c3418c28c/element/0.2627484663726256-1/displayed:  {}
2018-12-05T00:42:41.273Z [[32minfo[39m] 	100 Sending GET request to http://localhost:9516/session/404715e310d87c0d1ed4581c3418c28c/element/0.2627484663726256-1/text:  {}
2018-12-05T00:42:41.290Z [[32minfo[39m] 	101 Sending elements request to http://localhost:9516/session/404715e310d87c0d1ed4581c3418c28c:  {"using":"xpath","value":"/html"}
2018-12-05T00:42:41.291Z [[32minfo[39m] 	101 Elements locator: {"value":"/html","using":"xpath"}
2018-12-05T00:42:41.299Z [[32minfo[39m] 	101 Elements response: {"sessionId":"404715e310d87c0d1ed4581c3418c28c","status":0,"value":[{"ELEMENT":"0.2627484663726256-1"}]}
2018-12-05T00:42:41.301Z [[32minfo[39m] 	102 Sending GET request to http://localhost:9516/session/404715e310d87c0d1ed4581c3418c28c/element/0.2627484663726256-1/displayed:  {}
2018-12-05T00:42:41.314Z [[32minfo[39m] 	103 Sending POST request to http://localhost:9516/session/404715e310d87c0d1ed4581c3418c28c/execute:  {"script":"return arguments[0].textContent","args":[{"ELEMENT":"0.2627484663726256-1"}]}
2018-12-05T00:42:41.373Z [[32minfo[39m] 	104 Sending elements request to http://localhost:9516/session/404715e310d87c0d1ed4581c3418c28c:  {"using":"xpath","value":"/html"}
2018-12-05T00:42:41.373Z [[32minfo[39m] 	104 Elements locator: {"value":"/html","using":"xpath"}
2018-12-05T00:42:41.382Z [[32minfo[39m] 	104 Elements response: {"sessionId":"404715e310d87c0d1ed4581c3418c28c","status":0,"value":[{"ELEMENT":"0.2627484663726256-1"}]}
2018-12-05T00:42:41.385Z [[32minfo[39m] 	105 Sending GET request to http://localhost:9516/session/404715e310d87c0d1ed4581c3418c28c/element/0.2627484663726256-1/displayed:  {}
2018-12-05T00:42:41.395Z [[32minfo[39m] 	106 Sending GET request to http://localhost:9516/session/404715e310d87c0d1ed4581c3418c28c/element/0.2627484663726256-1/text:  {}
2018-12-05T00:42:41.411Z [[32minfo[39m] 	107 Sending elements request to http://localhost:9516/session/404715e310d87c0d1ed4581c3418c28c:  {"using":"xpath","value":"/html"}
2018-12-05T00:42:41.411Z [[32minfo[39m] 	107 Elements locator: {"value":"/html","using":"xpath"}
2018-12-05T00:42:41.419Z [[32minfo[39m] 	107 Elements response: {"sessionId":"404715e310d87c0d1ed4581c3418c28c","status":0,"value":[{"ELEMENT":"0.2627484663726256-1"}]}
2018-12-05T00:42:41.421Z [[32minfo[39m] 	108 Sending GET request to http://localhost:9516/session/404715e310d87c0d1ed4581c3418c28c/element/0.2627484663726256-1/displayed:  {}
2018-12-05T00:42:41.431Z [[32minfo[39m] 	109 Sending POST request to http://localhost:9516/session/404715e310d87c0d1ed4581c3418c28c/execute:  {"script":"return arguments[0].textContent","args":[{"ELEMENT":"0.2627484663726256-1"}]}
2018-12-05T00:42:41.494Z [[32minfo[39m] 	110 Sending elements request to http://localhost:9516/session/404715e310d87c0d1ed4581c3418c28c:  {"using":"xpath","value":"/html"}
2018-12-05T00:42:41.494Z [[32minfo[39m] 	110 Elements locator: {"value":"/html","using":"xpath"}
2018-12-05T00:42:41.503Z [[32minfo[39m] 	110 Elements response: {"sessionId":"404715e310d87c0d1ed4581c3418c28c","status":0,"value":[{"ELEMENT":"0.2627484663726256-1"}]}
2018-12-05T00:42:41.506Z [[32minfo[39m] 	111 Sending GET request to http://localhost:9516/session/404715e310d87c0d1ed4581c3418c28c/element/0.2627484663726256-1/displayed:  {}
2018-12-05T00:42:41.515Z [[32minfo[39m] 	112 Sending GET request to http://localhost:9516/session/404715e310d87c0d1ed4581c3418c28c/element/0.2627484663726256-1/text:  {}
2018-12-05T00:42:41.531Z [[32minfo[39m] 	113 Sending elements request to http://localhost:9516/session/404715e310d87c0d1ed4581c3418c28c:  {"using":"xpath","value":"/html"}
2018-12-05T00:42:41.532Z [[32minfo[39m] 	113 Elements locator: {"value":"/html","using":"xpath"}
2018-12-05T00:42:41.540Z [[32minfo[39m] 	113 Elements response: {"sessionId":"404715e310d87c0d1ed4581c3418c28c","status":0,"value":[{"ELEMENT":"0.2627484663726256-1"}]}
2018-12-05T00:42:41.542Z [[32minfo[39m] 	114 Sending GET request to http://localhost:9516/session/404715e310d87c0d1ed4581c3418c28c/element/0.2627484663726256-1/displayed:  {}
2018-12-05T00:42:41.554Z [[32minfo[39m] 	115 Sending POST request to http://localhost:9516/session/404715e310d87c0d1ed4581c3418c28c/execute:  {"script":"return arguments[0].textContent","args":[{"ELEMENT":"0.2627484663726256-1"}]}
2018-12-05T00:42:41.614Z [[32minfo[39m] 	116 Sending elements request to http://localhost:9516/session/404715e310d87c0d1ed4581c3418c28c:  {"using":"xpath","value":"/html"}
2018-12-05T00:42:41.614Z [[32minfo[39m] 	116 Elements locator: {"value":"/html","using":"xpath"}
2018-12-05T00:42:41.623Z [[32minfo[39m] 	116 Elements response: {"sessionId":"404715e310d87c0d1ed4581c3418c28c","status":0,"value":[{"ELEMENT":"0.2627484663726256-1"}]}
2018-12-05T00:42:41.626Z [[32minfo[39m] 	117 Sending GET request to http://localhost:9516/session/404715e310d87c0d1ed4581c3418c28c/element/0.2627484663726256-1/displayed:  {}
2018-12-05T00:42:41.636Z [[32minfo[39m] 	118 Sending GET request to http://localhost:9516/session/404715e310d87c0d1ed4581c3418c28c/element/0.2627484663726256-1/text:  {}
2018-12-05T00:42:41.654Z [[32minfo[39m] 	119 Sending elements request to http://localhost:9516/session/404715e310d87c0d1ed4581c3418c28c:  {"using":"xpath","value":"/html"}
2018-12-05T00:42:41.654Z [[32minfo[39m] 	119 Elements locator: {"value":"/html","using":"xpath"}
2018-12-05T00:42:41.663Z [[32minfo[39m] 	119 Elements response: {"sessionId":"404715e310d87c0d1ed4581c3418c28c","status":0,"value":[{"ELEMENT":"0.2627484663726256-1"}]}
2018-12-05T00:42:41.665Z [[32minfo[39m] 	120 Sending GET request to http://localhost:9516/session/404715e310d87c0d1ed4581c3418c28c/element/0.2627484663726256-1/displayed:  {}
2018-12-05T00:42:41.675Z [[32minfo[39m] 	121 Sending POST request to http://localhost:9516/session/404715e310d87c0d1ed4581c3418c28c/execute:  {"script":"return arguments[0].textContent","args":[{"ELEMENT":"0.2627484663726256-1"}]}
2018-12-05T00:42:41.739Z [[32minfo[39m] 	122 Sending elements request to http://localhost:9516/session/404715e310d87c0d1ed4581c3418c28c:  {"using":"xpath","value":"/html"}
2018-12-05T00:42:41.739Z [[32minfo[39m] 	122 Elements locator: {"value":"/html","using":"xpath"}
2018-12-05T00:42:41.748Z [[32minfo[39m] 	122 Elements response: {"sessionId":"404715e310d87c0d1ed4581c3418c28c","status":0,"value":[{"ELEMENT":"0.2627484663726256-1"}]}
2018-12-05T00:42:41.750Z [[32minfo[39m] 	123 Sending GET request to http://localhost:9516/session/404715e310d87c0d1ed4581c3418c28c/element/0.2627484663726256-1/displayed:  {}
2018-12-05T00:42:41.760Z [[32minfo[39m] 	124 Sending GET request to http://localhost:9516/session/404715e310d87c0d1ed4581c3418c28c/element/0.2627484663726256-1/text:  {}
2018-12-05T00:42:41.779Z [[32minfo[39m] 	125 Sending elements request to http://localhost:9516/session/404715e310d87c0d1ed4581c3418c28c:  {"using":"xpath","value":"/html"}
2018-12-05T00:42:41.779Z [[32minfo[39m] 	125 Elements locator: {"value":"/html","using":"xpath"}
2018-12-05T00:42:41.787Z [[32minfo[39m] 	125 Elements response: {"sessionId":"404715e310d87c0d1ed4581c3418c28c","status":0,"value":[{"ELEMENT":"0.2627484663726256-1"}]}
2018-12-05T00:42:41.790Z [[32minfo[39m] 	126 Sending GET request to http://localhost:9516/session/404715e310d87c0d1ed4581c3418c28c/element/0.2627484663726256-1/displayed:  {}
2018-12-05T00:42:41.799Z [[32minfo[39m] 	127 Sending POST request to http://localhost:9516/session/404715e310d87c0d1ed4581c3418c28c/execute:  {"script":"return arguments[0].textContent","args":[{"ELEMENT":"0.2627484663726256-1"}]}
2018-12-05T00:42:41.857Z [[32minfo[39m] 	128 Sending elements request to http://localhost:9516/session/404715e310d87c0d1ed4581c3418c28c:  {"using":"xpath","value":"/html"}
2018-12-05T00:42:41.857Z [[32minfo[39m] 	128 Elements locator: {"value":"/html","using":"xpath"}
2018-12-05T00:42:41.866Z [[32minfo[39m] 	128 Elements response: {"sessionId":"404715e310d87c0d1ed4581c3418c28c","status":0,"value":[{"ELEMENT":"0.2627484663726256-1"}]}
2018-12-05T00:42:41.868Z [[32minfo[39m] 	129 Sending GET request to http://localhost:9516/session/404715e310d87c0d1ed4581c3418c28c/element/0.2627484663726256-1/displayed:  {}
2018-12-05T00:42:41.879Z [[32minfo[39m] 	130 Sending GET request to http://localhost:9516/session/404715e310d87c0d1ed4581c3418c28c/element/0.2627484663726256-1/text:  {}
2018-12-05T00:42:41.899Z [[32minfo[39m] 	131 Sending elements request to http://localhost:9516/session/404715e310d87c0d1ed4581c3418c28c:  {"using":"xpath","value":"/html"}
2018-12-05T00:42:41.899Z [[32minfo[39m] 	131 Elements locator: {"value":"/html","using":"xpath"}
2018-12-05T00:42:41.907Z [[32minfo[39m] 	131 Elements response: {"sessionId":"404715e310d87c0d1ed4581c3418c28c","status":0,"value":[{"ELEMENT":"0.2627484663726256-1"}]}
2018-12-05T00:42:41.910Z [[32minfo[39m] 	132 Sending GET request to http://localhost:9516/session/404715e310d87c0d1ed4581c3418c28c/element/0.2627484663726256-1/displayed:  {}
2018-12-05T00:42:41.921Z [[32minfo[39m] 	133 Sending POST request to http://localhost:9516/session/404715e310d87c0d1ed4581c3418c28c/execute:  {"script":"return arguments[0].textContent","args":[{"ELEMENT":"0.2627484663726256-1"}]}
2018-12-05T00:42:41.982Z [[32minfo[39m] 	134 Sending elements request to http://localhost:9516/session/404715e310d87c0d1ed4581c3418c28c:  {"using":"xpath","value":"/html"}
2018-12-05T00:42:41.982Z [[32minfo[39m] 	134 Elements locator: {"value":"/html","using":"xpath"}
2018-12-05T00:42:41.991Z [[32minfo[39m] 	134 Elements response: {"sessionId":"404715e310d87c0d1ed4581c3418c28c","status":0,"value":[{"ELEMENT":"0.2627484663726256-1"}]}
2018-12-05T00:42:41.994Z [[32minfo[39m] 	135 Sending GET request to http://localhost:9516/session/404715e310d87c0d1ed4581c3418c28c/element/0.2627484663726256-1/displayed:  {}
2018-12-05T00:42:42.004Z [[32minfo[39m] 	136 Sending GET request to http://localhost:9516/session/404715e310d87c0d1ed4581c3418c28c/element/0.2627484663726256-1/text:  {}
2018-12-05T00:42:42.021Z [[32minfo[39m] 	137 Sending elements request to http://localhost:9516/session/404715e310d87c0d1ed4581c3418c28c:  {"using":"xpath","value":"/html"}
2018-12-05T00:42:42.021Z [[32minfo[39m] 	137 Elements locator: {"value":"/html","using":"xpath"}
2018-12-05T00:42:42.029Z [[32minfo[39m] 	137 Elements response: {"sessionId":"404715e310d87c0d1ed4581c3418c28c","status":0,"value":[{"ELEMENT":"0.2627484663726256-1"}]}
2018-12-05T00:42:42.031Z [[32minfo[39m] 	138 Sending GET request to http://localhost:9516/session/404715e310d87c0d1ed4581c3418c28c/element/0.2627484663726256-1/displayed:  {}
2018-12-05T00:42:42.042Z [[32minfo[39m] 	139 Sending POST request to http://localhost:9516/session/404715e310d87c0d1ed4581c3418c28c/execute:  {"script":"return arguments[0].textContent","args":[{"ELEMENT":"0.2627484663726256-1"}]}
2018-12-05T00:42:42.104Z [[32minfo[39m] 	140 Sending elements request to http://localhost:9516/session/404715e310d87c0d1ed4581c3418c28c:  {"using":"xpath","value":"/html"}
2018-12-05T00:42:42.104Z [[32minfo[39m] 	140 Elements locator: {"value":"/html","using":"xpath"}
2018-12-05T00:42:42.113Z [[32minfo[39m] 	140 Elements response: {"sessionId":"404715e310d87c0d1ed4581c3418c28c","status":0,"value":[{"ELEMENT":"0.2627484663726256-1"}]}
2018-12-05T00:42:42.116Z [[32minfo[39m] 	141 Sending GET request to http://localhost:9516/session/404715e310d87c0d1ed4581c3418c28c/element/0.2627484663726256-1/displayed:  {}
2018-12-05T00:42:42.126Z [[32minfo[39m] 	142 Sending GET request to http://localhost:9516/session/404715e310d87c0d1ed4581c3418c28c/element/0.2627484663726256-1/text:  {}
2018-12-05T00:42:42.144Z [[32minfo[39m] 	143 Sending elements request to http://localhost:9516/session/404715e310d87c0d1ed4581c3418c28c:  {"using":"xpath","value":"/html"}
2018-12-05T00:42:42.144Z [[32minfo[39m] 	143 Elements locator: {"value":"/html","using":"xpath"}
2018-12-05T00:42:42.154Z [[32minfo[39m] 	143 Elements response: {"sessionId":"404715e310d87c0d1ed4581c3418c28c","status":0,"value":[{"ELEMENT":"0.2627484663726256-1"}]}
2018-12-05T00:42:42.156Z [[32minfo[39m] 	144 Sending GET request to http://localhost:9516/session/404715e310d87c0d1ed4581c3418c28c/element/0.2627484663726256-1/displayed:  {}
2018-12-05T00:42:42.167Z [[32minfo[39m] 	145 Sending POST request to http://localhost:9516/session/404715e310d87c0d1ed4581c3418c28c/execute:  {"script":"return arguments[0].textContent","args":[{"ELEMENT":"0.2627484663726256-1"}]}
2018-12-05T00:42:42.228Z [[32minfo[39m] 	146 Sending elements request to http://localhost:9516/session/404715e310d87c0d1ed4581c3418c28c:  {"using":"xpath","value":"/html"}
2018-12-05T00:42:42.229Z [[32minfo[39m] 	146 Elements locator: {"value":"/html","using":"xpath"}
2018-12-05T00:42:42.238Z [[32minfo[39m] 	146 Elements response: {"sessionId":"404715e310d87c0d1ed4581c3418c28c","status":0,"value":[{"ELEMENT":"0.2627484663726256-1"}]}
2018-12-05T00:42:42.240Z [[32minfo[39m] 	147 Sending GET request to http://localhost:9516/session/404715e310d87c0d1ed4581c3418c28c/element/0.2627484663726256-1/displayed:  {}
2018-12-05T00:42:42.250Z [[32minfo[39m] 	148 Sending GET request to http://localhost:9516/session/404715e310d87c0d1ed4581c3418c28c/element/0.2627484663726256-1/text:  {}
2018-12-05T00:42:42.266Z [[32minfo[39m] 	149 Sending elements request to http://localhost:9516/session/404715e310d87c0d1ed4581c3418c28c:  {"using":"xpath","value":"/html"}
2018-12-05T00:42:42.266Z [[32minfo[39m] 	149 Elements locator: {"value":"/html","using":"xpath"}
2018-12-05T00:42:42.274Z [[32minfo[39m] 	149 Elements response: {"sessionId":"404715e310d87c0d1ed4581c3418c28c","status":0,"value":[{"ELEMENT":"0.2627484663726256-1"}]}
2018-12-05T00:42:42.276Z [[32minfo[39m] 	150 Sending GET request to http://localhost:9516/session/404715e310d87c0d1ed4581c3418c28c/element/0.2627484663726256-1/displayed:  {}
2018-12-05T00:42:42.289Z [[32minfo[39m] 	151 Sending POST request to http://localhost:9516/session/404715e310d87c0d1ed4581c3418c28c/execute:  {"script":"return arguments[0].textContent","args":[{"ELEMENT":"0.2627484663726256-1"}]}
2018-12-05T00:42:42.347Z [[32minfo[39m] 	152 Sending elements request to http://localhost:9516/session/404715e310d87c0d1ed4581c3418c28c:  {"using":"xpath","value":"/html"}
2018-12-05T00:42:42.347Z [[32minfo[39m] 	152 Elements locator: {"value":"/html","using":"xpath"}
2018-12-05T00:42:42.356Z [[32minfo[39m] 	152 Elements response: {"sessionId":"404715e310d87c0d1ed4581c3418c28c","status":0,"value":[{"ELEMENT":"0.2627484663726256-1"}]}
2018-12-05T00:42:42.358Z [[32minfo[39m] 	153 Sending GET request to http://localhost:9516/session/404715e310d87c0d1ed4581c3418c28c/element/0.2627484663726256-1/displayed:  {}
2018-12-05T00:42:42.368Z [[32minfo[39m] 	154 Sending GET request to http://localhost:9516/session/404715e310d87c0d1ed4581c3418c28c/element/0.2627484663726256-1/text:  {}
2018-12-05T00:42:42.385Z [[32minfo[39m] 	155 Sending elements request to http://localhost:9516/session/404715e310d87c0d1ed4581c3418c28c:  {"using":"xpath","value":"/html"}
2018-12-05T00:42:42.385Z [[32minfo[39m] 	155 Elements locator: {"value":"/html","using":"xpath"}
2018-12-05T00:42:42.393Z [[32minfo[39m] 	155 Elements response: {"sessionId":"404715e310d87c0d1ed4581c3418c28c","status":0,"value":[{"ELEMENT":"0.2627484663726256-1"}]}
2018-12-05T00:42:42.395Z [[32minfo[39m] 	156 Sending GET request to http://localhost:9516/session/404715e310d87c0d1ed4581c3418c28c/element/0.2627484663726256-1/displayed:  {}
2018-12-05T00:42:42.406Z [[32minfo[39m] 	157 Sending POST request to http://localhost:9516/session/404715e310d87c0d1ed4581c3418c28c/execute:  {"script":"return arguments[0].textContent","args":[{"ELEMENT":"0.2627484663726256-1"}]}
2018-12-05T00:42:42.469Z [[32minfo[39m] 	158 Sending elements request to http://localhost:9516/session/404715e310d87c0d1ed4581c3418c28c:  {"using":"xpath","value":"/html"}
2018-12-05T00:42:42.469Z [[32minfo[39m] 	158 Elements locator: {"value":"/html","using":"xpath"}
2018-12-05T00:42:42.479Z [[32minfo[39m] 	158 Elements response: {"sessionId":"404715e310d87c0d1ed4581c3418c28c","status":0,"value":[{"ELEMENT":"0.2627484663726256-1"}]}
2018-12-05T00:42:42.482Z [[32minfo[39m] 	159 Sending GET request to http://localhost:9516/session/404715e310d87c0d1ed4581c3418c28c/element/0.2627484663726256-1/displayed:  {}
2018-12-05T00:42:42.492Z [[32minfo[39m] 	160 Sending GET request to http://localhost:9516/session/404715e310d87c0d1ed4581c3418c28c/element/0.2627484663726256-1/text:  {}
2018-12-05T00:42:42.508Z [[32minfo[39m] 	161 Sending elements request to http://localhost:9516/session/404715e310d87c0d1ed4581c3418c28c:  {"using":"xpath","value":"/html"}
2018-12-05T00:42:42.509Z [[32minfo[39m] 	161 Elements locator: {"value":"/html","using":"xpath"}
2018-12-05T00:42:42.517Z [[32minfo[39m] 	161 Elements response: {"sessionId":"404715e310d87c0d1ed4581c3418c28c","status":0,"value":[{"ELEMENT":"0.2627484663726256-1"}]}
2018-12-05T00:42:42.520Z [[32minfo[39m] 	162 Sending GET request to http://localhost:9516/session/404715e310d87c0d1ed4581c3418c28c/element/0.2627484663726256-1/displayed:  {}
2018-12-05T00:42:42.530Z [[32minfo[39m] 	163 Sending POST request to http://localhost:9516/session/404715e310d87c0d1ed4581c3418c28c/execute:  {"script":"return arguments[0].textContent","args":[{"ELEMENT":"0.2627484663726256-1"}]}
2018-12-05T00:42:42.593Z [[32minfo[39m] 	164 Sending elements request to http://localhost:9516/session/404715e310d87c0d1ed4581c3418c28c:  {"using":"xpath","value":"/html"}
2018-12-05T00:42:42.593Z [[32minfo[39m] 	164 Elements locator: {"value":"/html","using":"xpath"}
2018-12-05T00:42:42.602Z [[32minfo[39m] 	164 Elements response: {"sessionId":"404715e310d87c0d1ed4581c3418c28c","status":0,"value":[{"ELEMENT":"0.2627484663726256-1"}]}
2018-12-05T00:42:42.605Z [[32minfo[39m] 	165 Sending GET request to http://localhost:9516/session/404715e310d87c0d1ed4581c3418c28c/element/0.2627484663726256-1/displayed:  {}
2018-12-05T00:42:42.614Z [[32minfo[39m] 	166 Sending GET request to http://localhost:9516/session/404715e310d87c0d1ed4581c3418c28c/element/0.2627484663726256-1/text:  {}
2018-12-05T00:42:42.633Z [[32minfo[39m] 	167 Sending elements request to http://localhost:9516/session/404715e310d87c0d1ed4581c3418c28c:  {"using":"xpath","value":"/html"}
2018-12-05T00:42:42.633Z [[32minfo[39m] 	167 Elements locator: {"value":"/html","using":"xpath"}
2018-12-05T00:42:42.641Z [[32minfo[39m] 	167 Elements response: {"sessionId":"404715e310d87c0d1ed4581c3418c28c","status":0,"value":[{"ELEMENT":"0.2627484663726256-1"}]}
2018-12-05T00:42:42.644Z [[32minfo[39m] 	168 Sending GET request to http://localhost:9516/session/404715e310d87c0d1ed4581c3418c28c/element/0.2627484663726256-1/displayed:  {}
2018-12-05T00:42:42.654Z [[32minfo[39m] 	169 Sending POST request to http://localhost:9516/session/404715e310d87c0d1ed4581c3418c28c/execute:  {"script":"return arguments[0].textContent","args":[{"ELEMENT":"0.2627484663726256-1"}]}
2018-12-05T00:42:42.715Z [[32minfo[39m] 	170 Sending elements request to http://localhost:9516/session/404715e310d87c0d1ed4581c3418c28c:  {"using":"xpath","value":"/html"}
2018-12-05T00:42:42.716Z [[32minfo[39m] 	170 Elements locator: {"value":"/html","using":"xpath"}
2018-12-05T00:42:42.724Z [[32minfo[39m] 	170 Elements response: {"sessionId":"404715e310d87c0d1ed4581c3418c28c","status":0,"value":[{"ELEMENT":"0.2627484663726256-1"}]}
2018-12-05T00:42:42.726Z [[32minfo[39m] 	171 Sending GET request to http://localhost:9516/session/404715e310d87c0d1ed4581c3418c28c/element/0.2627484663726256-1/displayed:  {}
2018-12-05T00:42:42.738Z [[32minfo[39m] 	172 Sending GET request to http://localhost:9516/session/404715e310d87c0d1ed4581c3418c28c/element/0.2627484663726256-1/text:  {}
2018-12-05T00:42:42.759Z [[32minfo[39m] 	173 Sending elements request to http://localhost:9516/session/404715e310d87c0d1ed4581c3418c28c:  {"using":"xpath","value":"/html"}
2018-12-05T00:42:42.759Z [[32minfo[39m] 	173 Elements locator: {"value":"/html","using":"xpath"}
2018-12-05T00:42:42.771Z [[32minfo[39m] 	173 Elements response: {"sessionId":"404715e310d87c0d1ed4581c3418c28c","status":0,"value":[{"ELEMENT":"0.2627484663726256-1"}]}
2018-12-05T00:42:42.773Z [[32minfo[39m] 	174 Sending GET request to http://localhost:9516/session/404715e310d87c0d1ed4581c3418c28c/element/0.2627484663726256-1/displayed:  {}
2018-12-05T00:42:42.783Z [[32minfo[39m] 	175 Sending POST request to http://localhost:9516/session/404715e310d87c0d1ed4581c3418c28c/execute:  {"script":"return arguments[0].textContent","args":[{"ELEMENT":"0.2627484663726256-1"}]}
2018-12-05T00:42:42.842Z [[32minfo[39m] 	176 Sending elements request to http://localhost:9516/session/404715e310d87c0d1ed4581c3418c28c:  {"using":"xpath","value":"/html"}
2018-12-05T00:42:42.842Z [[32minfo[39m] 	176 Elements locator: {"value":"/html","using":"xpath"}
2018-12-05T00:42:42.852Z [[32minfo[39m] 	176 Elements response: {"sessionId":"404715e310d87c0d1ed4581c3418c28c","status":0,"value":[{"ELEMENT":"0.2627484663726256-1"}]}
2018-12-05T00:42:42.855Z [[32minfo[39m] 	177 Sending GET request to http://localhost:9516/session/404715e310d87c0d1ed4581c3418c28c/element/0.2627484663726256-1/displayed:  {}
2018-12-05T00:42:42.865Z [[32minfo[39m] 	178 Sending GET request to http://localhost:9516/session/404715e310d87c0d1ed4581c3418c28c/element/0.2627484663726256-1/text:  {}
2018-12-05T00:42:42.883Z [[32minfo[39m] 	179 Sending elements request to http://localhost:9516/session/404715e310d87c0d1ed4581c3418c28c:  {"using":"xpath","value":"/html"}
2018-12-05T00:42:42.883Z [[32minfo[39m] 	179 Elements locator: {"value":"/html","using":"xpath"}
2018-12-05T00:42:42.893Z [[32minfo[39m] 	179 Elements response: {"sessionId":"404715e310d87c0d1ed4581c3418c28c","status":0,"value":[{"ELEMENT":"0.2627484663726256-1"}]}
2018-12-05T00:42:42.895Z [[32minfo[39m] 	180 Sending GET request to http://localhost:9516/session/404715e310d87c0d1ed4581c3418c28c/element/0.2627484663726256-1/displayed:  {}
2018-12-05T00:42:42.906Z [[32minfo[39m] 	181 Sending POST request to http://localhost:9516/session/404715e310d87c0d1ed4581c3418c28c/execute:  {"script":"return arguments[0].textContent","args":[{"ELEMENT":"0.2627484663726256-1"}]}
2018-12-05T00:42:42.969Z [[32minfo[39m] 	182 Sending elements request to http://localhost:9516/session/404715e310d87c0d1ed4581c3418c28c:  {"using":"xpath","value":"/html"}
2018-12-05T00:42:42.969Z [[32minfo[39m] 	182 Elements locator: {"value":"/html","using":"xpath"}
2018-12-05T00:42:42.980Z [[32minfo[39m] 	182 Elements response: {"sessionId":"404715e310d87c0d1ed4581c3418c28c","status":0,"value":[{"ELEMENT":"0.2627484663726256-1"}]}
2018-12-05T00:42:42.983Z [[32minfo[39m] 	183 Sending GET request to http://localhost:9516/session/404715e310d87c0d1ed4581c3418c28c/element/0.2627484663726256-1/displayed:  {}
2018-12-05T00:42:42.998Z [[32minfo[39m] 	184 Sending GET request to http://localhost:9516/session/404715e310d87c0d1ed4581c3418c28c/element/0.2627484663726256-1/text:  {}
2018-12-05T00:42:43.020Z [[32minfo[39m] 	185 Sending elements request to http://localhost:9516/session/404715e310d87c0d1ed4581c3418c28c:  {"using":"xpath","value":"/html"}
2018-12-05T00:42:43.020Z [[32minfo[39m] 	185 Elements locator: {"value":"/html","using":"xpath"}
2018-12-05T00:42:43.031Z [[32minfo[39m] 	185 Elements response: {"sessionId":"404715e310d87c0d1ed4581c3418c28c","status":0,"value":[{"ELEMENT":"0.2627484663726256-1"}]}
2018-12-05T00:42:43.035Z [[32minfo[39m] 	186 Sending GET request to http://localhost:9516/session/404715e310d87c0d1ed4581c3418c28c/element/0.2627484663726256-1/displayed:  {}
2018-12-05T00:42:43.052Z [[32minfo[39m] 	187 Sending POST request to http://localhost:9516/session/404715e310d87c0d1ed4581c3418c28c/execute:  {"script":"return arguments[0].textContent","args":[{"ELEMENT":"0.2627484663726256-1"}]}
2018-12-05T00:42:43.114Z [[32minfo[39m] 	188 Sending elements request to http://localhost:9516/session/404715e310d87c0d1ed4581c3418c28c:  {"using":"xpath","value":"/html"}
2018-12-05T00:42:43.115Z [[32minfo[39m] 	188 Elements locator: {"value":"/html","using":"xpath"}
2018-12-05T00:42:43.123Z [[32minfo[39m] 	188 Elements response: {"sessionId":"404715e310d87c0d1ed4581c3418c28c","status":0,"value":[{"ELEMENT":"0.2627484663726256-1"}]}
2018-12-05T00:42:43.125Z [[32minfo[39m] 	189 Sending GET request to http://localhost:9516/session/404715e310d87c0d1ed4581c3418c28c/element/0.2627484663726256-1/displayed:  {}
2018-12-05T00:42:43.135Z [[32minfo[39m] 	190 Sending GET request to http://localhost:9516/session/404715e310d87c0d1ed4581c3418c28c/element/0.2627484663726256-1/text:  {}
2018-12-05T00:42:43.156Z [[32minfo[39m] 	191 Sending elements request to http://localhost:9516/session/404715e310d87c0d1ed4581c3418c28c:  {"using":"xpath","value":"/html"}
2018-12-05T00:42:43.156Z [[32minfo[39m] 	191 Elements locator: {"value":"/html","using":"xpath"}
2018-12-05T00:42:43.164Z [[32minfo[39m] 	191 Elements response: {"sessionId":"404715e310d87c0d1ed4581c3418c28c","status":0,"value":[{"ELEMENT":"0.2627484663726256-1"}]}
2018-12-05T00:42:43.167Z [[32minfo[39m] 	192 Sending GET request to http://localhost:9516/session/404715e310d87c0d1ed4581c3418c28c/element/0.2627484663726256-1/displayed:  {}
2018-12-05T00:42:43.178Z [[32minfo[39m] 	193 Sending POST request to http://localhost:9516/session/404715e310d87c0d1ed4581c3418c28c/execute:  {"script":"return arguments[0].textContent","args":[{"ELEMENT":"0.2627484663726256-1"}]}
2018-12-05T00:42:43.237Z [[32minfo[39m] 	194 Sending elements request to http://localhost:9516/session/404715e310d87c0d1ed4581c3418c28c:  {"using":"xpath","value":"/html"}
2018-12-05T00:42:43.237Z [[32minfo[39m] 	194 Elements locator: {"value":"/html","using":"xpath"}
2018-12-05T00:42:43.247Z [[32minfo[39m] 	194 Elements response: {"sessionId":"404715e310d87c0d1ed4581c3418c28c","status":0,"value":[{"ELEMENT":"0.2627484663726256-1"}]}
2018-12-05T00:42:43.249Z [[32minfo[39m] 	195 Sending GET request to http://localhost:9516/session/404715e310d87c0d1ed4581c3418c28c/element/0.2627484663726256-1/displayed:  {}
2018-12-05T00:42:43.262Z [[32minfo[39m] 	196 Sending GET request to http://localhost:9516/session/404715e310d87c0d1ed4581c3418c28c/element/0.2627484663726256-1/text:  {}
2018-12-05T00:42:43.283Z [[32minfo[39m] 	197 Sending elements request to http://localhost:9516/session/404715e310d87c0d1ed4581c3418c28c:  {"using":"xpath","value":"/html"}
2018-12-05T00:42:43.283Z [[32minfo[39m] 	197 Elements locator: {"value":"/html","using":"xpath"}
2018-12-05T00:42:43.293Z [[32minfo[39m] 	197 Elements response: {"sessionId":"404715e310d87c0d1ed4581c3418c28c","status":0,"value":[{"ELEMENT":"0.2627484663726256-1"}]}
2018-12-05T00:42:43.296Z [[32minfo[39m] 	198 Sending GET request to http://localhost:9516/session/404715e310d87c0d1ed4581c3418c28c/element/0.2627484663726256-1/displayed:  {}
2018-12-05T00:42:43.308Z [[32minfo[39m] 	199 Sending POST request to http://localhost:9516/session/404715e310d87c0d1ed4581c3418c28c/execute:  {"script":"return arguments[0].textContent","args":[{"ELEMENT":"0.2627484663726256-1"}]}
2018-12-05T00:42:43.370Z [[32minfo[39m] 	200 Sending elements request to http://localhost:9516/session/404715e310d87c0d1ed4581c3418c28c:  {"using":"xpath","value":"/html"}
2018-12-05T00:42:43.370Z [[32minfo[39m] 	200 Elements locator: {"value":"/html","using":"xpath"}
2018-12-05T00:42:43.380Z [[32minfo[39m] 	200 Elements response: {"sessionId":"404715e310d87c0d1ed4581c3418c28c","status":0,"value":[{"ELEMENT":"0.2627484663726256-1"}]}
2018-12-05T00:42:43.384Z [[32minfo[39m] 	201 Sending GET request to http://localhost:9516/session/404715e310d87c0d1ed4581c3418c28c/element/0.2627484663726256-1/displayed:  {}
2018-12-05T00:42:43.395Z [[32minfo[39m] 	202 Sending GET request to http://localhost:9516/session/404715e310d87c0d1ed4581c3418c28c/element/0.2627484663726256-1/text:  {}
2018-12-05T00:42:43.416Z [[32minfo[39m] 	203 Sending elements request to http://localhost:9516/session/404715e310d87c0d1ed4581c3418c28c:  {"using":"xpath","value":"/html"}
2018-12-05T00:42:43.416Z [[32minfo[39m] 	203 Elements locator: {"value":"/html","using":"xpath"}
2018-12-05T00:42:43.425Z [[32minfo[39m] 	203 Elements response: {"sessionId":"404715e310d87c0d1ed4581c3418c28c","status":0,"value":[{"ELEMENT":"0.2627484663726256-1"}]}
2018-12-05T00:42:43.427Z [[32minfo[39m] 	204 Sending GET request to http://localhost:9516/session/404715e310d87c0d1ed4581c3418c28c/element/0.2627484663726256-1/displayed:  {}
2018-12-05T00:42:43.440Z [[32minfo[39m] 	205 Sending POST request to http://localhost:9516/session/404715e310d87c0d1ed4581c3418c28c/execute:  {"script":"return arguments[0].textContent","args":[{"ELEMENT":"0.2627484663726256-1"}]}
2018-12-05T00:42:43.503Z [[32minfo[39m] 	206 Sending elements request to http://localhost:9516/session/404715e310d87c0d1ed4581c3418c28c:  {"using":"xpath","value":"/html"}
2018-12-05T00:42:43.503Z [[32minfo[39m] 	206 Elements locator: {"value":"/html","using":"xpath"}
2018-12-05T00:42:43.513Z [[32minfo[39m] 	206 Elements response: {"sessionId":"404715e310d87c0d1ed4581c3418c28c","status":0,"value":[{"ELEMENT":"0.2627484663726256-1"}]}
2018-12-05T00:42:43.516Z [[32minfo[39m] 	207 Sending GET request to http://localhost:9516/session/404715e310d87c0d1ed4581c3418c28c/element/0.2627484663726256-1/displayed:  {}
2018-12-05T00:42:43.526Z [[32minfo[39m] 	208 Sending GET request to http://localhost:9516/session/404715e310d87c0d1ed4581c3418c28c/element/0.2627484663726256-1/text:  {}
2018-12-05T00:42:43.546Z [[32minfo[39m] 	209 Sending elements request to http://localhost:9516/session/404715e310d87c0d1ed4581c3418c28c:  {"using":"xpath","value":"/html"}
2018-12-05T00:42:43.547Z [[32minfo[39m] 	209 Elements locator: {"value":"/html","using":"xpath"}
2018-12-05T00:42:43.556Z [[32minfo[39m] 	209 Elements response: {"sessionId":"404715e310d87c0d1ed4581c3418c28c","status":0,"value":[{"ELEMENT":"0.2627484663726256-1"}]}
2018-12-05T00:42:43.558Z [[32minfo[39m] 	210 Sending GET request to http://localhost:9516/session/404715e310d87c0d1ed4581c3418c28c/element/0.2627484663726256-1/displayed:  {}
2018-12-05T00:42:43.571Z [[32minfo[39m] 	211 Sending POST request to http://localhost:9516/session/404715e310d87c0d1ed4581c3418c28c/execute:  {"script":"return arguments[0].textContent","args":[{"ELEMENT":"0.2627484663726256-1"}]}
2018-12-05T00:42:43.635Z [[32minfo[39m] 	212 Sending elements request to http://localhost:9516/session/404715e310d87c0d1ed4581c3418c28c:  {"using":"xpath","value":"/html"}
2018-12-05T00:42:43.635Z [[32minfo[39m] 	212 Elements locator: {"value":"/html","using":"xpath"}
2018-12-05T00:42:43.645Z [[32minfo[39m] 	212 Elements response: {"sessionId":"404715e310d87c0d1ed4581c3418c28c","status":0,"value":[{"ELEMENT":"0.2627484663726256-1"}]}
2018-12-05T00:42:43.648Z [[32minfo[39m] 	213 Sending GET request to http://localhost:9516/session/404715e310d87c0d1ed4581c3418c28c/element/0.2627484663726256-1/displayed:  {}
2018-12-05T00:42:43.660Z [[32minfo[39m] 	214 Sending GET request to http://localhost:9516/session/404715e310d87c0d1ed4581c3418c28c/element/0.2627484663726256-1/text:  {}
2018-12-05T00:42:43.688Z [[32minfo[39m] 	215 Sending elements request to http://localhost:9516/session/404715e310d87c0d1ed4581c3418c28c:  {"using":"xpath","value":"/html"}
2018-12-05T00:42:43.688Z [[32minfo[39m] 	215 Elements locator: {"value":"/html","using":"xpath"}
2018-12-05T00:42:43.698Z [[32minfo[39m] 	215 Elements response: {"sessionId":"404715e310d87c0d1ed4581c3418c28c","status":0,"value":[{"ELEMENT":"0.2627484663726256-1"}]}
2018-12-05T00:42:43.702Z [[32minfo[39m] 	216 Sending GET request to http://localhost:9516/session/404715e310d87c0d1ed4581c3418c28c/element/0.2627484663726256-1/displayed:  {}
2018-12-05T00:42:43.713Z [[32minfo[39m] 	217 Sending POST request to http://localhost:9516/session/404715e310d87c0d1ed4581c3418c28c/execute:  {"script":"return arguments[0].textContent","args":[{"ELEMENT":"0.2627484663726256-1"}]}
2018-12-05T00:42:43.773Z [[32minfo[39m] 	218 Sending elements request to http://localhost:9516/session/404715e310d87c0d1ed4581c3418c28c:  {"using":"xpath","value":"/html"}
2018-12-05T00:42:43.773Z [[32minfo[39m] 	218 Elements locator: {"value":"/html","using":"xpath"}
2018-12-05T00:42:43.782Z [[32minfo[39m] 	218 Elements response: {"sessionId":"404715e310d87c0d1ed4581c3418c28c","status":0,"value":[{"ELEMENT":"0.2627484663726256-1"}]}
2018-12-05T00:42:43.784Z [[32minfo[39m] 	219 Sending GET request to http://localhost:9516/session/404715e310d87c0d1ed4581c3418c28c/element/0.2627484663726256-1/displayed:  {}
2018-12-05T00:42:43.795Z [[32minfo[39m] 	220 Sending GET request to http://localhost:9516/session/404715e310d87c0d1ed4581c3418c28c/element/0.2627484663726256-1/text:  {}
2018-12-05T00:42:43.812Z [[32minfo[39m] 	221 Sending elements request to http://localhost:9516/session/404715e310d87c0d1ed4581c3418c28c:  {"using":"xpath","value":"/html"}
2018-12-05T00:42:43.812Z [[32minfo[39m] 	221 Elements locator: {"value":"/html","using":"xpath"}
2018-12-05T00:42:43.820Z [[32minfo[39m] 	221 Elements response: {"sessionId":"404715e310d87c0d1ed4581c3418c28c","status":0,"value":[{"ELEMENT":"0.2627484663726256-1"}]}
2018-12-05T00:42:43.822Z [[32minfo[39m] 	222 Sending GET request to http://localhost:9516/session/404715e310d87c0d1ed4581c3418c28c/element/0.2627484663726256-1/displayed:  {}
2018-12-05T00:42:43.832Z [[32minfo[39m] 	223 Sending POST request to http://localhost:9516/session/404715e310d87c0d1ed4581c3418c28c/execute:  {"script":"return arguments[0].textContent","args":[{"ELEMENT":"0.2627484663726256-1"}]}
2018-12-05T00:42:43.893Z [[32minfo[39m] 	224 Sending elements request to http://localhost:9516/session/404715e310d87c0d1ed4581c3418c28c:  {"using":"xpath","value":"/html"}
2018-12-05T00:42:43.893Z [[32minfo[39m] 	224 Elements locator: {"value":"/html","using":"xpath"}
2018-12-05T00:42:43.904Z [[32minfo[39m] 	224 Elements response: {"sessionId":"404715e310d87c0d1ed4581c3418c28c","status":0,"value":[{"ELEMENT":"0.2627484663726256-1"}]}
2018-12-05T00:42:43.906Z [[32minfo[39m] 	225 Sending GET request to http://localhost:9516/session/404715e310d87c0d1ed4581c3418c28c/element/0.2627484663726256-1/displayed:  {}
2018-12-05T00:42:43.917Z [[32minfo[39m] 	226 Sending GET request to http://localhost:9516/session/404715e310d87c0d1ed4581c3418c28c/element/0.2627484663726256-1/text:  {}
2018-12-05T00:42:43.938Z [[32minfo[39m] 	227 Sending elements request to http://localhost:9516/session/404715e310d87c0d1ed4581c3418c28c:  {"using":"xpath","value":"/html"}
2018-12-05T00:42:43.939Z [[32minfo[39m] 	227 Elements locator: {"value":"/html","using":"xpath"}
2018-12-05T00:42:43.951Z [[32minfo[39m] 	227 Elements response: {"sessionId":"404715e310d87c0d1ed4581c3418c28c","status":0,"value":[{"ELEMENT":"0.2627484663726256-1"}]}
2018-12-05T00:42:43.953Z [[32minfo[39m] 	228 Sending GET request to http://localhost:9516/session/404715e310d87c0d1ed4581c3418c28c/element/0.2627484663726256-1/displayed:  {}
2018-12-05T00:42:43.966Z [[32minfo[39m] 	229 Sending POST request to http://localhost:9516/session/404715e310d87c0d1ed4581c3418c28c/execute:  {"script":"return arguments[0].textContent","args":[{"ELEMENT":"0.2627484663726256-1"}]}
2018-12-05T00:42:44.031Z [[32minfo[39m] 	230 Sending elements request to http://localhost:9516/session/404715e310d87c0d1ed4581c3418c28c:  {"using":"xpath","value":"/html"}
2018-12-05T00:42:44.031Z [[32minfo[39m] 	230 Elements locator: {"value":"/html","using":"xpath"}
2018-12-05T00:42:44.040Z [[32minfo[39m] 	230 Elements response: {"sessionId":"404715e310d87c0d1ed4581c3418c28c","status":0,"value":[{"ELEMENT":"0.2627484663726256-1"}]}
2018-12-05T00:42:44.042Z [[32minfo[39m] 	231 Sending GET request to http://localhost:9516/session/404715e310d87c0d1ed4581c3418c28c/element/0.2627484663726256-1/displayed:  {}
2018-12-05T00:42:44.052Z [[32minfo[39m] 	232 Sending GET request to http://localhost:9516/session/404715e310d87c0d1ed4581c3418c28c/element/0.2627484663726256-1/text:  {}
2018-12-05T00:42:44.068Z [[32minfo[39m] 	233 Sending elements request to http://localhost:9516/session/404715e310d87c0d1ed4581c3418c28c:  {"using":"xpath","value":"/html"}
2018-12-05T00:42:44.068Z [[32minfo[39m] 	233 Elements locator: {"value":"/html","using":"xpath"}
2018-12-05T00:42:44.076Z [[32minfo[39m] 	233 Elements response: {"sessionId":"404715e310d87c0d1ed4581c3418c28c","status":0,"value":[{"ELEMENT":"0.2627484663726256-1"}]}
2018-12-05T00:42:44.078Z [[32minfo[39m] 	234 Sending GET request to http://localhost:9516/session/404715e310d87c0d1ed4581c3418c28c/element/0.2627484663726256-1/displayed:  {}
2018-12-05T00:42:44.088Z [[32minfo[39m] 	235 Sending POST request to http://localhost:9516/session/404715e310d87c0d1ed4581c3418c28c/execute:  {"script":"return arguments[0].textContent","args":[{"ELEMENT":"0.2627484663726256-1"}]}
2018-12-05T00:42:44.149Z [[32minfo[39m] 	236 Sending elements request to http://localhost:9516/session/404715e310d87c0d1ed4581c3418c28c:  {"using":"xpath","value":"/html"}
2018-12-05T00:42:44.149Z [[32minfo[39m] 	236 Elements locator: {"value":"/html","using":"xpath"}
2018-12-05T00:42:44.160Z [[32minfo[39m] 	236 Elements response: {"sessionId":"404715e310d87c0d1ed4581c3418c28c","status":0,"value":[{"ELEMENT":"0.2627484663726256-1"}]}
2018-12-05T00:42:44.163Z [[32minfo[39m] 	237 Sending GET request to http://localhost:9516/session/404715e310d87c0d1ed4581c3418c28c/element/0.2627484663726256-1/displayed:  {}
2018-12-05T00:42:44.173Z [[32minfo[39m] 	238 Sending GET request to http://localhost:9516/session/404715e310d87c0d1ed4581c3418c28c/element/0.2627484663726256-1/text:  {}
2018-12-05T00:42:44.193Z [[32minfo[39m] 	239 Sending elements request to http://localhost:9516/session/404715e310d87c0d1ed4581c3418c28c:  {"using":"xpath","value":"/html"}
2018-12-05T00:42:44.194Z [[32minfo[39m] 	239 Elements locator: {"value":"/html","using":"xpath"}
2018-12-05T00:42:44.202Z [[32minfo[39m] 	239 Elements response: {"sessionId":"404715e310d87c0d1ed4581c3418c28c","status":0,"value":[{"ELEMENT":"0.2627484663726256-1"}]}
2018-12-05T00:42:44.204Z [[32minfo[39m] 	240 Sending GET request to http://localhost:9516/session/404715e310d87c0d1ed4581c3418c28c/element/0.2627484663726256-1/displayed:  {}
2018-12-05T00:42:44.214Z [[32minfo[39m] 	241 Sending POST request to http://localhost:9516/session/404715e310d87c0d1ed4581c3418c28c/execute:  {"script":"return arguments[0].textContent","args":[{"ELEMENT":"0.2627484663726256-1"}]}
2018-12-05T00:42:44.275Z [[32minfo[39m] 	242 Sending elements request to http://localhost:9516/session/404715e310d87c0d1ed4581c3418c28c:  {"using":"xpath","value":"/html"}
2018-12-05T00:42:44.276Z [[32minfo[39m] 	242 Elements locator: {"value":"/html","using":"xpath"}
2018-12-05T00:42:44.289Z [[32minfo[39m] 	242 Elements response: {"sessionId":"404715e310d87c0d1ed4581c3418c28c","status":0,"value":[{"ELEMENT":"0.2627484663726256-1"}]}
2018-12-05T00:42:44.291Z [[32minfo[39m] 	243 Sending GET request to http://localhost:9516/session/404715e310d87c0d1ed4581c3418c28c/element/0.2627484663726256-1/displayed:  {}
2018-12-05T00:42:44.302Z [[32minfo[39m] 	244 Sending GET request to http://localhost:9516/session/404715e310d87c0d1ed4581c3418c28c/element/0.2627484663726256-1/text:  {}
2018-12-05T00:42:44.318Z [[32minfo[39m] 	245 Sending elements request to http://localhost:9516/session/404715e310d87c0d1ed4581c3418c28c:  {"using":"xpath","value":"/html"}
2018-12-05T00:42:44.318Z [[32minfo[39m] 	245 Elements locator: {"value":"/html","using":"xpath"}
2018-12-05T00:42:44.326Z [[32minfo[39m] 	245 Elements response: {"sessionId":"404715e310d87c0d1ed4581c3418c28c","status":0,"value":[{"ELEMENT":"0.2627484663726256-1"}]}
2018-12-05T00:42:44.329Z [[32minfo[39m] 	246 Sending GET request to http://localhost:9516/session/404715e310d87c0d1ed4581c3418c28c/element/0.2627484663726256-1/displayed:  {}
2018-12-05T00:42:44.339Z [[32minfo[39m] 	247 Sending POST request to http://localhost:9516/session/404715e310d87c0d1ed4581c3418c28c/execute:  {"script":"return arguments[0].textContent","args":[{"ELEMENT":"0.2627484663726256-1"}]}
2018-12-05T00:42:44.400Z [[32minfo[39m] 	248 Sending elements request to http://localhost:9516/session/404715e310d87c0d1ed4581c3418c28c:  {"using":"xpath","value":"/html"}
2018-12-05T00:42:44.400Z [[32minfo[39m] 	248 Elements locator: {"value":"/html","using":"xpath"}
2018-12-05T00:42:44.409Z [[32minfo[39m] 	248 Elements response: {"sessionId":"404715e310d87c0d1ed4581c3418c28c","status":0,"value":[{"ELEMENT":"0.2627484663726256-1"}]}
2018-12-05T00:42:44.411Z [[32minfo[39m] 	249 Sending GET request to http://localhost:9516/session/404715e310d87c0d1ed4581c3418c28c/element/0.2627484663726256-1/displayed:  {}
2018-12-05T00:42:44.421Z [[32minfo[39m] 	250 Sending GET request to http://localhost:9516/session/404715e310d87c0d1ed4581c3418c28c/element/0.2627484663726256-1/text:  {}
2018-12-05T00:42:44.443Z [[32minfo[39m] 	251 Sending elements request to http://localhost:9516/session/404715e310d87c0d1ed4581c3418c28c:  {"using":"xpath","value":"/html"}
2018-12-05T00:42:44.443Z [[32minfo[39m] 	251 Elements locator: {"value":"/html","using":"xpath"}
2018-12-05T00:42:44.454Z [[32minfo[39m] 	251 Elements response: {"sessionId":"404715e310d87c0d1ed4581c3418c28c","status":0,"value":[{"ELEMENT":"0.2627484663726256-1"}]}
2018-12-05T00:42:44.457Z [[32minfo[39m] 	252 Sending GET request to http://localhost:9516/session/404715e310d87c0d1ed4581c3418c28c/element/0.2627484663726256-1/displayed:  {}
2018-12-05T00:42:44.470Z [[32minfo[39m] 	253 Sending POST request to http://localhost:9516/session/404715e310d87c0d1ed4581c3418c28c/execute:  {"script":"return arguments[0].textContent","args":[{"ELEMENT":"0.2627484663726256-1"}]}
2018-12-05T00:42:44.533Z [[32minfo[39m] 	254 Sending elements request to http://localhost:9516/session/404715e310d87c0d1ed4581c3418c28c:  {"using":"xpath","value":"/html"}
2018-12-05T00:42:44.533Z [[32minfo[39m] 	254 Elements locator: {"value":"/html","using":"xpath"}
2018-12-05T00:42:44.543Z [[32minfo[39m] 	254 Elements response: {"sessionId":"404715e310d87c0d1ed4581c3418c28c","status":0,"value":[{"ELEMENT":"0.2627484663726256-1"}]}
2018-12-05T00:42:44.545Z [[32minfo[39m] 	255 Sending GET request to http://localhost:9516/session/404715e310d87c0d1ed4581c3418c28c/element/0.2627484663726256-1/displayed:  {}
2018-12-05T00:42:44.557Z [[32minfo[39m] 	256 Sending GET request to http://localhost:9516/session/404715e310d87c0d1ed4581c3418c28c/element/0.2627484663726256-1/text:  {}
2018-12-05T00:42:44.580Z [[32minfo[39m] 	257 Sending elements request to http://localhost:9516/session/404715e310d87c0d1ed4581c3418c28c:  {"using":"xpath","value":"/html"}
2018-12-05T00:42:44.581Z [[32minfo[39m] 	257 Elements locator: {"value":"/html","using":"xpath"}
2018-12-05T00:42:44.590Z [[32minfo[39m] 	257 Elements response: {"sessionId":"404715e310d87c0d1ed4581c3418c28c","status":0,"value":[{"ELEMENT":"0.2627484663726256-1"}]}
2018-12-05T00:42:44.593Z [[32minfo[39m] 	258 Sending GET request to http://localhost:9516/session/404715e310d87c0d1ed4581c3418c28c/element/0.2627484663726256-1/displayed:  {}
2018-12-05T00:42:44.606Z [[32minfo[39m] 	259 Sending POST request to http://localhost:9516/session/404715e310d87c0d1ed4581c3418c28c/execute:  {"script":"return arguments[0].textContent","args":[{"ELEMENT":"0.2627484663726256-1"}]}
2018-12-05T00:42:44.635Z [[32minfo[39m] 	260 Sending GET request to http://localhost:9516/session/404715e310d87c0d1ed4581c3418c28c/window_handles:  {}
2018-12-05T00:42:44.641Z [[32minfo[39m] 	261 Sending POST request to http://localhost:9516/session/404715e310d87c0d1ed4581c3418c28c/window:  {"name":"CDwindow-20791FA2D8A352FB41AA640C99AE4037"}
2018-12-05T00:42:44.647Z [[32minfo[39m] 	262 Sending GET request to http://localhost:9516/session/404715e310d87c0d1ed4581c3418c28c/window_handles:  {}
2018-12-05T00:42:44.652Z [[32minfo[39m] 	263 Sending POST request to http://localhost:9516/session/404715e310d87c0d1ed4581c3418c28c/goog/cdp/execute:  {"cmd":"Network.clearBrowserCookies","params":{}}
2018-12-05T00:42:44.667Z [[32minfo[39m] 	264 Sending DELETE request to http://localhost:9516/session/404715e310d87c0d1ed4581c3418c28c/session_storage:  {}
2018-12-05T00:42:44.673Z [[32minfo[39m] 	265 Sending DELETE request to http://localhost:9516/session/404715e310d87c0d1ed4581c3418c28c/local_storage:  {}
2018-12-05T00:42:44.680Z [[32minfo[39m] 	266 Sending POST request to http://localhost:9516/session/404715e310d87c0d1ed4581c3418c28c/url:  {"url":"about:blank"}
2018-12-05T00:42:44.763Z [[32minfo[39m] 	267 Sending elements request to http://localhost:9516/session/404715e310d87c0d1ed4581c3418c28c:  {"using":"xpath","value":"/html/body/*"}
2018-12-05T00:42:44.764Z [[32minfo[39m] 	267 Elements locator: {"value":"/html/body/*","using":"xpath"}
2018-12-05T00:42:44.785Z [[32minfo[39m] 	267 Elements response: {"sessionId":"404715e310d87c0d1ed4581c3418c28c","status":0,"value":[]}
2018-12-05T00:42:44.821Z [[32minfo[39m] 	268 Sending DELETE request to http://localhost:9516/session/404715e310d87c0d1ed4581c3418c28c:  {}
2018-12-05T00:42:44.956Z [[32minfo[39m] 	Sync elements
2018-12-05T00:42:46.291Z [[32minfo[39m] 	Stopping driver
