2018-12-04T23:55:27.302Z [[32minfo[39m] 	Starting TrueAutomation.IO client
2018-12-04T23:55:27.304Z [[32minfo[39m] 	API key: cf2038a3-013f-4b20-9362-8f0c1b91919d
2018-12-04T23:55:27.304Z [[32minfo[39m] 	Project name: TAEP-homepage
2018-12-04T23:55:27.304Z [[32minfo[39m] 	Cloud server: https://app.trueautomation.io
2018-12-04T23:55:27.304Z [[32minfo[39m] 	Starting chromeDriver /Users/delight/.trueautomation/chromedriver/chromedriver_mac64_2.44 on port 9516...
2018-12-04T23:55:27.858Z [[32minfo[39m] 	TrueAutomation.IO Client is listening on port 9515
2018-12-04T23:55:31.552Z [[32minfo[39m] 	0 Create session response: {"sessionId":"6bee021dfc4535537636163f2eae9105","status":0,"value":{"acceptInsecureCerts":false,"acceptSslCerts":false,"applicationCacheEnabled":false,"browserConnectionEnabled":false,"browserName":"chrome","chrome":{"chromedriverVersion":"2.44.609545 (c2f88692e98ce7233d2df7c724465ecacfe74df5)","userDataDir":"/var/folders/s2/z5gqzlh91gq2thydw9h4p3yh0000gn/T/.org.chromium.Chromium.2tGV0W"},"cssSelectorsEnabled":true,"databaseEnabled":false,"goog:chromeOptions":{"debuggerAddress":"localhost:58191"},"handlesAlerts":true,"hasTouchScreen":false,"javascriptEnabled":true,"locationContextEnabled":true,"mobileEmulationEnabled":false,"nativeEvents":true,"networkConnectionEnabled":false,"pageLoadStrategy":"normal","platform":"Mac OS X","rotatable":false,"setWindowRect":true,"takesHeapSnapshot":true,"takesScreenshot":true,"unexpectedAlertBehaviour":"ignore","version":"70.0.3538.110","webStorageEnabled":true}}
2018-12-04T23:55:31.575Z [[32minfo[39m] 	1 Sending POST request to http://localhost:9516/session/6bee021dfc4535537636163f2eae9105/url:  {"url":"https://trueautomation.io/"}
2018-12-04T23:55:42.119Z [[32minfo[39m] 	2 Sending elements request to http://localhost:9516/session/6bee021dfc4535537636163f2eae9105:  {"using":"css selector","value":"__taonly__trueautomationio:home:loginBtn__taonly__"}
2018-12-04T23:55:42.304Z [[32minfo[39m] 	2 Enum nodes response:  {"sessionId":"6bee021dfc4535537636163f2e
2018-12-04T23:55:42.493Z [[32minfo[39m] 	2 Elements locator: {"value":"/*[1]/*[2]/*[1]/*[1]/*[1]/*[2]/*[1]/*[2]/*[1]","using":"xpath"}
2018-12-04T23:55:42.551Z [[32minfo[39m] 	2 Elements response: {"sessionId":"6bee021dfc4535537636163f2eae9105","status":0,"value":[{"ELEMENT":"0.49346966376911183-1"}]}
2018-12-04T23:55:42.559Z [[32minfo[39m] 	3 Sending GET request to http://localhost:9516/session/6bee021dfc4535537636163f2eae9105/element/0.49346966376911183-1/displayed:  {}
2018-12-04T23:55:42.581Z [[32minfo[39m] 	4 Sending POST request to http://localhost:9516/session/6bee021dfc4535537636163f2eae9105/element/0.49346966376911183-1/click:  {}
2018-12-04T23:55:44.780Z [[32minfo[39m] 	5 Sending elements request to http://localhost:9516/session/6bee021dfc4535537636163f2eae9105:  {"using":"xpath","value":"./descendant::*[self::input | self::textarea][not(((((((./@type = 'submit') or (./@type = 'image')) or (./@type = 'radio')) or (./@type = 'checkbox')) or (./@type = 'hidden')) or (./@type = 'file')))][((((./@id = '__taonly__trueautomationio:auth:signin:EmailField__taonly__') or (./@name = '__taonly__trueautomationio:auth:signin:EmailField__taonly__')) or (./@placeholder = '__taonly__trueautomationio:auth:signin:EmailField__taonly__')) or (./@id = //label[(normalize-space(string(.)) = '__taonly__trueautomationio:auth:signin:EmailField__taonly__')]/@for))] | .//label[(normalize-space(string(.)) = '__taonly__trueautomationio:auth:signin:EmailField__taonly__')]//./descendant::*[self::input | self::textarea][not(((((((./@type = 'submit') or (./@type = 'image')) or (./@type = 'radio')) or (./@type = 'checkbox')) or (./@type = 'hidden')) or (./@type = 'file')))]"}
2018-12-04T23:55:44.810Z [[32minfo[39m] 	5 Enum nodes response:  {"sessionId":"6bee021dfc4535537636163f2e
2018-12-04T23:55:44.840Z [[32minfo[39m] 	5 Elements locator: {"value":"/*[1]/*[2]/*[1]/*[2]/*[3]/*[2]/*[1]","using":"xpath"}
2018-12-04T23:55:44.858Z [[32minfo[39m] 	5 Elements response: {"sessionId":"6bee021dfc4535537636163f2eae9105","status":0,"value":[{"ELEMENT":"0.28920579818762016-1"}]}
2018-12-04T23:55:44.863Z [[32minfo[39m] 	6 Sending GET request to http://localhost:9516/session/6bee021dfc4535537636163f2eae9105/element/0.28920579818762016-1/displayed:  {}
2018-12-04T23:55:44.881Z [[32minfo[39m] 	7 Sending GET request to http://localhost:9516/session/6bee021dfc4535537636163f2eae9105/element/0.28920579818762016-1/enabled:  {}
2018-12-04T23:55:44.895Z [[32minfo[39m] 	8 Sending GET request to http://localhost:9516/session/6bee021dfc4535537636163f2eae9105/element/0.28920579818762016-1/name:  {}
2018-12-04T23:55:44.904Z [[32minfo[39m] 	9 Sending GET request to http://localhost:9516/session/6bee021dfc4535537636163f2eae9105/element/0.28920579818762016-1/attribute/readonly:  {}
2018-12-04T23:55:44.913Z [[32minfo[39m] 	10 Sending GET request to http://localhost:9516/session/6bee021dfc4535537636163f2eae9105/element/0.28920579818762016-1/name:  {}
2018-12-04T23:55:44.921Z [[32minfo[39m] 	11 Sending GET request to http://localhost:9516/session/6bee021dfc4535537636163f2eae9105/element/0.28920579818762016-1/attribute/type:  {}
2018-12-04T23:55:44.932Z [[32minfo[39m] 	12 Sending POST request to http://localhost:9516/session/6bee021dfc4535537636163f2eae9105/execute:  {"script":"arguments[0].value = ''","args":[{"ELEMENT":"0.28920579818762016-1"}]}
2018-12-04T23:55:44.942Z [[32minfo[39m] 	13 Sending POST request to http://localhost:9516/session/6bee021dfc4535537636163f2eae9105/element/0.28920579818762016-1/value:  {"value":["stas.odessa@ua.fm"]}
2018-12-04T23:55:45.086Z [[32minfo[39m] 	14 Sending elements request to http://localhost:9516/session/6bee021dfc4535537636163f2eae9105:  {"using":"xpath","value":"./descendant::*[self::input | self::textarea][not(((((((./@type = 'submit') or (./@type = 'image')) or (./@type = 'radio')) or (./@type = 'checkbox')) or (./@type = 'hidden')) or (./@type = 'file')))][((((./@id = '__taonly__trueautomationio:auth:signin:PasswordField__taonly__') or (./@name = '__taonly__trueautomationio:auth:signin:PasswordField__taonly__')) or (./@placeholder = '__taonly__trueautomationio:auth:signin:PasswordField__taonly__')) or (./@id = //label[(normalize-space(string(.)) = '__taonly__trueautomationio:auth:signin:PasswordField__taonly__')]/@for))] | .//label[(normalize-space(string(.)) = '__taonly__trueautomationio:auth:signin:PasswordField__taonly__')]//./descendant::*[self::input | self::textarea][not(((((((./@type = 'submit') or (./@type = 'image')) or (./@type = 'radio')) or (./@type = 'checkbox')) or (./@type = 'hidden')) or (./@type = 'file')))]"}
2018-12-04T23:55:45.107Z [[32minfo[39m] 	14 Enum nodes response:  {"sessionId":"6bee021dfc4535537636163f2e
2018-12-04T23:55:45.125Z [[32minfo[39m] 	14 Elements locator: {"value":"/*[1]/*[2]/*[1]/*[2]/*[3]/*[3]/*[1]","using":"xpath"}
2018-12-04T23:55:45.140Z [[32minfo[39m] 	14 Elements response: {"sessionId":"6bee021dfc4535537636163f2eae9105","status":0,"value":[{"ELEMENT":"0.28920579818762016-2"}]}
2018-12-04T23:55:45.143Z [[32minfo[39m] 	15 Sending GET request to http://localhost:9516/session/6bee021dfc4535537636163f2eae9105/element/0.28920579818762016-2/displayed:  {}
2018-12-04T23:55:45.160Z [[32minfo[39m] 	16 Sending GET request to http://localhost:9516/session/6bee021dfc4535537636163f2eae9105/element/0.28920579818762016-2/enabled:  {}
2018-12-04T23:55:45.173Z [[32minfo[39m] 	17 Sending GET request to http://localhost:9516/session/6bee021dfc4535537636163f2eae9105/element/0.28920579818762016-2/name:  {}
2018-12-04T23:55:45.182Z [[32minfo[39m] 	18 Sending GET request to http://localhost:9516/session/6bee021dfc4535537636163f2eae9105/element/0.28920579818762016-2/attribute/readonly:  {}
2018-12-04T23:55:45.191Z [[32minfo[39m] 	19 Sending GET request to http://localhost:9516/session/6bee021dfc4535537636163f2eae9105/element/0.28920579818762016-2/name:  {}
2018-12-04T23:55:45.198Z [[32minfo[39m] 	20 Sending GET request to http://localhost:9516/session/6bee021dfc4535537636163f2eae9105/element/0.28920579818762016-2/attribute/type:  {}
2018-12-04T23:55:45.207Z [[32minfo[39m] 	21 Sending POST request to http://localhost:9516/session/6bee021dfc4535537636163f2eae9105/execute:  {"script":"arguments[0].value = ''","args":[{"ELEMENT":"0.28920579818762016-2"}]}
2018-12-04T23:55:45.219Z [[32minfo[39m] 	22 Sending POST request to http://localhost:9516/session/6bee021dfc4535537636163f2eae9105/element/0.28920579818762016-2/value:  {"value":["7167276Ss"]}
2018-12-04T23:55:45.288Z [[32minfo[39m] 	23 Sending elements request to http://localhost:9516/session/6bee021dfc4535537636163f2eae9105:  {"using":"css selector","value":"__taonly__trueautomationio:auth:signin:LoginBtn__taonly__"}
2018-12-04T23:55:45.306Z [[32minfo[39m] 	23 Enum nodes response:  {"sessionId":"6bee021dfc4535537636163f2e
2018-12-04T23:55:45.323Z [[32minfo[39m] 	23 Elements locator: {"value":"/*[1]/*[2]/*[1]/*[2]/*[3]/*[5]","using":"xpath"}
2018-12-04T23:55:45.340Z [[32minfo[39m] 	23 Elements response: {"sessionId":"6bee021dfc4535537636163f2eae9105","status":0,"value":[{"ELEMENT":"0.28920579818762016-3"}]}
2018-12-04T23:55:45.342Z [[32minfo[39m] 	24 Sending GET request to http://localhost:9516/session/6bee021dfc4535537636163f2eae9105/element/0.28920579818762016-3/displayed:  {}
2018-12-04T23:55:45.361Z [[32minfo[39m] 	25 Sending POST request to http://localhost:9516/session/6bee021dfc4535537636163f2eae9105/element/0.28920579818762016-3/click:  {}
2018-12-04T23:55:47.916Z [[32minfo[39m] 	26 Sending elements request to http://localhost:9516/session/6bee021dfc4535537636163f2eae9105:  {"using":"css selector","value":"#app > div > div > div > div > ul > li > span"}
2018-12-04T23:55:47.916Z [[32minfo[39m] 	26 Elements locator: {"value":"#app > div > div > div > div > ul > li > span","using":"css selector"}
2018-12-04T23:55:47.942Z [[32minfo[39m] 	26 Elements response: {"sessionId":"6bee021dfc4535537636163f2eae9105","status":0,"value":[{"ELEMENT":"0.08683276879538893-1"}]}
2018-12-04T23:55:47.945Z [[32minfo[39m] 	27 Sending GET request to http://localhost:9516/session/6bee021dfc4535537636163f2eae9105/element/0.08683276879538893-1/displayed:  {}
2018-12-04T23:55:47.973Z [[32minfo[39m] 	28 Sending GET request to http://localhost:9516/session/6bee021dfc4535537636163f2eae9105/window_handles:  {}
2018-12-04T23:55:47.980Z [[32minfo[39m] 	29 Sending POST request to http://localhost:9516/session/6bee021dfc4535537636163f2eae9105/window:  {"name":"CDwindow-B0117F49B4F2C81AF9CE10BE8D4B52DA"}
2018-12-04T23:55:47.988Z [[32minfo[39m] 	30 Sending GET request to http://localhost:9516/session/6bee021dfc4535537636163f2eae9105/window_handles:  {}
2018-12-04T23:55:47.994Z [[32minfo[39m] 	31 Sending POST request to http://localhost:9516/session/6bee021dfc4535537636163f2eae9105/goog/cdp/execute:  {"cmd":"Network.clearBrowserCookies","params":{}}
2018-12-04T23:55:48.048Z [[32minfo[39m] 	32 Sending DELETE request to http://localhost:9516/session/6bee021dfc4535537636163f2eae9105/session_storage:  {}
2018-12-04T23:55:48.065Z [[32minfo[39m] 	33 Sending DELETE request to http://localhost:9516/session/6bee021dfc4535537636163f2eae9105/local_storage:  {}
2018-12-04T23:55:48.083Z [[32minfo[39m] 	34 Sending POST request to http://localhost:9516/session/6bee021dfc4535537636163f2eae9105/url:  {"url":"about:blank"}
2018-12-04T23:55:48.141Z [[32minfo[39m] 	35 Sending elements request to http://localhost:9516/session/6bee021dfc4535537636163f2eae9105:  {"using":"xpath","value":"/html/body/*"}
2018-12-04T23:55:48.141Z [[32minfo[39m] 	35 Elements locator: {"value":"/html/body/*","using":"xpath"}
2018-12-04T23:55:48.159Z [[32minfo[39m] 	35 Elements response: {"sessionId":"6bee021dfc4535537636163f2eae9105","status":0,"value":[]}
2018-12-04T23:55:48.165Z [[32minfo[39m] 	36 Sending DELETE request to http://localhost:9516/session/6bee021dfc4535537636163f2eae9105:  {}
2018-12-04T23:55:48.267Z [[32minfo[39m] 	Sync elements
2018-12-04T23:55:49.743Z [[32minfo[39m] 	Stopping driver
